0 0.514
1 0.0
2 0.0
3 0.0
4 0.0
5 0.0
6 0.0
7 0.0
8 0.0
9 0.514
10 0.514
11 0.514
12 1.03
13 1.03
14 1.03
15 1.54
16 1.03
17 0.514
18 0.514
19 0.514
20 1.03
21 1.03
22 1.03
23 3.62
24 2.57
25 1.54
26 2.55
27 2.06
28 2.06
29 3.62
30 3.6
31 3.6
32 3.08
33 3.6
34 3.6
35 4.11
36 3.6
37 1.52
38 0.514
39 0.514
40 0.514
41 0.514
42 0.514
43 0.0
44 0.514
45 0.514
46 0.514
47 1.03
48 1.54
49 1.03
50 1.03
51 1.54
52 0.514
53 0.0
54 0.0
55 0.0
56 0.0
57 0.0
58 0.0
59 0.0
60 0.0
61 0.0
62 0.0
63 0.0
64 0.0
65 0.0
66 0.0
67 0.0
68 0.0
69 0.0
70 0.0
71 0.0
72 0.0
73 0.0
74 0.0
75 0.0
76 1.54
77 3.1
78 6.29
79 4.19
80 4.19
81 6.29
82 1.11
83 0.0
84 0.0
85 0.0
86 0.0
87 0.0
88 0.514
89 1.03
90 0.514
91 0.514
92 1.03
93 0.514
94 1.03
95 0.514
96 1.03
97 1.54
98 1.54
99 1.54
100 1.03
101 0.0
102 0.0
103 0.0
104 0.0
105 0.0
106 0.0
107 0.0
108 0.0
109 0.0
110 0.0
111 0.0
112 0.0
113 0.0
114 0.0
115 0.0
116 0.0
117 0.0
118 0.0
119 0.0
120 0.0
121 0.0
122 0.0
123 0.0
124 0.0
125 0.0
126 0.0
127 0.0
128 0.0
129 0.0
130 0.0
131 0.0
132 0.0
133 0.0
134 0.0
135 0.514
136 0.514
137 0.0
138 0.514
139 0.0
140 0.514
141 0.514
142 1.03
143 1.54
144 1.54
145 1.03
146 1.03
147 2.59
148 2.55
149 4.13
150 4.19
151 4.19
152 3.95
153 4.11
154 2.04
155 3.1
156 2.57
157 1.01
158 1.54
159 2.06
160 2.57
161 1.54
162 3.62
163 3.08
164 2.04
165 3.62
166 3.6
167 4.15
168 4.19
169 3.48
170 3.6
171 3.08
172 1.52
173 1.03
174 1.54
175 1.54
176 1.54
177 2.06
178 2.06
179 2.06
180 1.54
181 1.54
182 1.03
183 1.03
184 1.03
185 0.514
186 0.0
187 0.514
188 1.03
189 1.54
190 3.1
191 3.6
192 4.15
193 4.11
194 3.56
195 4.11
196 4.19
197 6.29
198 6.29
199 4.19
200 6.29
201 6.29
202 5.6
203 4.19
204 1.89
205 2.57
206 3.08
207 4.19
208 6.29
209 3.91
210 3.6
211 4.11
212 3.6
213 2.04
214 2.57
215 3.62
216 3.08
217 1.01
218 4.13
219 3.08
220 2.04
221 2.08
222 3.08
223 2.57
224 2.57
225 1.52
226 2.06
227 2.06
228 2.57
229 2.06
230 1.54
231 1.54
232 1.54
233 1.03
234 0.514
235 1.54
236 1.03
237 0.514
238 1.03
239 1.03
240 1.54
241 1.03
242 0.514
243 0.514
244 0.514
245 1.03
246 1.03
247 1.03
248 0.514
249 0.514
