0 5.24
1 8.39
2 5.24
3 6.29
4 3.15
5 7.34
6 6.29
7 7.34
8 1.94
9 1.01
10 1.03
11 0.514
12 0.514
13 1.03
14 0.0
15 0.514
16 0.514
17 0.0
18 0.0
19 0.0
20 0.0
21 0.0
22 0.0
23 0.0
24 0.0
25 0.0
26 0.0
27 0.0
28 0.0
29 0.0
30 0.0
31 0.0
32 0.0
33 0.0
34 0.0
35 0.0
36 0.0
37 0.0
38 0.0
39 0.0
40 0.0
41 0.0
42 0.0
43 0.0
44 0.0
45 0.0
46 0.0
47 0.0
48 0.0
49 0.0
50 0.0
51 0.0
52 0.0
53 0.0
54 0.0
55 0.0
56 0.0
57 0.0
58 0.0
59 0.0
60 0.0
61 0.0
62 0.0
63 1.03
64 1.03
65 2.06
66 2.06
67 1.54
68 2.06
69 2.06
70 1.54
71 2.06
72 2.08
73 1.52
74 1.54
75 2.06
76 0.514
77 0.0
78 0.514
79 0.514
80 0.514
81 0.514
82 0.514
83 0.0
84 0.514
85 0.514
86 0.0
87 0.514
88 0.514
89 0.514
90 0.0
91 1.03
92 0.514
93 1.03
94 1.54
95 2.06
96 1.03
97 0.0
98 0.0
99 0.0
100 0.0
101 0.0
102 0.0
103 0.0
104 0.0
105 0.0
106 0.0
107 0.0
108 0.0
109 0.514
110 1.03
111 0.514
112 1.03
113 2.06
114 2.59
115 1.54
116 1.52
117 2.06
118 1.54
119 1.54
120 1.54
121 1.03
122 3.1
123 3.08
124 3.6
125 4.19
126 6.29
127 4.19
128 4.19
129 2.72
130 3.6
131 3.6
132 2.04
133 4.19
134 5.68
135 2.98
136 1.54
137 1.03
138 1.03
139 0.514
140 0.514
141 0.514
142 1.03
143 1.03
144 1.03
145 1.03
146 1.03
147 1.03
148 2.57
149 1.54
150 1.03
151 1.03
152 2.57
153 4.13
154 4.19
155 8.39
156 4.19
157 6.29
158 5.24
159 4.19
160 7.34
161 4.19
162 4.19
163 5.27
164 3.15
165 4.19
166 2.9
167 3.08
168 4.69
169 4.19
170 4.01
171 3.56
172 5.24
173 3.0
174 3.04
175 2.59
176 3.08
177 3.15
178 5.24
179 6.29
180 2.26
181 0.514
182 0.0
183 0.0
184 0.0
185 0.0
186 0.0
187 0.0
188 0.0
189 0.0
190 0.0
191 0.0
192 0.0
193 0.0
194 0.0
195 0.0
196 0.0
197 0.0
198 0.0
199 1.03
200 2.06
201 2.57
202 1.54
203 2.06
204 1.03
205 1.03
206 1.03
207 1.03
208 1.03
209 0.514
210 2.06
211 1.03
212 1.03
213 1.03
214 1.03
215 1.03
216 1.03
217 0.514
218 1.03
219 1.03
220 0.514
221 1.03
222 1.03
223 1.03
224 0.514
225 1.03
226 0.514
227 1.03
228 1.03
229 1.54
230 3.1
231 0.494
232 3.62
233 2.57
234 2.59
235 3.58
236 1.01
237 1.54
238 1.54
239 1.03
240 0.514
241 0.514
242 1.03
243 0.514
244 1.54
245 0.514
246 0.514
247 0.514
248 1.03
249 1.03
