0 2.57
1 2.55
2 2.06
3 1.54
4 1.54
5 1.03
6 1.03
7 0.0
8 0.514
9 0.514
10 0.0
11 0.514
12 0.0
13 0.0
14 0.514
15 0.0
16 0.0
17 0.0
18 0.0
19 0.0
20 0.0
21 0.0
22 0.514
23 0.514
24 0.514
25 0.514
26 0.514
27 1.03
28 0.514
29 0.514
30 0.0
31 0.0
32 0.0
33 0.514
34 0.514
35 0.0
36 0.514
37 1.03
38 0.514
39 1.03
40 2.06
41 3.62
42 5.18
43 6.29
44 6.29
45 6.29
46 5.24
47 3.07
48 1.54
49 2.06
50 2.06
51 1.54
52 2.06
53 2.06
54 0.514
55 2.06
56 1.54
57 3.1
58 1.52
59 2.06
60 1.54
61 3.1
62 1.01
63 1.03
64 2.06
65 1.54
66 1.54
67 1.54
68 2.57
69 2.57
70 3.62
71 4.15
72 3.04
73 1.52
74 1.54
75 2.06
76 1.54
77 0.514
78 0.514
79 1.03
80 1.03
81 0.514
82 0.0
83 0.0
84 0.0
85 0.0
86 0.514
87 0.0
88 0.514
89 0.0
90 0.0
91 0.0
92 0.514
93 0.0
94 1.03
95 0.514
96 0.0
97 0.0
98 0.0
99 0.0
100 0.0
101 0.0
102 0.0
103 0.0
104 0.0
105 0.0
106 0.0
107 0.0
108 0.0
109 0.0
110 0.0
111 0.0
112 0.0
113 0.0
114 0.0
115 0.0
116 0.0
117 0.0
118 0.0
119 0.0
120 0.0
121 0.0
122 0.0
123 0.0
124 0.0
125 0.0
126 0.0
127 0.514
128 0.514
129 1.54
130 1.03
131 1.03
132 1.54
133 0.514
134 0.514
135 1.03
136 0.514
137 0.514
138 0.514
139 0.514
140 1.03
141 1.54
142 2.08
143 3.08
144 3.64
145 5.7
146 4.19
147 3.95
148 4.19
149 6.29
150 4.19
151 4.19
152 3.23
153 6.29
154 6.29
155 6.29
156 7.34
157 6.29
158 6.56
159 4.19
160 4.19
161 3.95
162 3.6
163 3.6
164 4.15
165 6.29
166 3.48
167 1.48
168 1.54
169 1.54
170 1.54
171 1.03
172 1.03
173 1.03
174 0.514
175 1.03
176 0.514
177 0.514
178 0.514
179 1.03
180 0.514
181 1.54
182 0.514
183 1.03
184 0.514
185 1.03
186 2.06
187 1.54
188 1.54
189 3.1
190 1.52
191 3.62
192 2.55
193 3.1
194 2.57
195 1.54
196 3.08
197 2.04
198 1.03
199 1.03
200 1.03
201 1.03
202 1.03
203 1.54
204 1.03
205 1.03
206 1.54
207 1.54
208 2.06
209 1.54
210 2.06
211 1.03
212 1.03
213 1.03
214 0.514
215 1.03
216 1.54
217 2.08
218 1.52
219 1.54
220 1.03
221 1.03
222 1.03
223 2.06
224 1.54
225 1.03
226 0.514
227 1.03
228 1.03
229 1.03
230 1.54
231 1.03
232 0.514
233 0.514
234 0.514
235 0.514
236 0.0
237 0.514
238 0.514
239 0.0
240 0.514
241 0.0
242 0.514
243 1.03
244 2.08
245 2.57
246 3.6
247 3.6
248 4.11
249 4.19
