0 1.95
1 0.5730000000000001
2 1.63
3 6.29
4 1.25
5 3.6
6 1.52
7 3.62
8 3.08
9 2.04
10 2.57
11 2.06
12 2.06
13 2.06
14 1.54
15 2.06
16 1.54
17 1.54
18 3.62
19 3.08
20 3.64
21 3.04
22 3.6
23 2.04
24 3.62
25 3.08
26 3.08
27 4.11
28 1.54
29 3.6
30 3.08
31 3.08
32 2.04
33 0.0
34 0.0
35 0.0
36 0.0
37 0.0
38 0.0
39 0.0
40 0.0
41 0.0
42 0.0
43 0.0
44 0.0
45 0.0
46 0.514
47 0.0
48 0.514
49 0.514
50 2.06
51 1.03
52 1.03
53 0.514
54 0.514
55 0.514
56 0.514
57 1.03
58 1.03
59 2.57
60 3.1
61 3.08
62 2.57
63 3.6
64 2.55
65 2.06
66 1.54
67 1.54
68 1.54
69 1.03
70 1.54
71 1.03
72 3.1
73 3.08
74 2.04
75 3.1
76 3.08
77 1.01
78 1.54
79 2.57
80 3.62
81 3.08
82 2.04
83 2.06
84 1.54
85 1.54
86 1.54
87 1.03
88 1.03
89 1.03
90 1.54
91 1.03
92 1.03
93 2.59
94 3.08
95 5.74
96 4.03
97 2.04
98 2.06
99 2.06
100 1.03
101 1.54
102 2.08
103 0.494
104 1.03
105 1.03
106 0.514
107 0.514
108 1.54
109 1.03
110 1.54
111 2.57
112 3.62
113 3.64
114 3.56
115 4.15
116 6.29
117 4.19
118 3.87
119 3.6
120 3.08
121 4.19
122 2.49
123 6.29
124 4.19
125 4.19
126 6.29
127 4.19
128 3.62
129 3.08
130 3.08
131 3.08
132 3.08
133 3.6
134 4.11
135 3.08
136 3.6
137 2.04
138 0.514
139 1.03
140 1.03
141 1.54
142 1.03
143 1.54
144 1.54
145 1.03
146 1.54
147 1.54
148 1.54
149 1.03
150 2.06
151 1.03
152 1.54
153 1.03
154 1.03
155 1.03
156 0.514
157 1.03
158 1.03
159 1.03
160 1.03
161 0.514
162 1.03
163 1.03
164 1.03
165 1.03
166 1.03
167 0.514
168 1.54
169 3.1
170 3.64
171 6.29
172 3.44
173 3.08
174 3.6
175 3.6
176 4.19
177 4.03
178 3.6
179 4.11
180 4.11
181 1.01
182 1.05
183 2.57
184 1.52
185 1.54
186 0.0
187 0.514
188 0.0
189 0.0
190 0.514
191 0.514
192 0.514
193 0.0
194 0.514
195 0.514
196 0.0
197 0.514
198 0.0
199 0.0
200 0.0
201 0.0
202 0.0
203 0.0
204 0.0
205 0.514
206 1.03
207 1.54
208 3.1
209 1.54
210 4.63
211 0.494
212 2.57
213 0.514
214 1.54
215 3.1
216 1.52
217 1.54
218 2.57
219 2.59
220 3.08
221 1.52
222 1.03
223 0.0
224 0.514
225 0.514
226 0.514
227 0.0
228 0.0
229 1.03
230 0.514
231 1.54
232 1.03
233 1.54
234 1.03
235 2.06
236 1.54
237 1.03
238 1.54
239 1.54
240 1.54
241 1.54
242 1.03
243 0.514
244 1.03
245 0.514
246 1.03
247 0.0
248 0.514
249 0.0
