0 1.03
1 0.0
2 0.514
3 0.0
4 0.0
5 0.0
6 0.514
7 0.0
8 0.0
9 0.0
10 0.0
11 0.0
12 0.0
13 0.0
14 0.0
15 0.0
16 0.0
17 0.0
18 0.0
19 0.514
20 0.514
21 2.59
22 2.57
23 2.57
24 2.04
25 2.57
26 4.13
27 2.04
28 1.03
29 2.06
30 1.03
31 0.514
32 1.03
33 0.514
34 0.514
35 0.514
36 1.03
37 1.54
38 2.06
39 2.06
40 2.06
41 1.03
42 1.54
43 1.03
44 1.54
45 1.03
46 1.03
47 1.54
48 1.54
49 1.54
50 1.03
51 0.514
52 1.54
53 1.03
54 1.03
55 0.514
56 1.03
57 0.514
58 2.06
59 3.62
60 4.11
61 3.6
62 4.11
63 4.11
64 4.11
65 4.19
66 4.19
67 4.48
68 3.62
69 6.29
70 4.19
71 4.38
72 3.6
73 2.57
74 3.08
75 6.25
76 6.29
77 4.19
78 4.34
79 3.6
80 4.15
81 4.07
82 3.08
83 6.29
84 4.19
85 6.29
86 3.79
87 2.06
88 3.08
89 4.11
90 4.19
91 6.29
92 6.29
93 6.29
94 6.29
95 6.29
96 6.29
97 8.39
98 5.24
99 8.39
100 10.5
101 8.39
102 3.01
103 4.11
104 3.6
105 3.08
106 2.04
107 2.08
108 2.57
109 3.08
110 3.08
111 3.6
112 3.6
113 3.08
114 3.08
115 3.08
116 3.08
117 3.08
118 3.08
119 2.57
120 3.08
121 2.57
122 1.52
123 1.03
124 1.03
125 1.03
126 2.59
127 1.52
128 1.03
129 3.62
130 3.08
131 1.52
132 2.06
133 0.0
134 0.0
135 0.0
136 0.0
137 0.0
138 0.0
139 0.0
140 0.0
141 0.0
142 0.0
143 0.0
144 0.0
145 0.0
146 0.0
147 0.0
148 0.0
149 0.0
150 0.0
151 0.0
152 0.0
153 0.0
154 10.5
155 3.93
156 2.04
157 1.54
158 3.1
159 3.08
160 3.6
161 4.11
162 1.52
163 0.0
164 0.0
165 0.0
166 0.0
167 0.0
168 0.514
169 1.54
170 2.06
171 2.06
172 1.03
173 2.06
174 2.59
175 1.52
176 2.57
177 1.54
178 0.514
179 0.514
180 1.03
181 1.54
182 1.03
183 0.514
184 0.0
185 0.0
186 0.0
187 0.0
188 0.0
189 0.0
190 0.0
191 0.0
192 0.0
193 0.0
194 0.0
195 0.514
196 0.0
197 0.514
198 0.514
199 0.514
200 0.514
201 1.03
202 1.03
203 1.54
204 1.03
205 1.54
206 1.03
207 1.03
208 2.57
209 2.57
210 3.62
211 4.65
212 2.02
213 3.62
214 3.6
215 3.1
216 4.09
217 2.55
218 3.62
219 3.08
220 3.08
221 3.08
222 2.04
223 3.1
224 1.52
225 3.62
226 1.52
227 2.57
228 3.1
229 2.57
230 1.52
231 2.06
232 2.06
233 1.54
234 2.06
235 2.57
236 2.08
237 2.04
238 0.514
239 0.514
240 1.03
241 0.514
242 1.03
243 1.03
244 1.03
245 1.03
246 1.54
247 1.03
248 0.514
249 0.514
