0 3.08
1 4.15
2 4.11
3 4.11
4 2.0
5 3.1
6 3.6
7 4.11
8 6.72
9 5.24
10 3.46
11 3.08
12 4.11
13 2.57
14 1.52
15 3.62
16 2.04
17 1.54
18 1.54
19 1.03
20 2.06
21 1.03
22 1.54
23 0.0
24 0.0
25 0.0
26 0.0
27 0.0
28 0.0
29 0.514
30 1.03
31 1.03
32 2.08
33 1.52
34 1.54
35 2.06
36 3.1
37 2.57
38 3.6
39 3.08
40 0.494
41 1.03
42 0.514
43 0.514
44 1.03
45 1.03
46 1.03
47 0.514
48 0.514
49 0.514
50 1.03
51 0.514
52 1.03
53 0.514
54 0.514
55 1.03
56 1.03
57 2.06
58 3.62
59 3.6
60 4.11
61 3.08
62 1.52
63 2.57
64 0.514
65 1.54
66 2.59
67 2.04
68 1.54
69 0.514
70 1.54
71 1.03
72 1.54
73 1.54
74 2.06
75 1.54
76 1.03
77 1.03
78 1.54
79 1.03
80 1.54
81 1.03
82 2.06
83 3.62
84 2.04
85 1.03
86 1.03
87 0.0
88 0.514
89 0.514
90 0.0
91 0.514
92 0.514
93 0.0
94 0.514
95 1.03
96 0.0
97 0.514
98 0.514
99 0.0
100 0.514
101 0.514
102 1.03
103 1.54
104 1.54
105 1.54
106 1.54
107 0.514
108 1.54
109 1.54
110 2.06
111 2.57
112 2.57
113 2.06
114 3.1
115 1.52
116 1.54
117 1.54
118 1.54
119 2.06
120 2.57
121 1.03
122 0.0
123 0.0
124 0.0
125 0.0
126 0.0
127 0.0
128 0.0
129 0.0
130 0.0
131 0.0
132 0.0
133 0.0
134 0.0
135 0.514
136 0.514
137 0.514
138 1.54
139 1.03
140 2.06
141 1.54
142 1.54
143 1.54
144 1.54
145 1.54
146 0.514
147 1.54
148 2.06
149 1.03
150 1.54
151 1.54
152 1.54
153 1.54
154 1.03
155 1.54
156 1.03
157 1.03
158 1.54
159 1.03
160 1.54
161 0.514
162 1.54
163 2.59
164 3.08
165 2.55
166 3.62
167 1.52
168 3.62
169 3.08
170 1.52
171 1.03
172 2.06
173 2.06
174 3.1
175 2.04
176 2.06
177 2.06
178 1.03
179 0.514
180 1.54
181 2.57
182 3.62
183 2.57
184 3.08
185 4.11
186 4.11
187 4.19
188 4.03
189 3.6
190 2.55
191 3.1
192 1.52
193 3.1
194 3.08
195 4.11
196 1.01
197 3.1
198 1.52
199 3.62
200 6.25
201 4.19
202 5.24
203 2.28
204 1.54
205 1.54
206 1.03
207 0.514
208 0.514
209 0.0
210 0.0
211 0.514
212 0.0
213 1.03
214 1.03
215 1.03
216 1.54
217 1.03
218 1.54
219 1.03
220 1.54
221 1.03
222 2.57
223 4.13
224 4.69
225 4.63
226 6.29
227 9.44
228 5.24
229 4.73
230 4.05
231 4.63
232 7.34
233 5.24
234 6.29
235 4.26
236 0.494
237 0.514
238 1.03
239 0.514
240 0.514
241 0.0
242 0.514
243 0.0
244 0.514
245 0.514
246 0.0
247 0.514
248 0.514
249 0.0
