0 4.19
1 2.32
2 3.1
3 1.52
4 2.06
5 1.54
6 1.54
7 1.03
8 2.06
9 1.03
10 1.03
11 0.514
12 1.54
13 1.03
14 1.03
15 1.03
16 0.0
17 0.514
18 0.0
19 0.514
20 0.514
21 0.0
22 0.0
23 0.514
24 0.0
25 0.0
26 0.514
27 0.514
28 1.03
29 1.03
30 1.03
31 0.514
32 0.514
33 0.0
34 0.0
35 0.0
36 0.0
37 0.0
38 0.0
39 0.0
40 0.0
41 0.0
42 0.0
43 0.514
44 0.514
45 1.03
46 1.54
47 1.03
48 1.54
49 1.54
50 1.54
51 1.54
52 1.03
53 1.54
54 1.54
55 1.54
56 1.54
57 1.03
58 1.54
59 2.06
60 3.62
61 1.52
62 2.06
63 2.06
64 2.06
65 1.03
66 0.0
67 0.0
68 0.0
69 0.0
70 0.0
71 0.0
72 0.0
73 0.0
74 0.0
75 0.0
76 0.514
77 0.514
78 0.514
79 0.514
80 1.03
81 1.54
82 1.54
83 1.54
84 1.03
85 1.54
86 0.514
87 0.0
88 0.0
89 0.0
90 0.0
91 0.0
92 0.0
93 0.0
94 0.0
95 0.0
96 0.0
97 0.0
98 0.0
99 0.0
100 0.0
101 0.0
102 0.0
103 0.0
104 0.0
105 0.0
106 0.0
107 0.0
108 0.0
109 0.0
110 0.0
111 0.0
112 0.0
113 0.0
114 0.0
115 0.0
116 0.0
117 0.0
118 0.0
119 0.0
120 0.0
121 0.0
122 0.0
123 0.0
124 0.0
125 0.0
126 0.0
127 0.0
128 0.0
129 0.0
130 0.0
131 0.0
132 0.0
133 0.0
134 0.0
135 0.0
136 0.0
137 0.0
138 0.0
139 0.514
140 1.03
141 0.514
142 0.0
143 1.03
144 2.06
145 2.06
146 1.03
147 0.514
148 0.0
149 1.03
150 0.0
151 0.0
152 0.514
153 0.0
154 0.0
155 0.514
156 0.0
157 0.0
158 0.514
159 0.0
160 0.0
161 0.0
162 0.514
163 0.0
164 0.514
165 0.514
166 1.03
167 0.514
168 1.03
169 1.03
170 1.03
171 0.514
172 0.514
173 1.03
174 0.514
175 1.03
176 0.514
177 0.0
178 0.514
179 0.0
180 0.0
181 0.514
182 2.06
183 2.57
184 4.19
185 3.15
186 6.29
187 6.29
188 3.23
189 4.19
190 4.03
191 1.01
192 0.0
193 0.514
194 0.514
195 0.514
196 0.514
197 1.03
198 1.03
199 1.03
200 0.514
201 0.514
202 1.03
203 1.03
204 1.54
205 1.54
206 1.03
207 2.06
208 1.54
209 2.06
210 1.54
211 2.06
212 2.06
213 2.06
214 4.17
215 3.04
216 2.57
217 2.04
218 4.17
219 2.53
220 2.55
221 0.514
222 0.0
223 0.0
224 0.0
225 0.0
226 0.0
227 0.0
228 1.54
229 0.514
230 1.03
231 2.06
232 3.62
233 2.04
234 2.57
235 2.06
236 1.54
237 2.06
238 2.06
239 3.62
240 3.6
241 3.6
242 3.08
243 3.08
244 6.25
245 2.47
246 3.1
247 3.6
248 3.15
249 6.29
