0 2.06
1 2.06
2 1.54
3 2.06
4 1.54
5 1.03
6 1.03
7 0.514
8 1.03
9 1.54
10 2.06
11 1.54
12 1.03
13 0.0
14 0.0
15 0.0
16 0.0
17 0.0
18 0.0
19 1.03
20 1.03
21 0.514
22 0.514
23 1.03
24 1.03
25 1.54
26 1.03
27 1.03
28 2.59
29 0.494
30 3.62
31 5.74
32 4.19
33 3.95
34 3.6
35 3.6
36 3.64
37 3.56
38 3.6
39 2.04
40 2.57
41 4.13
42 0.494
43 3.62
44 2.04
45 2.06
46 0.0
47 0.0
48 0.0
49 0.0
50 0.0
51 0.0
52 0.0
53 0.0
54 0.0
55 0.0
56 0.0
57 0.0
58 0.0
59 0.0
60 0.0
61 0.0
62 0.0
63 0.0
64 0.0
65 0.0
66 0.0
67 0.0
68 0.0
69 0.0
70 0.514
71 0.514
72 0.514
73 0.0
74 0.0
75 0.514
76 0.514
77 2.59
78 3.08
79 2.55
80 4.13
81 3.08
82 4.11
83 3.64
84 4.19
85 3.48
86 3.6
87 2.04
88 2.57
89 4.13
90 4.19
91 6.29
92 6.29
93 8.39
94 6.29
95 6.29
96 6.29
97 7.34
98 5.24
99 6.29
100 6.29
101 8.39
102 2.09
103 2.06
104 4.61
105 2.1
106 3.58
107 2.57
108 3.06
109 2.06
110 2.06
111 2.57
112 3.1
113 2.57
114 1.01
115 1.54
116 2.57
117 2.06
118 2.06
119 3.62
120 3.6
121 3.6
122 3.08
123 3.6
124 3.08
125 3.6
126 1.54
127 3.6
128 2.57
129 3.6
130 3.08
131 2.04
132 1.54
133 3.62
134 3.6
135 4.11
136 4.11
137 4.15
138 6.29
139 3.95
140 4.11
141 2.57
142 3.6
143 3.6
144 2.57
145 1.54
146 2.04
147 1.54
148 1.03
149 3.62
150 3.6
151 4.19
152 2.98
153 4.13
154 4.15
155 2.0
156 1.03
157 2.06
158 2.59
159 2.04
160 3.1
161 2.57
162 1.01
163 0.0
164 0.514
165 0.0
166 0.0
167 0.0
168 0.0
169 0.0
170 0.0
171 0.0
172 0.0
173 0.0
174 0.0
175 0.0
176 0.0
177 0.0
178 0.0
179 0.0
180 0.0
181 0.0
182 0.0
183 0.0
184 0.0
185 0.0
186 0.0
187 0.0
188 0.0
189 0.0
190 0.0
191 0.0
192 0.0
193 0.0
194 0.0
195 0.0
196 0.0
197 0.0
198 0.0
199 0.514
200 0.514
201 0.514
202 1.03
203 2.57
204 3.62
205 1.52
206 2.06
207 1.03
208 2.06
209 2.57
210 2.59
211 1.01
212 3.1
213 2.57
214 1.54
215 3.08
216 2.04
217 1.54
218 1.54
219 1.03
220 1.54
221 1.03
222 1.03
223 2.57
224 2.57
225 3.62
226 3.6
227 4.11
228 3.6
229 2.57
230 3.6
231 3.08
232 3.08
233 3.6
234 3.06
235 3.62
236 1.52
237 0.514
238 1.03
239 1.03
240 1.03
241 2.06
242 1.54
243 2.06
244 1.54
245 2.06
246 1.56
247 1.01
248 1.54
249 1.03
