0 1.54
1 2.59
2 3.08
3 3.08
4 3.08
5 1.52
6 1.03
7 0.0
8 1.03
9 1.03
10 1.54
11 3.1
12 2.57
13 1.52
14 2.06
15 1.54
16 2.06
17 1.03
18 0.514
19 0.0
20 0.0
21 0.0
22 0.0
23 0.0
24 1.03
25 2.59
26 3.08
27 2.57
28 4.15
29 6.29
30 7.34
31 4.19
32 5.27
33 4.11
34 3.64
35 4.19
36 2.45
37 1.52
38 1.54
39 0.514
40 0.514
41 0.514
42 0.514
43 0.514
44 0.514
45 0.514
46 0.514
47 1.03
48 1.03
49 1.54
50 1.03
51 0.514
52 2.06
53 2.06
54 2.06
55 4.13
56 2.55
57 2.06
58 3.62
59 3.6
60 2.04
61 3.62
62 1.52
63 1.54
64 1.54
65 1.54
66 1.54
67 2.06
68 3.62
69 3.08
70 2.04
71 4.13
72 2.57
73 2.06
74 3.6
75 3.6
76 3.6
77 2.57
78 3.08
79 1.52
80 1.54
81 1.54
82 2.57
83 2.59
84 2.04
85 3.08
86 4.13
87 2.57
88 2.57
89 2.04
90 2.57
91 3.62
92 1.52
93 1.54
94 1.03
95 2.06
96 1.03
97 1.54
98 1.54
99 1.54
100 3.1
101 2.57
102 3.08
103 2.06
104 1.52
105 2.06
106 1.03
107 1.54
108 1.03
109 2.06
110 2.57
111 1.03
112 0.514
113 0.514
114 0.514
115 0.0
116 0.514
117 0.514
118 0.0
119 0.514
120 0.0
121 0.0
122 0.514
123 0.0
124 0.514
125 0.0
126 0.514
127 0.514
128 1.03
129 1.54
130 2.59
131 3.08
132 3.6
133 2.04
134 3.1
135 2.57
136 3.08
137 1.54
138 2.57
139 3.6
140 3.08
141 0.494
142 1.03
143 1.03
144 2.59
145 2.57
146 3.6
147 4.19
148 6.6
149 5.24
150 4.19
151 7.34
152 5.24
153 5.74
154 2.06
155 3.08
156 2.57
157 2.06
158 1.01
159 2.06
160 1.03
161 1.03
162 2.06
163 2.57
164 3.62
165 2.57
166 3.08
167 3.6
168 3.08
169 3.08
170 1.52
171 3.1
172 1.52
173 2.57
174 3.1
175 0.494
176 3.1
177 1.52
178 1.54
179 1.54
180 0.0
181 1.03
182 0.514
183 0.514
184 1.03
185 1.03
186 0.514
187 1.03
188 3.1
189 2.57
190 3.08
191 3.08
192 2.04
193 2.57
194 3.62
195 3.08
196 3.6
197 2.06
198 3.6
199 3.6
200 3.6
201 1.01
202 0.0
203 1.03
204 0.514
205 0.514
206 0.514
207 0.514
208 0.0
209 0.514
210 0.514
211 0.514
212 0.514
213 0.514
214 0.514
215 0.514
216 0.0
217 0.514
218 0.0
219 0.514
220 0.0
221 0.514
222 0.0
223 0.0
224 0.0
225 0.0
226 0.0
227 0.0
228 0.0
229 0.0
230 0.0
231 0.0
232 0.0
233 0.0
234 0.0
235 0.0
236 0.0
237 0.514
238 0.514
239 0.514
240 1.54
241 3.1
242 2.06
243 2.57
244 3.08
245 1.52
246 1.54
247 3.62
248 4.11
249 4.63
