0 1.03
1 0.514
2 1.03
3 1.03
4 0.514
5 1.03
6 0.514
7 0.0
8 0.514
9 2.06
10 2.06
11 1.54
12 1.54
13 2.06
14 2.06
15 2.06
16 1.03
17 0.514
18 1.03
19 1.03
20 0.514
21 1.03
22 0.514
23 0.514
24 0.514
25 0.0
26 0.514
27 0.514
28 0.514
29 0.514
30 0.514
31 0.514
32 0.0
33 0.514
34 0.0
35 0.0
36 0.514
37 0.0
38 0.514
39 0.0
40 0.514
41 0.514
42 0.514
43 0.0
44 0.0
45 0.0
46 0.514
47 0.514
48 1.54
49 1.03
50 2.06
51 1.54
52 2.06
53 2.06
54 1.54
55 1.54
56 1.54
57 1.03
58 1.54
59 1.03
60 1.54
61 3.1
62 3.08
63 4.19
64 4.03
65 4.19
66 6.29
67 6.29
68 4.19
69 6.29
70 3.58
71 2.55
72 3.62
73 3.64
74 4.19
75 3.48
76 3.08
77 2.04
78 3.1
79 3.08
80 3.6
81 3.08
82 2.04
83 3.1
84 2.57
85 3.08
86 3.08
87 2.06
88 1.52
89 2.06
90 1.54
91 1.03
92 2.06
93 3.62
94 4.15
95 6.29
96 4.19
97 6.29
98 6.29
99 3.62
100 3.6
101 4.11
102 3.6
103 4.15
104 4.07
105 4.11
106 4.11
107 1.52
108 3.1
109 1.52
110 2.06
111 1.54
112 2.57
113 2.06
114 3.08
115 1.54
116 2.06
117 1.54
118 1.03
119 2.06
120 3.62
121 1.01
122 0.514
123 1.54
124 0.514
125 1.03
126 2.06
127 1.03
128 2.06
129 2.06
130 1.54
131 2.06
132 1.03
133 1.54
134 0.514
135 0.514
136 0.0
137 0.0
138 0.514
139 0.0
140 1.54
141 2.06
142 2.06
143 3.62
144 3.08
145 1.52
146 2.57
147 2.06
148 1.54
149 1.03
150 1.03
151 0.514
152 0.0
153 0.0
154 0.0
155 0.0
156 0.0
157 0.0
158 0.0
159 0.0
160 0.0
161 0.0
162 0.0
163 0.0
164 0.0
165 0.0
166 0.0
167 0.0
168 0.0
169 0.0
170 0.0
171 0.0
172 0.0
173 0.0
174 1.03
175 1.54
176 1.54
177 1.54
178 1.54
179 1.54
180 1.54
181 1.54
182 0.514
183 2.06
184 1.54
185 1.03
186 1.54
187 2.06
188 2.06
189 2.57
190 1.54
191 1.54
192 1.03
193 1.54
194 1.03
195 1.54
196 1.03
197 1.03
198 1.54
199 1.03
200 1.03
201 1.54
202 1.03
203 0.514
204 1.03
205 1.03
206 1.54
207 1.03
208 1.03
209 0.514
210 1.54
211 1.54
212 3.62
213 3.6
214 1.52
215 1.54
216 3.62
217 3.08
218 3.08
219 2.06
220 2.57
221 1.01
222 2.06
223 2.06
224 1.54
225 1.03
226 1.03
227 0.0
228 0.0
229 0.0
230 0.0
231 0.0
232 0.0
233 0.0
234 0.0
235 0.0
236 0.0
237 0.0
238 0.0
239 0.0
240 0.0
241 0.0
242 0.0
243 0.0
244 0.0
245 0.0
246 0.514
247 6.23
248 4.19
249 6.29
