0 2.06
1 2.06
2 2.06
3 1.54
4 0.0
5 0.0
6 0.0
7 0.0
8 0.0
9 1.03
10 1.03
11 1.03
12 1.54
13 2.06
14 1.54
15 2.57
16 2.06
17 2.06
18 2.57
19 2.06
20 2.57
21 2.06
22 2.06
23 2.57
24 1.03
25 1.54
26 2.59
27 1.54
28 2.04
29 1.03
30 1.03
31 1.54
32 1.03
33 1.54
34 1.54
35 1.54
36 1.54
37 4.13
38 5.24
39 3.5
40 2.55
41 1.54
42 1.54
43 0.514
44 1.54
45 0.0
46 0.0
47 0.514
48 0.0
49 0.514
50 0.0
51 0.514
52 0.0
53 0.514
54 0.514
55 0.0
56 0.514
57 1.03
58 2.59
59 3.08
60 3.6
61 2.04
62 1.54
63 1.54
64 1.54
65 1.54
66 1.54
67 2.06
68 1.54
69 3.62
70 2.04
71 0.514
72 1.03
73 1.03
74 1.54
75 1.03
76 0.514
77 1.03
78 0.514
79 0.514
80 0.514
81 3.1
82 2.04
83 1.03
84 2.06
85 2.06
86 1.03
87 1.03
88 1.54
89 2.06
90 1.54
91 1.54
92 1.54
93 0.0
94 1.54
95 2.06
96 2.57
97 4.13
98 3.6
99 1.52
100 3.1
101 0.494
102 0.514
103 0.0
104 0.0
105 0.514
106 0.0
107 0.514
108 0.514
109 0.0
110 0.514
111 0.0
112 0.514
113 0.0
114 0.0
115 0.514
116 0.514
117 1.03
118 0.0
119 1.03
120 0.514
121 1.54
122 1.54
123 1.54
124 1.54
125 3.1
126 1.01
127 2.06
128 1.54
129 1.54
130 2.06
131 0.514
132 1.03
133 1.54
134 1.54
135 0.514
136 0.514
137 1.03
138 1.54
139 0.514
140 1.03
141 0.514
142 1.54
143 0.514
144 1.03
145 1.03
146 1.03
147 1.54
148 1.54
149 2.59
150 3.08
151 3.08
152 3.6
153 3.08
154 3.6
155 3.08
156 3.08
157 1.54
158 3.6
159 3.6
160 3.6
161 1.52
162 2.06
163 1.54
164 0.0
165 0.0
166 0.0
167 0.0
168 0.0
169 0.0
170 0.0
171 0.0
172 0.0
173 0.0
174 0.0
175 0.0
176 0.0
177 0.0
178 0.0
179 0.0
180 0.0
181 0.0
182 0.0
183 0.0
184 0.0
185 0.0
186 0.0
187 0.0
188 0.514
189 1.54
190 1.54
191 1.03
192 1.54
193 0.0
194 1.03
195 1.03
196 0.514
197 1.03
198 1.03
199 0.514
200 0.514
201 0.514
202 1.03
203 0.514
204 1.03
205 1.03
206 0.514
207 0.514
208 0.514
209 0.0
210 0.514
211 0.0
212 0.0
213 0.0
214 0.0
215 0.0
216 0.0
217 0.0
218 0.0
219 0.0
220 0.0
221 0.0
222 0.0
223 0.0
224 0.514
225 0.0
226 0.0
227 0.514
228 0.514
229 0.514
230 1.03
231 1.54
232 1.03
233 2.06
234 1.03
235 1.03
236 1.54
237 1.03
238 1.54
239 1.54
240 0.514
241 0.514
242 0.514
243 0.0
244 1.03
245 0.514
246 0.514
247 0.514
248 0.514
249 0.514
