0 1.03
1 0.514
2 0.514
3 0.514
4 0.514
5 0.514
6 0.514
7 0.514
8 0.0
9 1.03
10 0.514
11 1.03
12 1.03
13 1.03
14 1.03
15 0.514
16 0.514
17 1.03
18 1.54
19 1.03
20 1.03
21 0.0
22 1.03
23 2.06
24 3.1
25 3.6
26 4.11
27 3.62
28 4.09
29 2.59
30 3.06
31 5.16
32 2.53
33 1.03
34 2.06
35 1.03
36 2.06
37 1.03
38 1.03
39 2.06
40 1.54
41 0.0
42 0.514
43 0.514
44 0.514
45 0.0
46 0.514
47 0.0
48 1.03
49 1.03
50 1.03
51 1.54
52 1.03
53 1.03
54 1.54
55 1.54
56 1.54
57 1.54
58 0.0
59 0.514
60 0.514
61 0.0
62 0.514
63 1.03
64 3.1
65 2.57
66 3.6
67 4.11
68 3.08
69 3.6
70 3.08
71 1.01
72 2.57
73 3.62
74 3.08
75 3.6
76 3.6
77 2.55
78 2.06
79 2.59
80 3.08
81 1.52
82 3.1
83 1.52
84 3.62
85 3.6
86 0.494
87 3.1
88 3.08
89 2.57
90 1.01
91 3.1
92 2.06
93 3.1
94 4.63
95 5.65
96 11.5
97 7.34
98 5.29
99 6.17
100 7.34
101 7.34
102 5.37
103 5.65
104 6.17
105 7.28
106 5.57
107 3.06
108 3.06
109 2.06
110 0.514
111 0.514
112 0.514
113 0.514
114 0.514
115 0.514
116 1.03
117 0.514
118 0.514
119 1.03
120 1.54
121 1.54
122 1.54
123 0.514
124 1.03
125 2.06
126 2.06
127 1.54
128 1.54
129 1.54
130 2.06
131 1.03
132 1.54
133 1.54
134 2.57
135 1.03
136 2.06
137 2.06
138 1.03
139 0.514
140 0.514
141 0.514
142 1.03
143 0.514
144 1.03
145 1.03
146 1.03
147 1.54
148 3.1
149 3.08
150 1.52
151 1.54
152 1.54
153 0.0
154 0.514
155 1.03
156 0.514
157 0.0
158 0.514
159 0.514
160 0.514
161 0.514
162 0.514
163 0.0
164 0.514
165 0.514
166 0.0
167 0.514
168 0.514
169 0.514
170 1.03
171 1.03
172 2.59
173 3.6
174 2.04
175 2.06
176 3.1
177 1.01
178 1.03
179 1.54
180 1.54
181 1.54
182 2.06
183 0.514
184 0.514
185 1.03
186 1.03
187 1.03
188 1.03
189 1.03
190 1.03
191 0.514
192 0.514
193 1.03
194 1.54
195 1.54
196 1.03
197 1.03
198 0.514
199 0.0
200 0.514
201 0.0
202 0.0
203 0.514
204 0.0
205 0.0
206 0.514
207 0.0
208 0.0
209 0.0
210 0.514
211 0.0
212 0.0
213 0.0
214 0.514
215 0.514
216 1.03
217 1.03
218 0.514
219 1.03
220 0.514
221 0.514
222 0.514
223 0.514
224 1.03
225 1.03
226 1.03
227 2.08
228 3.08
229 4.65
230 5.14
231 3.58
232 3.08
233 1.52
234 1.54
235 2.06
236 1.03
237 3.1
238 1.52
239 2.57
240 1.54
241 1.54
242 1.03
243 0.514
244 0.514
245 0.514
246 0.0
247 0.514
248 0.0
249 0.0
