0 1.03
1 0.514
2 2.06
3 1.54
4 2.06
5 2.06
6 2.06
7 1.54
8 2.06
9 3.1
10 3.08
11 2.57
12 2.04
13 1.03
14 2.06
15 3.62
16 1.01
17 0.514
18 1.03
19 0.514
20 1.54
21 3.62
22 3.08
23 4.63
24 4.19
25 4.03
26 3.06
27 2.57
28 1.54
29 3.62
30 2.04
31 1.54
32 2.06
33 1.03
34 1.54
35 1.03
36 0.514
37 2.06
38 1.54
39 3.1
40 2.57
41 4.15
42 4.19
43 5.24
44 7.34
45 4.26
46 2.06
47 2.55
48 4.13
49 2.1
50 4.07
51 3.08
52 1.52
53 1.54
54 1.54
55 1.03
56 1.54
57 1.54
58 1.54
59 0.514
60 0.514
61 0.514
62 0.514
63 0.514
64 0.514
65 0.514
66 0.0
67 0.514
68 0.514
69 0.0
70 0.514
71 0.0
72 0.514
73 0.0
74 0.514
75 0.514
76 0.0
77 0.514
78 0.514
79 0.514
80 1.54
81 1.54
82 2.06
83 2.06
84 2.06
85 2.06
86 1.54
87 1.54
88 1.54
89 1.03
90 0.514
91 0.514
92 0.514
93 1.03
94 1.54
95 1.03
96 1.03
97 2.06
98 2.06
99 1.54
100 1.54
101 2.06
102 1.54
103 1.03
104 2.06
105 1.54
106 0.514
107 1.03
108 1.54
109 1.54
110 1.54
111 1.03
112 1.03
113 0.514
114 1.54
115 2.57
116 2.57
117 2.06
118 2.06
119 1.54
120 1.54
121 0.514
122 1.03
123 1.03
124 0.514
125 1.03
126 1.03
127 0.514
128 0.514
129 0.514
130 0.514
131 0.0
132 0.514
133 0.514
134 0.514
135 0.0
136 0.0
137 0.0
138 0.0
139 0.514
140 0.514
141 1.03
142 0.0
143 0.0
144 0.0
145 0.0
146 1.03
147 3.62
148 1.52
149 2.06
150 1.54
151 0.514
152 3.62
153 3.08
154 2.55
155 3.1
156 1.54
157 3.08
158 3.6
159 2.04
160 2.57
161 2.06
162 2.06
163 2.06
164 1.03
165 0.0
166 0.0
167 0.0
168 0.0
169 0.514
170 0.514
171 0.0
172 0.0
173 0.514
174 0.0
175 0.514
176 0.514
177 0.0
178 0.514
179 0.0
180 0.0
181 0.0
182 0.0
183 0.0
184 0.0
185 0.0
186 0.514
187 0.514
188 0.514
189 1.03
190 1.03
191 4.13
192 5.24
193 3.5
194 3.6
195 3.06
196 1.54
197 0.0
198 0.0
199 0.514
200 0.0
201 0.0
202 0.514
203 0.0
204 0.0
205 0.0
206 0.514
207 0.0
208 0.0
209 0.514
210 0.514
211 0.0
212 1.03
213 0.514
214 1.54
215 1.03
216 1.54
217 0.514
218 1.03
219 2.06
220 2.57
221 1.54
222 2.06
223 1.03
224 1.54
225 1.03
226 1.03
227 1.03
228 1.03
229 0.514
230 0.514
231 0.514
232 0.514
233 0.514
234 1.03
235 0.514
236 0.514
237 1.03
238 1.03
239 1.54
240 0.514
241 0.514
242 0.0
243 0.0
244 1.03
245 1.03
246 1.03
247 0.514
248 1.03
249 1.03
