0 1.54
1 1.03
2 1.54
3 0.514
4 1.03
5 1.03
6 0.514
7 0.514
8 0.514
9 0.0
10 0.514
11 0.0
12 0.0
13 0.514
14 0.0
15 0.514
16 0.514
17 0.0
18 0.0
19 0.514
20 0.0
21 0.514
22 0.0
23 0.514
24 0.514
25 0.514
26 0.514
27 0.514
28 1.54
29 2.06
30 2.06
31 1.03
32 1.54
33 1.03
34 1.54
35 2.06
36 2.57
37 2.06
38 1.54
39 0.514
40 1.54
41 1.03
42 1.54
43 1.54
44 1.54
45 2.06
46 2.06
47 2.57
48 2.06
49 0.514
50 3.1
51 2.57
52 1.52
53 2.59
54 4.11
55 1.52
56 3.1
57 3.08
58 3.08
59 1.52
60 3.1
61 2.57
62 1.52
63 3.1
64 2.57
65 3.08
66 3.08
67 2.04
68 1.03
69 2.06
70 1.03
71 2.06
72 1.54
73 1.03
74 1.54
75 1.54
76 3.1
77 2.04
78 2.06
79 2.06
80 2.06
81 2.57
82 1.03
83 0.0
84 0.0
85 0.514
86 0.0
87 0.514
88 0.514
89 0.514
90 1.03
91 0.514
92 0.514
93 1.03
94 0.514
95 0.514
96 1.03
97 1.54
98 0.514
99 0.514
100 1.03
101 1.54
102 1.54
103 1.03
104 1.03
105 1.54
106 1.54
107 2.06
108 0.514
109 1.03
110 1.03
111 1.54
112 1.56
113 0.494
114 1.54
115 1.54
116 2.59
117 2.57
118 1.52
119 2.06
120 0.514
121 0.0
122 0.0
123 0.0
124 0.0
125 0.0
126 0.0
127 0.0
128 0.0
129 0.0
130 0.0
131 0.0
132 0.0
133 0.0
134 0.0
135 0.0
136 0.0
137 0.0
138 0.0
139 0.0
140 0.0
141 0.0
142 0.0
143 0.0
144 0.0
145 0.0
146 0.0
147 0.0
148 0.0
149 0.0
150 0.0
151 0.0
152 0.0
153 0.0
154 0.0
155 0.0
156 0.0
157 0.0
158 0.0
159 0.0
160 0.0
161 0.0
162 0.0
163 0.0
164 0.0
165 0.0
166 0.0
167 0.0
168 0.0
169 0.0
170 0.0
171 0.0
172 0.0
173 0.0
174 0.0
175 0.0
176 0.0
177 0.0
178 0.0
179 0.0
180 0.0
181 0.0
182 0.0
183 0.0
184 0.0
185 0.0
186 0.0
187 0.0
188 0.0
189 0.0
190 0.0
191 0.0
192 0.0
193 0.0
194 0.0
195 0.0
196 0.0
197 0.0
198 0.0
199 0.0
200 0.0
201 0.0
202 0.0
203 1.03
204 3.62
205 3.08
206 3.6
207 5.68
208 7.28
209 5.57
210 6.68
211 5.14
212 6.68
213 7.2
214 7.34
215 7.34
216 10.5
217 1.53
218 2.08
219 2.04
220 1.54
221 1.54
222 1.54
223 0.514
224 0.514
225 0.514
226 0.514
227 0.514
228 0.514
229 0.514
230 0.514
231 0.514
232 0.514
233 1.03
234 1.54
235 1.54
236 1.03
237 1.03
238 1.03
239 1.03
240 1.54
241 1.54
242 1.54
243 1.54
244 1.54
245 1.54
246 1.03
247 2.06
248 1.03
249 0.514
