0 0.0
1 0.0
2 0.0
3 0.0
4 0.0
5 0.0
6 0.0
7 0.0
8 0.0
9 0.0
10 0.514
11 1.03
12 1.54
13 0.514
14 1.54
15 3.1
16 1.01
17 2.06
18 2.06
19 2.06
20 2.06
21 1.54
22 1.54
23 0.514
24 0.514
25 0.514
26 1.03
27 1.54
28 1.03
29 1.54
30 1.03
31 1.03
32 0.0
33 1.03
34 1.54
35 2.08
36 4.13
37 2.02
38 1.54
39 3.08
40 0.514
41 1.03
42 0.514
43 0.514
44 1.03
45 0.514
46 0.514
47 1.03
48 0.514
49 1.54
50 1.54
51 2.06
52 1.03
53 2.59
54 1.52
55 1.03
56 1.03
57 0.514
58 2.06
59 3.1
60 3.6
61 5.16
62 3.58
63 4.65
64 4.09
65 4.63
66 5.68
67 2.53
68 0.514
69 1.54
70 0.514
71 1.54
72 1.03
73 1.54
74 1.03
75 1.03
76 1.54
77 0.514
78 0.514
79 1.03
80 1.54
81 1.54
82 1.54
83 0.0
84 4.13
85 5.68
86 7.34
87 11.5
88 10.5
89 10.5
90 14.7
91 14.7
92 10.5
93 14.7
94 10.5
95 14.7
96 10.5
97 4.65
98 3.1
99 3.06
100 2.04
101 3.62
102 3.08
103 3.08
104 2.04
105 3.62
106 1.52
107 2.06
108 3.62
109 2.57
110 1.52
111 0.0
112 0.0
113 0.0
114 0.0
115 0.0
116 1.03
117 2.08
118 3.08
119 3.6
120 4.11
121 5.16
122 3.06
123 3.6
124 2.57
125 3.08
126 3.08
127 1.01
128 1.03
129 1.54
130 1.03
131 1.03
132 0.514
133 0.514
134 0.514
135 0.514
136 0.514
137 0.0
138 1.03
139 1.03
140 0.514
141 1.03
142 1.03
143 1.54
144 3.62
145 2.57
146 2.57
147 1.52
148 2.57
149 2.57
150 2.59
151 1.52
152 2.06
153 1.03
154 2.59
155 1.52
156 1.54
157 1.54
158 1.54
159 1.03
160 1.54
161 0.0
162 0.0
163 0.0
164 0.514
165 0.0
166 0.514
167 0.514
168 0.514
169 0.0
170 0.0
171 0.514
172 0.0
173 1.54
174 2.57
175 1.03
176 3.62
177 1.52
178 3.62
179 3.6
180 4.65
181 3.58
182 1.52
183 1.54
184 2.06
185 4.13
186 3.6
187 2.04
188 0.0
189 0.0
190 0.0
191 2.08
192 2.57
193 3.6
194 2.57
195 2.04
196 2.08
197 3.6
198 3.6
199 3.6
200 1.01
201 2.06
202 2.06
203 0.514
204 0.514
205 1.03
206 0.514
207 0.0
208 0.514
209 1.03
210 0.0
211 1.03
212 0.514
213 0.514
214 0.0
215 0.514
216 0.514
217 0.0
218 0.514
219 0.514
220 0.0
221 0.0
222 0.0
223 0.0
224 0.514
225 0.0
226 0.0
227 0.514
228 0.514
229 1.03
230 0.514
231 0.0
232 0.0
233 0.514
234 0.0
235 0.514
236 1.54
237 1.54
238 1.03
239 0.514
240 1.03
241 1.54
242 1.03
243 2.06
244 1.54
245 1.03
246 1.54
247 1.03
248 3.62
249 2.04
