0 1.54
1 1.03
2 0.514
3 1.03
4 2.06
5 2.06
6 2.57
7 2.06
8 0.514
9 2.06
10 1.54
11 2.06
12 2.06
13 2.57
14 3.1
15 1.52
16 2.06
17 2.06
18 1.54
19 1.54
20 1.54
21 0.514
22 0.514
23 0.514
24 0.514
25 0.0
26 0.514
27 0.514
28 0.514
29 0.0
30 0.514
31 0.0
32 0.514
33 0.514
34 1.03
35 1.03
36 2.06
37 2.57
38 3.62
39 2.57
40 2.55
41 3.1
42 3.08
43 3.08
44 3.6
45 3.08
46 1.52
47 1.54
48 2.06
49 3.62
50 3.64
51 4.19
52 4.19
53 2.88
54 4.15
55 4.19
56 3.48
57 4.19
58 6.17
59 4.19
60 3.44
61 3.08
62 3.08
63 4.11
64 4.19
65 4.07
66 2.0
67 2.57
68 3.08
69 3.62
70 1.52
71 0.514
72 0.0
73 0.0
74 0.0
75 0.0
76 0.0
77 0.0
78 0.0
79 0.0
80 0.0
81 0.514
82 0.514
83 1.54
84 1.03
85 0.514
86 1.03
87 1.54
88 0.514
89 1.03
90 1.03
91 1.03
92 1.03
93 0.0
94 0.0
95 0.0
96 0.514
97 0.0
98 0.0
99 0.0
100 0.0
101 0.0
102 0.0
103 0.0
104 0.514
105 0.0
106 0.0
107 0.0
108 0.0
109 0.514
110 0.514
111 0.514
112 0.514
113 0.0
114 1.03
115 0.514
116 1.03
117 0.514
118 1.54
119 0.514
120 1.03
121 0.514
122 1.03
123 1.54
124 3.1
125 2.57
126 2.55
127 2.57
128 3.1
129 3.08
130 3.6
131 4.19
132 6.09
133 4.15
134 3.56
135 2.55
136 2.06
137 1.03
138 1.03
139 1.54
140 0.514
141 2.06
142 1.54
143 1.54
144 1.03
145 2.06
146 3.62
147 3.08
148 3.6
149 6.17
150 4.11
151 3.6
152 0.494
153 2.06
154 2.59
155 1.52
156 1.54
157 1.03
158 1.54
159 1.54
160 3.1
161 2.06
162 1.52
163 0.514
164 1.54
165 1.54
166 1.54
167 1.54
168 0.0
169 0.0
170 0.0
171 0.0
172 0.0
173 0.0
174 0.0
175 0.0
176 0.0
177 0.0
178 0.0
179 0.0
180 0.0
181 0.0
182 0.0
183 0.0
184 0.0
185 0.0
186 0.0
187 0.0
188 0.0
189 0.0
190 0.0
191 0.0
192 0.0
193 0.0
194 0.0
195 0.0
196 0.0
197 0.0
198 0.0
199 0.0
200 0.0
201 0.0
202 0.0
203 0.0
204 0.0
205 0.0
206 0.0
207 0.0
208 0.0
209 0.0
210 0.0
211 0.0
212 0.0
213 0.514
214 1.54
215 2.06
216 2.08
217 3.6
218 3.08
219 3.08
220 2.04
221 2.06
222 2.57
223 3.62
224 1.52
225 2.57
226 3.62
227 1.52
228 1.03
229 1.03
230 1.03
231 1.03
232 1.03
233 0.514
234 0.514
235 1.03
236 1.54
237 0.514
238 1.03
239 1.03
240 1.54
241 1.03
242 1.03
243 2.06
244 2.06
245 1.54
246 1.03
247 1.03
248 0.514
249 1.03
