0 1.03
1 0.514
2 1.03
3 1.03
4 1.03
5 1.03
6 2.06
7 2.06
8 1.03
9 1.03
10 1.54
11 2.06
12 2.06
13 2.57
14 2.57
15 2.59
16 1.52
17 2.06
18 3.1
19 1.01
20 2.06
21 2.06
22 3.1
23 2.04
24 2.06
25 2.06
26 2.06
27 1.54
28 2.06
29 2.57
30 2.08
31 3.6
32 3.08
33 3.6
34 3.6
35 3.08
36 3.6
37 2.04
38 0.0
39 0.0
40 0.514
41 0.0
42 0.514
43 1.54
44 1.54
45 1.03
46 1.54
47 1.03
48 1.54
49 1.54
50 0.514
51 0.514
52 1.54
53 0.514
54 0.0
55 0.514
56 0.0
57 0.514
58 0.514
59 0.514
60 0.0
61 0.0
62 0.514
63 0.0
64 0.514
65 0.514
66 0.514
67 0.0
68 0.514
69 1.54
70 2.59
71 2.59
72 4.09
73 4.19
74 7.34
75 6.29
76 2.2
77 4.17
78 4.19
79 4.19
80 4.19
81 3.83
82 1.52
83 0.0
84 0.514
85 1.03
86 1.03
87 0.514
88 1.03
89 1.54
90 1.03
91 1.03
92 1.03
93 1.03
94 0.514
95 0.0
96 0.514
97 0.514
98 0.0
99 0.0
100 0.0
101 0.514
102 0.514
103 1.03
104 1.03
105 0.514
106 1.54
107 1.03
108 1.03
109 0.0
110 0.0
111 0.0
112 0.0
113 0.0
114 0.514
115 0.514
116 0.514
117 1.03
118 1.54
119 1.54
120 0.514
121 0.0
122 0.514
123 0.0
124 0.0
125 0.0
126 0.514
127 0.0
128 0.514
129 0.0
130 1.03
131 0.514
132 0.0
133 0.0
134 0.0
135 0.0
136 0.0
137 0.0
138 0.0
139 0.0
140 0.0
141 0.0
142 0.0
143 0.0
144 0.0
145 0.0
146 0.0
147 0.0
148 0.0
149 0.514
150 0.514
151 1.03
152 1.54
153 1.03
154 2.06
155 2.06
156 2.06
157 1.54
158 2.57
159 2.59
160 1.52
161 3.1
162 2.55
163 2.08
164 3.08
165 2.57
166 2.55
167 2.57
168 1.54
169 1.54
170 2.06
171 1.54
172 1.54
173 0.0
174 0.514
175 0.0
176 0.0
177 0.514
178 0.0
179 0.514
180 1.03
181 1.03
182 1.03
183 0.514
184 1.03
185 0.514
186 0.514
187 0.514
188 1.54
189 1.03
190 1.54
191 0.514
192 0.514
193 0.0
194 0.514
195 0.514
196 1.03
197 1.03
198 1.03
199 1.03
200 0.514
201 0.0
202 0.0
203 1.03
204 1.03
205 0.514
206 1.03
207 1.54
208 2.57
209 2.57
210 2.57
211 1.03
212 1.54
213 1.54
214 1.03
215 1.03
216 1.54
217 1.03
218 1.03
219 1.03
220 3.1
221 3.6
222 3.6
223 3.08
224 1.52
225 1.54
226 0.514
227 0.514
228 1.03
229 1.54
230 1.03
231 1.54
232 1.03
233 0.514
234 1.03
235 1.54
236 0.514
237 0.0
238 0.514
239 1.03
240 0.514
241 1.03
242 1.03
243 1.03
244 0.514
245 1.03
246 1.03
247 1.03
248 0.514
249 0.0
