0 1.54
1 1.03
2 0.514
3 1.54
4 1.54
5 2.06
6 0.514
7 3.1
8 2.04
9 4.13
10 5.7
11 3.6
12 5.24
13 4.19
14 6.29
15 8.39
16 7.34
17 4.19
18 7.34
19 4.26
20 4.11
21 1.01
22 1.03
23 1.54
24 1.03
25 0.514
26 1.03
27 1.03
28 1.54
29 1.54
30 0.514
31 1.03
32 1.03
33 1.03
34 0.0
35 1.03
36 0.0
37 0.0
38 0.0
39 0.0
40 0.0
41 0.0
42 0.0
43 0.0
44 0.0
45 0.0
46 0.0
47 0.0
48 0.0
49 0.0
50 0.0
51 0.0
52 0.0
53 0.0
54 0.0
55 0.0
56 0.0
57 0.0
58 0.0
59 1.03
60 1.03
61 1.03
62 0.514
63 0.514
64 2.06
65 2.57
66 1.03
67 1.03
68 1.03
69 0.514
70 0.0
71 0.514
72 0.0
73 0.514
74 0.0
75 0.0
76 0.0
77 0.0
78 1.03
79 0.0
80 2.59
81 0.494
82 0.0
83 0.0
84 0.0
85 0.0
86 0.514
87 0.0
88 0.0
89 0.0
90 0.514
91 0.0
92 1.03
93 0.0
94 0.514
95 0.514
96 0.514
97 0.514
98 2.59
99 1.52
100 2.06
101 0.0
102 0.0
103 1.54
104 2.06
105 3.62
106 3.6
107 4.11
108 4.63
109 2.55
110 2.06
111 0.514
112 0.514
113 0.514
114 0.0
115 0.0
116 0.514
117 0.514
118 1.03
119 1.03
120 1.03
121 1.54
122 0.514
123 2.06
124 2.57
125 1.54
126 3.1
127 4.11
128 3.08
129 3.08
130 3.6
131 2.55
132 2.59
133 1.01
134 3.1
135 3.6
136 3.6
137 3.08
138 2.04
139 1.54
140 2.57
141 3.62
142 1.52
143 1.03
144 2.57
145 1.03
146 1.03
147 2.06
148 2.57
149 3.62
150 2.55
151 4.13
152 3.08
153 3.08
154 2.04
155 2.57
156 1.54
157 2.57
158 3.62
159 2.55
160 4.13
161 2.04
162 2.06
163 2.57
164 3.62
165 0.494
166 2.57
167 3.1
168 1.52
169 2.06
170 2.57
171 1.54
172 3.62
173 1.52
174 2.06
175 1.54
176 2.06
177 2.57
178 4.13
179 2.55
180 2.57
181 1.54
182 3.1
183 2.04
184 3.62
185 2.04
186 1.03
187 2.06
188 1.03
189 1.03
190 2.06
191 2.06
192 1.03
193 1.54
194 3.1
195 1.52
196 2.06
197 1.54
198 2.59
199 1.52
200 2.57
201 3.1
202 2.57
203 3.08
204 3.64
205 2.51
206 3.1
207 2.57
208 3.08
209 3.6
210 4.11
211 3.6
212 3.6
213 2.06
214 4.11
215 3.08
216 1.52
217 2.06
218 4.13
219 5.74
220 4.19
221 6.01
222 4.11
223 1.54
224 3.6
225 4.11
226 1.01
227 1.54
228 1.03
229 1.03
230 1.54
231 1.03
232 1.54
233 1.03
234 1.54
235 1.03
236 1.03
237 1.03
238 1.54
239 1.03
240 1.03
241 1.03
242 0.514
243 1.03
244 1.54
245 0.514
246 1.03
247 1.03
248 1.03
249 1.03
