0 0.514
1 0.0
2 0.0
3 0.0
4 0.0
5 0.514
6 0.0
7 0.0
8 0.0
9 0.0
10 0.0
11 0.0
12 0.0
13 0.0
14 0.0
15 0.514
16 0.514
17 0.514
18 1.54
19 2.06
20 1.54
21 2.06
22 1.03
23 3.1
24 2.57
25 2.57
26 1.52
27 1.03
28 1.54
29 2.06
30 3.62
31 2.57
32 0.494
33 0.0
34 0.0
35 0.0
36 0.0
37 0.0
38 0.0
39 0.0
40 0.0
41 0.0
42 0.0
43 0.0
44 0.0
45 1.03
46 0.514
47 0.514
48 1.54
49 0.0
50 0.514
51 1.03
52 0.514
53 0.514
54 1.03
55 0.514
56 0.514
57 0.514
58 0.0
59 1.54
60 1.54
61 0.514
62 0.514
63 0.514
64 0.514
65 1.03
66 0.514
67 0.514
68 0.514
69 1.03
70 0.514
71 1.03
72 1.54
73 2.08
74 2.57
75 3.6
76 4.11
77 2.57
78 2.04
79 4.19
80 3.0
81 3.62
82 2.57
83 3.6
84 2.55
85 3.1
86 2.55
87 1.54
88 0.514
89 1.03
90 0.514
91 0.514
92 0.514
93 0.0
94 0.514
95 0.514
96 0.0
97 0.0
98 0.0
99 0.0
100 0.0
101 0.0
102 0.0
103 0.0
104 0.0
105 0.0
106 0.514
107 0.514
108 0.514
109 1.54
110 2.57
111 3.08
112 2.57
113 2.06
114 3.62
115 3.6
116 3.6
117 0.494
118 0.0
119 1.03
120 0.514
121 1.03
122 1.03
123 0.514
124 1.03
125 1.03
126 0.514
127 0.514
128 0.514
129 0.0
130 0.0
131 0.0
132 0.514
133 0.0
134 0.514
135 0.514
136 0.514
137 1.03
138 1.54
139 0.514
140 1.54
141 1.03
142 1.03
143 1.03
144 1.03
145 1.54
146 1.03
147 1.03
148 0.0
149 0.0
150 0.514
151 0.514
152 0.0
153 0.514
154 0.0
155 0.514
156 0.0
157 0.514
158 0.0
159 0.0
160 0.0
161 0.514
162 0.0
163 0.514
164 0.0
165 0.0
166 0.0
167 0.0
168 0.0
169 0.0
170 0.0
171 0.514
172 0.514
173 0.514
174 0.0
175 0.0
176 0.0
177 0.0
178 0.0
179 0.0
180 0.0
181 0.0
182 0.514
183 0.0
184 0.0
185 0.0
186 0.0
187 0.0
188 0.0
189 0.0
190 0.0
191 0.0
192 0.0
193 0.0
194 0.0
195 0.0
196 0.0
197 0.514
198 0.0
199 0.0
200 0.0
201 0.0
202 0.0
203 0.0
204 0.0
205 0.0
206 0.0
207 0.0
208 0.0
209 0.0
210 0.0
211 0.0
212 0.0
213 0.0
214 0.0
215 0.514
216 0.514
217 1.03
218 1.03
219 1.03
220 1.54
221 1.03
222 1.03
223 0.514
224 0.0
225 0.514
226 0.514
227 1.03
228 1.03
229 1.03
230 1.03
231 1.03
232 0.514
233 1.03
234 1.54
235 1.54
236 1.03
237 1.03
238 1.54
239 2.59
240 0.494
241 2.06
242 2.06
243 1.54
244 1.54
245 2.08
246 1.52
247 2.06
248 2.06
249 3.62
