0 6.29
1 8.39
2 8.39
3 8.39
4 6.29
5 6.29
6 4.19
7 6.29
8 6.29
9 4.19
10 5.24
11 6.29
12 7.34
13 3.3
14 4.11
15 4.19
16 4.19
17 3.91
18 6.72
19 4.19
20 5.0
21 1.54
22 0.514
23 0.514
24 0.514
25 1.03
26 0.0
27 1.03
28 0.514
29 0.514
30 0.514
31 0.514
32 0.0
33 0.0
34 0.514
35 0.514
36 1.03
37 3.1
38 2.57
39 3.08
40 3.6
41 4.19
42 4.19
43 3.99
44 4.07
45 4.11
46 4.19
47 4.03
48 4.11
49 3.08
50 4.11
51 0.494
52 7.34
53 8.39
54 8.39
55 7.34
56 11.5
57 11.5
58 10.5
59 11.5
60 12.6
61 11.5
62 9.44
63 8.39
64 11.5
65 5.69
66 3.1
67 0.494
68 4.13
69 6.25
70 5.24
71 4.19
72 3.33
73 3.6
74 3.6
75 5.2
76 4.19
77 2.41
78 3.1
79 3.08
80 2.04
81 3.1
82 3.6
83 3.6
84 3.08
85 0.494
86 0.0
87 0.0
88 0.0
89 0.0
90 3.1
91 3.08
92 1.54
93 5.74
94 4.19
95 4.46
96 0.494
97 0.0
98 0.0
99 0.514
100 0.514
101 0.514
102 0.514
103 0.514
104 0.514
105 1.03
106 1.03
107 1.03
108 1.03
109 0.514
110 0.514
111 0.514
112 1.54
113 2.06
114 3.1
115 3.08
116 3.6
117 2.04
118 1.54
119 2.06
120 2.06
121 2.06
122 4.13
123 2.04
124 3.62
125 2.04
126 1.03
127 4.13
128 2.57
129 2.04
130 3.62
131 3.08
132 2.06
133 6.79
134 4.19
135 2.88
136 2.57
137 0.514
138 0.0
139 0.0
140 0.0
141 0.0
142 0.0
143 1.54
144 4.13
145 1.52
146 0.514
147 0.0
148 0.514
149 1.54
150 0.0
151 0.514
152 3.1
153 0.494
154 2.06
155 2.06
156 2.59
157 3.08
158 3.6
159 4.19
160 4.19
161 3.44
162 3.6
163 3.08
164 1.01
165 2.06
166 3.1
167 1.52
168 2.57
169 3.62
170 1.52
171 3.62
172 3.6
173 4.11
174 3.64
175 6.29
176 4.19
177 7.34
178 4.19
179 7.34
180 3.54
181 4.19
182 6.29
183 7.34
184 4.19
185 5.19
186 3.08
187 3.08
188 2.04
189 2.06
190 3.62
191 3.08
192 1.54
193 3.6
194 3.08
195 1.52
196 2.57
197 2.06
198 1.54
199 0.514
200 0.514
201 0.0
202 0.514
203 0.514
204 0.514
205 0.514
206 0.0
207 0.0
208 0.0
209 0.0
210 0.0
211 0.514
212 0.0
213 0.0
214 0.514
215 0.0
216 0.514
217 1.03
218 1.03
219 0.514
220 0.0
221 0.0
222 0.0
223 0.0
224 0.0
225 0.0
226 0.0
227 0.514
228 1.03
229 0.514
230 0.0
231 0.0
232 0.514
233 0.514
234 0.514
235 0.514
236 1.54
237 2.06
238 2.06
239 1.54
240 2.06
241 2.08
242 2.57
243 1.01
244 1.54
245 1.54
246 1.03
247 3.1
248 2.57
249 1.52
