0 4.03
1 3.6
2 1.52
3 1.54
4 2.06
5 3.62
6 2.04
7 1.54
8 3.1
9 3.08
10 4.19
11 6.29
12 4.19
13 3.83
14 6.29
15 5.24
16 3.37
17 4.15
18 4.07
19 6.25
20 4.19
21 3.95
22 1.01
23 0.0
24 0.514
25 0.514
26 0.514
27 0.514
28 0.514
29 0.514
30 0.514
31 1.03
32 3.1
33 2.55
34 2.06
35 1.54
36 1.54
37 1.54
38 0.514
39 0.514
40 0.0
41 0.0
42 0.514
43 0.0
44 0.0
45 0.514
46 0.0
47 0.514
48 0.0
49 0.514
50 0.514
51 0.514
52 0.514
53 1.03
54 2.06
55 2.06
56 2.06
57 3.1
58 2.57
59 3.08
60 3.08
61 3.08
62 3.6
63 3.6
64 2.57
65 1.54
66 3.08
67 2.55
68 0.514
69 1.03
70 0.514
71 0.514
72 0.514
73 0.514
74 0.514
75 0.514
76 0.514
77 0.514
78 0.514
79 0.514
80 0.514
81 0.0
82 0.514
83 0.514
84 1.03
85 0.0
86 0.514
87 0.514
88 1.03
89 0.514
90 0.514
91 0.514
92 1.54
93 0.514
94 1.03
95 1.03
96 1.03
97 1.54
98 0.0
99 0.0
100 0.0
101 0.0
102 0.0
103 0.0
104 0.0
105 0.0
106 0.0
107 0.0
108 0.0
109 0.0
110 0.514
111 3.1
112 1.52
113 2.06
114 2.06
115 2.06
116 2.57
117 2.57
118 2.06
119 1.54
120 2.06
121 1.54
122 2.06
123 1.03
124 0.514
125 1.54
126 1.03
127 0.514
128 0.514
129 0.0
130 1.03
131 0.514
132 0.514
133 0.514
134 1.03
135 0.514
136 0.514
137 0.514
138 1.03
139 0.514
140 0.514
141 1.03
142 0.514
143 1.03
144 1.54
145 1.54
146 3.62
147 2.04
148 2.57
149 2.57
150 3.62
151 1.54
152 2.04
153 3.62
154 1.01
155 1.54
156 3.1
157 1.52
158 0.514
159 1.54
160 1.03
161 1.54
162 1.54
163 1.03
164 1.03
165 1.03
166 1.03
167 1.03
168 1.03
169 1.54
170 1.54
171 1.03
172 1.03
173 0.514
174 1.54
175 1.54
176 1.54
177 1.54
178 1.54
179 1.03
180 1.03
181 1.54
182 0.514
183 1.03
184 1.03
185 1.54
186 1.54
187 1.03
188 1.03
189 1.03
190 1.54
191 2.06
192 2.06
193 1.03
194 2.06
195 1.54
196 1.54
197 1.54
198 2.06
199 2.06
200 2.06
201 1.54
202 1.03
203 1.03
204 0.514
205 0.514
206 1.03
207 0.514
208 1.03
209 0.514
210 0.514
211 0.514
212 0.514
213 0.514
214 1.03
215 0.514
216 1.54
217 1.54
218 1.03
219 2.06
220 2.06
221 1.03
222 1.54
223 1.54
224 2.06
225 3.62
226 2.57
227 3.08
228 1.52
229 2.57
230 3.1
231 3.08
232 1.54
233 1.01
234 1.03
235 0.0
236 0.0
237 0.0
238 0.0
239 0.0
240 0.0
241 0.0
242 0.514
243 1.54
244 1.03
245 1.54
246 2.59
247 1.52
248 1.03
249 1.54
