0 3.62
1 2.57
2 2.04
3 3.62
4 3.08
5 3.08
6 2.57
7 3.6
8 2.55
9 2.06
10 0.514
11 1.54
12 1.03
13 2.59
14 2.04
15 2.06
16 1.54
17 3.62
18 3.6
19 4.63
20 4.11
21 3.6
22 3.08
23 5.16
24 5.14
25 6.17
26 5.12
27 1.52
28 1.54
29 1.03
30 2.06
31 3.1
32 3.08
33 1.54
34 3.6
35 1.52
36 2.06
37 2.06
38 2.06
39 2.57
40 2.57
41 2.06
42 1.54
43 0.0
44 0.514
45 1.03
46 0.514
47 0.514
48 1.03
49 0.514
50 1.03
51 0.514
52 0.514
53 0.514
54 0.514
55 1.03
56 1.03
57 0.514
58 1.54
59 2.59
60 1.52
61 3.62
62 3.08
63 3.08
64 5.16
65 3.58
66 2.04
67 4.13
68 4.63
69 4.63
70 4.63
71 3.6
72 0.494
73 3.1
74 2.57
75 1.54
76 1.52
77 2.57
78 2.06
79 3.62
80 3.08
81 2.04
82 2.59
83 1.52
84 3.62
85 3.08
86 3.6
87 2.06
88 2.06
89 1.52
90 3.1
91 3.6
92 3.08
93 3.6
94 3.6
95 4.13
96 3.06
97 2.06
98 2.57
99 3.08
100 3.6
101 5.68
102 4.09
103 4.11
104 3.6
105 2.04
106 2.06
107 2.06
108 2.06
109 2.06
110 3.62
111 1.52
112 2.06
113 2.57
114 1.03
115 1.03
116 1.03
117 1.54
118 0.514
119 1.54
120 3.62
121 5.16
122 4.63
123 4.09
124 3.6
125 2.04
126 1.54
127 0.514
128 1.03
129 0.0
130 0.0
131 0.0
132 0.0
133 0.0
134 0.0
135 0.514
136 0.514
137 0.514
138 0.514
139 0.514
140 0.514
141 1.03
142 1.03
143 1.03
144 1.03
145 1.54
146 1.03
147 1.03
148 1.03
149 1.03
150 1.03
151 1.03
152 0.514
153 1.54
154 0.514
155 1.54
156 1.54
157 1.03
158 0.514
159 1.03
160 1.03
161 0.514
162 0.514
163 0.514
164 1.54
165 2.06
166 2.57
167 3.1
168 2.04
169 3.1
170 1.52
171 3.62
172 2.57
173 3.08
174 1.52
175 2.06
176 1.54
177 1.03
178 3.1
179 4.65
180 7.28
181 7.34
182 10.5
183 10.5
184 7.34
185 10.6
186 7.34
187 6.97
188 7.34
189 7.34
190 7.34
191 5.23
192 3.58
193 4.63
194 4.63
195 4.63
196 4.63
197 4.63
198 3.08
199 4.11
200 4.11
201 3.6
202 4.63
203 4.65
204 3.06
205 5.68
206 5.14
207 1.5
208 4.13
209 3.6
210 1.54
211 2.57
212 3.08
213 3.08
214 1.52
215 2.06
216 2.59
217 3.08
218 4.11
219 2.55
220 3.62
221 2.04
222 1.54
223 0.514
224 0.0
225 0.0
226 0.514
227 0.0
228 0.514
229 0.0
230 0.514
231 0.0
232 0.0
233 0.0
234 0.514
235 0.514
236 0.0
237 0.0
238 0.0
239 0.514
240 0.0
241 0.514
242 0.514
243 0.514
244 0.514
245 0.514
246 1.03
247 1.03
248 1.03
249 1.03
