0 0.514
1 0.0
2 0.0
3 0.0
4 0.0
5 0.0
6 1.03
7 2.06
8 1.54
9 2.59
10 1.52
11 3.62
12 3.64
13 4.07
14 4.11
15 2.55
16 2.06
17 3.1
18 1.54
19 2.55
20 3.62
21 3.08
22 1.52
23 4.13
24 3.08
25 3.08
26 5.2
27 3.58
28 3.04
29 4.11
30 3.08
31 1.01
32 1.03
33 1.03
34 1.03
35 1.03
36 1.03
37 0.514
38 1.03
39 1.03
40 0.514
41 0.0
42 0.0
43 0.0
44 0.0
45 0.0
46 0.0
47 0.514
48 1.03
49 0.514
50 1.03
51 3.1
52 3.6
53 6.21
54 4.59
55 4.11
56 3.08
57 4.15
58 5.24
59 6.29
60 3.85
61 1.01
62 0.0
63 0.0
64 0.514
65 0.0
66 0.514
67 0.0
68 0.514
69 0.0
70 0.514
71 0.0
72 0.514
73 0.0
74 0.0
75 0.514
76 1.03
77 0.514
78 1.54
79 1.03
80 0.514
81 1.54
82 0.514
83 1.54
84 1.03
85 1.54
86 0.0
87 1.54
88 1.03
89 1.54
90 1.03
91 1.03
92 2.59
93 1.52
94 3.62
95 3.08
96 1.52
97 1.54
98 3.62
99 3.6
100 5.24
101 4.19
102 6.07
103 6.64
104 5.24
105 1.89
106 1.54
107 2.06
108 1.03
109 1.54
110 1.54
111 1.54
112 0.0
113 1.54
114 1.03
115 1.54
116 4.13
117 2.04
118 3.62
119 1.52
120 2.57
121 3.1
122 4.15
123 7.26
124 7.34
125 7.34
126 7.34
127 6.29
128 7.34
129 9.44
130 6.29
131 7.34
132 8.39
133 7.34
134 1.51
135 0.0
136 1.56
137 2.06
138 3.6
139 3.6
140 3.6
141 4.11
142 4.63
143 4.15
144 3.56
145 2.04
146 3.1
147 2.57
148 1.01
149 3.62
150 3.08
151 0.494
152 1.03
153 1.54
154 2.57
155 3.62
156 4.11
157 5.2
158 4.63
159 7.34
160 7.34
161 3.77
162 4.19
163 6.29
164 5.24
165 3.29
166 1.52
167 2.57
168 2.06
169 1.54
170 1.03
171 1.54
172 2.06
173 1.54
174 1.54
175 1.03
176 0.514
177 0.514
178 0.0
179 0.0
180 0.0
181 0.0
182 0.0
183 0.0
184 0.514
185 0.514
186 1.54
187 1.54
188 2.06
189 3.1
190 2.57
191 1.52
192 3.62
193 3.08
194 3.6
195 2.55
196 1.03
197 1.54
198 1.03
199 1.54
200 1.03
201 1.54
202 1.54
203 1.03
204 1.03
205 0.514
206 1.03
207 1.03
208 1.03
209 1.54
210 1.54
211 0.514
212 0.0
213 0.0
214 0.0
215 0.0
216 0.0
217 0.0
218 0.0
219 0.0
220 0.0
221 0.0
222 0.0
223 0.0
224 0.0
225 0.0
226 0.0
227 0.0
228 0.0
229 0.0
230 0.0
231 0.0
232 0.0
233 0.0
234 0.0
235 0.0
236 0.0
237 0.0
238 0.0
239 0.0
240 0.0
241 0.0
242 0.0
243 0.0
244 0.0
245 0.0
246 0.0
247 0.0
248 0.0
249 0.0
