0 1.03
1 1.03
2 1.03
3 1.03
4 0.514
5 1.03
6 1.03
7 1.03
8 1.54
9 2.06
10 2.06
11 1.03
12 2.59
13 2.04
14 3.1
15 3.08
16 0.494
17 1.54
18 2.06
19 1.54
20 1.54
21 1.03
22 0.514
23 0.514
24 0.514
25 1.03
26 1.03
27 0.514
28 1.54
29 2.06
30 2.57
31 2.06
32 2.57
33 3.1
34 1.52
35 3.1
36 2.04
37 2.08
38 1.52
39 1.54
40 2.06
41 1.03
42 1.03
43 0.514
44 0.514
45 0.0
46 0.514
47 0.0
48 0.0
49 0.0
50 0.0
51 0.0
52 0.0
53 0.0
54 0.0
55 0.0
56 0.0
57 0.0
58 0.0
59 0.0
60 0.514
61 0.514
62 3.1
63 3.08
64 3.6
65 4.15
66 6.29
67 3.44
68 4.15
69 3.56
70 2.55
71 1.54
72 1.54
73 1.54
74 1.03
75 0.514
76 0.514
77 0.514
78 1.03
79 0.514
80 0.514
81 0.0
82 0.514
83 0.0
84 0.514
85 0.514
86 0.0
87 0.514
88 0.514
89 1.03
90 1.03
91 0.514
92 0.514
93 0.514
94 0.514
95 0.514
96 0.514
97 0.514
98 0.514
99 0.0
100 0.514
101 0.514
102 1.03
103 3.1
104 3.6
105 2.55
106 2.57
107 3.62
108 2.57
109 3.6
110 2.04
111 2.06
112 4.13
113 3.6
114 4.11
115 3.06
116 1.03
117 1.03
118 2.06
119 1.54
120 1.54
121 1.54
122 1.03
123 1.03
124 1.03
125 1.54
126 2.06
127 1.54
128 1.03
129 1.54
130 2.06
131 3.1
132 1.52
133 3.1
134 2.55
135 3.62
136 1.52
137 1.54
138 2.06
139 0.514
140 0.514
141 0.514
142 0.0
143 0.514
144 0.0
145 0.514
146 0.0
147 1.03
148 1.54
149 1.54
150 1.54
151 1.54
152 1.54
153 1.54
154 1.54
155 0.0
156 0.0
157 0.0
158 0.0
159 0.0
160 0.0
161 0.0
162 1.54
163 2.59
164 1.52
165 2.06
166 2.57
167 3.62
168 2.04
169 2.57
170 0.514
171 2.59
172 3.08
173 4.15
174 7.34
175 4.19
176 0.742
177 0.0
178 0.0
179 0.514
180 0.0
181 0.0
182 0.0
183 0.0
184 0.0
185 0.0
186 0.0
187 0.0
188 0.0
189 0.0
190 0.0
191 0.0
192 0.0
193 0.0
194 0.0
195 0.0
196 0.0
197 0.0
198 0.0
199 0.0
200 0.0
201 1.03
202 1.54
203 2.59
204 2.57
205 1.52
206 3.1
207 3.6
208 3.08
209 2.04
210 2.57
211 2.06
212 2.06
213 2.08
214 1.52
215 2.57
216 3.62
217 1.52
218 3.62
219 2.04
220 1.54
221 0.514
222 1.03
223 0.0
224 1.03
225 0.514
226 0.514
227 1.03
228 1.03
229 0.514
230 1.03
231 1.03
232 0.514
233 0.514
234 0.514
235 0.0
236 0.514
237 1.03
238 1.03
239 0.514
240 0.514
241 0.0
242 0.514
243 0.514
244 1.03
245 0.514
246 1.03
247 0.514
248 0.0
249 0.514
