0 1.03
1 0.514
2 1.03
3 1.03
4 2.57
5 4.13
6 4.11
7 3.6
8 3.08
9 3.6
10 2.57
11 3.08
12 4.11
13 3.6
14 3.6
15 3.6
16 3.6
17 1.52
18 0.514
19 1.03
20 0.514
21 0.0
22 0.0
23 0.514
24 0.0
25 0.514
26 0.0
27 0.514
28 0.0
29 0.0
30 1.03
31 0.514
32 1.03
33 2.06
34 3.62
35 3.08
36 4.11
37 2.04
38 0.0
39 0.0
40 0.0
41 0.0
42 0.0
43 0.0
44 0.0
45 0.0
46 0.0
47 0.0
48 0.0
49 0.0
50 0.0
51 0.0
52 0.0
53 0.0
54 0.0
55 0.0
56 0.514
57 3.1
58 2.57
59 3.6
60 3.08
61 1.52
62 2.59
63 1.52
64 3.62
65 4.13
66 5.14
67 2.57
68 9.77
69 4.13
70 4.07
71 6.19
72 10.4
73 5.49
74 1.52
75 4.65
76 4.11
77 1.01
78 0.0
79 0.514
80 0.0
81 0.514
82 0.0
83 0.514
84 0.514
85 0.514
86 0.514
87 0.0
88 1.03
89 0.514
90 1.54
91 1.03
92 0.514
93 0.514
94 0.514
95 0.514
96 1.03
97 0.514
98 0.514
99 0.0
100 1.03
101 1.03
102 2.57
103 1.03
104 1.54
105 1.03
106 0.514
107 1.54
108 0.514
109 1.54
110 1.03
111 0.514
112 0.514
113 1.03
114 1.54
115 1.03
116 0.514
117 1.03
118 0.514
119 0.514
120 0.0
121 1.03
122 1.54
123 2.08
124 1.01
125 2.06
126 2.57
127 2.57
128 1.03
129 1.54
130 2.06
131 2.59
132 1.01
133 1.54
134 1.03
135 1.03
136 1.03
137 0.514
138 1.03
139 2.59
140 3.08
141 1.54
142 5.68
143 5.65
144 10.4
145 7.34
146 7.45
147 6.74
148 7.34
149 11.5
150 6.29
151 7.34
152 4.9
153 0.0
154 0.0
155 0.514
156 0.514
157 0.514
158 0.0
159 0.514
160 0.0
161 0.514
162 0.514
163 0.0
164 0.0
165 0.514
166 0.0
167 0.514
168 0.514
169 0.514
170 1.03
171 0.0
172 0.0
173 0.0
174 0.514
175 0.0
176 0.514
177 0.0
178 0.0
179 0.0
180 0.0
181 0.514
182 0.0
183 0.0
184 0.0
185 0.514
186 0.514
187 2.06
188 0.514
189 0.514
190 1.03
191 0.514
192 0.0
193 1.03
194 0.514
195 1.03
196 1.03
197 1.03
198 0.514
199 1.03
200 1.03
201 0.514
202 0.514
203 0.0
204 0.0
205 0.0
206 0.0
207 0.0
208 0.0
209 0.0
210 0.0
211 0.0
212 0.0
213 0.0
214 0.0
215 0.0
216 0.0
217 0.0
218 0.0
219 0.0
220 0.0
221 0.0
222 0.0
223 0.0
224 0.0
225 0.0
226 0.514
227 0.514
228 1.03
229 1.54
230 2.06
231 2.06
232 1.54
233 2.06
234 2.57
235 2.08
236 2.06
237 1.52
238 3.1
239 1.01
240 2.06
241 1.54
242 1.54
243 1.54
244 1.54
245 1.54
246 1.03
247 1.03
248 1.54
249 1.03
