0.0 2.6448337716114434
1.0 2.862047094371283
2.0 3.098277935245366
3.0 2.8269273244554163
4.0 2.742316785245759
5.0 2.5403391340375245
6.0 2.6099280080052067
7.0 2.885268466059005
8.0 2.6079045732669246
9.0 2.796499811984113
10.0 3.095689388281277
11.0 2.9372678205303004
12.0 2.575652569585608
13.0 3.036152654011468
14.0 2.74963122729764
15.0 2.5484830780287924
16.0 2.94742206557284
17.0 2.710167452813857
18.0 2.899201236946921
19.0 2.5823870058282576
20.0 2.526438798722402
21.0 2.726941453542144
22.0 2.5702207114088633
23.0 2.8868247867778587
24.0 3.3759818838362605
25.0 3.0070961747183182
26.0 2.692024673298466
27.0 2.513872897875862
28.0 2.98677845044315
29.0 2.962031667512859
30.0 2.576300436778374
31.0 2.9314522378971106
32.0 2.415567811359801
33.0 3.0881280481795432
34.0 3.1800232456010264
35.0 2.6041789210075446
36.0 2.4582105299135937
37.0 2.7226740679931063
38.0 2.910502230615284
39.0 2.6612348221676454
40.0 3.1782565323216776
41.0 2.943556455830713
42.0 2.8466461380832095
43.0 3.247332451239469
44.0 3.1983860449319814
45.0 2.7583503579435886
46.0 3.1747282228358684
47.0 2.54524119516203
48.0 2.934895705648976
49.0 2.8270078731036232
50.0 2.8289689729766896
51.0 2.797348106376523
52.0 2.702469753156932
53.0 2.69146076104785
54.0 2.8648834179012033
55.0 2.449526117089841
56.0 2.7242223597590005
57.0 2.960425087868822
58.0 3.0036692611106677
59.0 2.8313244840606577
60.0 2.8101098617696927
61.0 3.073489887233995
62.0 2.6872170169798757
63.0 2.666055783192268
64.0 3.038716813682345
65.0 3.0306970843029704
66.0 2.9158027399246595
67.0 2.858287719385858
68.0 3.0060642087765026
69.0 2.8744885651197025
70.0 2.8382748662886685
71.0 2.8114724306767664
72.0 3.2780572923075195
73.0 2.8850235437501675
74.0 2.792654202743502
75.0 2.660698656988322
76.0 2.752338410188002
77.0 3.290173324975877
78.0 3.063294583043685
79.0 2.9843504913916443
80.0 2.4363544791473677
81.0 3.00605287675522
82.0 3.070631515356407
83.0 2.892784888646738
84.0 2.8569952671528505
85.0 2.8610897001256173
86.0 2.994954526428556
87.0 2.6408060924089285
88.0 2.7656284789226313
89.0 2.6039561351992555
90.0 2.967493085679549
91.0 2.9680941183869747
92.0 2.618938529680935
93.0 2.9216063103184715
94.0 2.9190706895353764
95.0 2.7236469411035955
96.0 2.665647516067557
97.0 2.700190238928267
98.0 3.194198973534378
99.0 2.7488561262464644
100.0 2.868516139563312
101.0 2.977597507691172
102.0 3.2505321655143242
103.0 2.8890515135286186
104.0 2.753924237605441
105.0 2.5986863370133166
106.0 2.693530260267408
107.0 3.0358173027593183
108.0 2.570282277750141
109.0 2.893471450454485
110.0 2.5198325403039923
111.0 2.594917193002851
112.0 2.9290419593569275
113.0 2.6496132124229255
114.0 2.635435629990913
115.0 3.1393949678221165
116.0 3.0063381265413236
117.0 2.6961781167057146
118.0 3.3555027305957785
119.0 2.709051426514777
120.0 2.832206342765569
121.0 2.5315724851693004
122.0 2.6082171280186706
123.0 2.561259923661739
124.0 2.755830661795998
125.0 3.097457514018267
126.0 2.8136963268348687
127.0 2.712627545536203
128.0 2.855325838763951
129.0 2.576034509595284
130.0 2.5955384812623548
131.0 2.8346663301657107
132.0 2.73729226052329
133.0 2.9274791668429017
134.0 2.979741091785065
135.0 2.8529170174534606
136.0 2.8440021155838773
137.0 3.194627967358781
138.0 2.7891365942828177
139.0 3.1962356261849854
140.0 2.7299198283641557
141.0 2.8673019466770193
142.0 2.8916401226922135
143.0 2.9742819675231806
144.0 2.8160026022314
145.0 2.7438573031387157
146.0 2.985333079934322
147.0 3.028421811041221
148.0 2.9402231389167772
149.0 2.9228920945141885
150.0 2.8389113658249974
151.0 2.680579915110769
152.0 2.8545748909538506
153.0 2.670699483569105
154.0 2.6221597970280484
155.0 2.73749435224873
156.0 3.178249172699432
157.0 2.7910977019817635
158.0 2.6744777731091345
159.0 2.8818247370415406
160.0 2.6519640971924194
161.0 3.3644110448746933
162.0 2.6731585944998066
163.0 2.847462518740568
164.0 2.6602448682906705
165.0 2.9640840110703173
166.0 3.0774606964196662
167.0 2.735716632440037
168.0 2.7645845565127964
169.0 3.1242033985185103
170.0 2.55540537694593
171.0 2.9172041603722927
172.0 2.972891262182314
173.0 2.972066417726635
174.0 2.713132448270874
175.0 2.7290320523834626
176.0 2.687260307557529
177.0 3.234702465233954
178.0 3.00076694322997
179.0 3.0912362287639943
180.0 2.8700369652794486
181.0 2.6904332541355442
182.0 3.1018121134949577
183.0 2.6557997462059557
184.0 2.875584217670531
185.0 2.880581415868079
186.0 2.6856622127553993
187.0 2.708510682726198
188.0 2.6278419314973434
189.0 2.772306859652069
190.0 2.57057259005289
191.0 2.7781800084993327
192.0 2.90149875592019
193.0 3.0414302037346266
194.0 2.9631276407027527
195.0 2.74993692774123
196.0 2.9019499488767933
197.0 2.919432503165495
198.0 2.6227643748756684
199.0 2.882409361389748
200.0 2.681071167545883
201.0 2.9182290222403005
202.0 2.392372999807331
203.0 2.864326165913535
204.0 2.8858466147246733
205.0 2.84879351938593
206.0 2.966171314795357
207.0 2.789307265423232
208.0 2.9448825613889067
209.0 2.713133075267276
210.0 2.899679472523458
211.0 2.642844553659037
212.0 3.2866039197881944
213.0 3.272208772140369
214.0 2.942248625354658
215.0 2.9155975797169136
216.0 2.8508121502928407
217.0 2.9441032183843854
218.0 2.8642783571875663
219.0 2.6274338444792384
220.0 2.73268412067864
221.0 3.0132743135517477
222.0 2.684623913162078
223.0 2.7428000507672183
224.0 2.8501605079191665
225.0 2.6649084514615455
226.0 2.9095515237897365
227.0 2.7655814593258365
228.0 3.2644773238714477
229.0 3.152746385466636
230.0 3.1322787742559024
231.0 2.937581292818564
232.0 2.734535730957811
233.0 3.137493644310426
234.0 2.911772911204698
235.0 3.098648167334719
236.0 2.9300586834961635
237.0 2.7893246945109467
238.0 2.7457087960569213
239.0 3.00554771081044
240.0 2.978874789309291
241.0 2.725233827304031
242.0 2.9887701620161473
243.0 2.9787855261900478
244.0 2.895753893899998
245.0 2.8723458706085214
246.0 2.7125187618326922
247.0 3.0227821349323563
248.0 2.7262262145724874
249.0 2.7337122460809034
250.0 2.984847958958367
251.0 2.777257980050052
252.0 2.896805809338174
253.0 2.870676286514557
254.0 2.5546326000339423
255.0 2.628872416808297
256.0 2.7098998683521662
257.0 2.754925656691074
258.0 3.0040433526505748
259.0 2.9226402472270157
260.0 2.9760839323523802
261.0 2.688874186023336
262.0 2.7127744929188884
263.0 2.8437401611161093
264.0 2.956592055571394
265.0 2.8381471596661023
266.0 2.4548935296347425
267.0 3.0283810495650187
268.0 2.836471941662425
269.0 2.660368607502181
270.0 3.0867391278743193
271.0 2.528331371626962
272.0 3.182875060842797
273.0 2.728369293398728
274.0 2.966307130291136
275.0 2.5994793733122568
276.0 2.977820710020515
277.0 2.564281010807078
278.0 2.931588386366518
279.0 2.516823191912178
280.0 2.5457716616087454
281.0 2.685773129438026
282.0 3.0095941710915444
283.0 2.9626832362565714
284.0 2.8138028660545005
285.0 2.867227207624145
286.0 2.5615339918337554
287.0 3.1655060099045826
288.0 3.4616955158674574
289.0 3.0189605109869104
290.0 2.624729717448567
291.0 3.0964939624603094
292.0 2.680260968817229
293.0 2.675169713627509
294.0 2.6427721635459447
295.0 2.737734082697649
296.0 2.722125675808488
297.0 2.8925968314690405
298.0 2.540513444123089
299.0 2.949083903631931
300.0 3.1670718888424294
301.0 2.5678999338039445
