0.0 2.8177606006120044
1.0 2.9801413897127795
2.0 3.1232767891535027
3.0 2.6418269365060585
4.0 2.842817062125506
5.0 2.9130908408789282
6.0 2.864441852297813
7.0 2.632370495307759
8.0 2.6877780683440258
9.0 2.848884031602881
10.0 2.7272482734801464
11.0 2.97659684143371
12.0 2.6359610928028974
13.0 3.1379465282580625
14.0 2.971706892276573
15.0 2.8177779962255216
16.0 2.9302621392640082
17.0 2.6744960331151875
18.0 2.772368751549172
19.0 2.4573198205549844
20.0 3.001959261617792
21.0 2.779881432298869
22.0 2.5126486538237556
23.0 2.995553580410415
24.0 3.05776918411364
25.0 2.711667206978173
26.0 2.8713056462277557
27.0 2.9489012907332453
28.0 2.7537019001685725
29.0 2.7130107334212368
30.0 2.514581426389988
31.0 3.049397894299885
32.0 2.6627145329208672
33.0 2.6815875032354284
34.0 2.805144372080377
35.0 2.730325844961431
36.0 2.9574464357219985
37.0 2.947017947262495
38.0 2.857104849912344
39.0 2.687593838253657
40.0 2.858371657156206
41.0 2.9711298397057333
42.0 2.4717269411921547
43.0 2.8733631753114666
44.0 3.1694447014181835
45.0 2.6652102302630643
46.0 2.485238943106342
47.0 2.9473825872447312
48.0 2.7132906944916333
49.0 2.925622511227544
50.0 3.1642170056213565
51.0 3.0700167639894143
52.0 2.5830478568114263
53.0 2.9612519399699773
54.0 2.883264546786914
55.0 2.887433088373908
56.0 2.694311291712368
57.0 2.8546139518275058
58.0 2.620710687947929
59.0 2.7411028205294676
60.0 2.8838310881739093
61.0 2.750166246394079
62.0 3.173491008386833
63.0 2.9762541467061454
64.0 2.9447303579076336
65.0 3.1208273335802743
66.0 2.7287803441261156
67.0 2.645633830585025
68.0 2.8787587467525793
69.0 2.5436151653847627
70.0 2.978447017020448
71.0 3.3008955880033124
72.0 3.0437494093659785
73.0 2.787858062944874
74.0 2.6661754910537265
75.0 2.8776501477052534
76.0 2.722813276947669
77.0 3.0415077415948444
78.0 3.1624951313166965
79.0 2.6083321146146408
80.0 3.1671614872345923
81.0 2.853151754745057
82.0 3.0712513508539927
83.0 2.7518837455818175
84.0 2.8838531161403456
85.0 2.7988826105252
86.0 2.8136267323246584
87.0 2.915755167580967
88.0 2.507770795366441
89.0 2.875599977166299
90.0 2.7675467165432788
91.0 2.6850101107396633
92.0 2.837598828856613
93.0 2.8163233346046908
94.0 2.7861310032606985
95.0 2.910311954459466
96.0 3.0526864450512075
97.0 3.035530337091208
98.0 2.6196401004274654
99.0 3.001234793137748
100.0 3.1767403688997384
101.0 2.7102813143147793
102.0 3.2439922665765257
103.0 2.93192866464064
104.0 2.639317608953222
105.0 2.740943136393075
106.0 2.699388155988175
107.0 2.8804973238344127
108.0 3.1438847691637317
109.0 2.9281367657121917
110.0 2.684862707464293
111.0 2.844406663041306
112.0 2.7729199901823485
113.0 2.6433863480334763
114.0 2.7149454591305235
115.0 2.722380345495366
116.0 3.0520198977607156
117.0 2.993505867770106
118.0 2.9605745303780173
119.0 2.428250403400178
120.0 2.64874140830045
121.0 2.908078775711205
122.0 2.7513697647603497
123.0 2.999996423263595
124.0 2.7369827193819942
125.0 2.5237764377152803
126.0 2.8394779834967845
127.0 2.7804918976459088
128.0 3.0710607167995807
129.0 3.0800422746431595
130.0 3.122049869471941
131.0 2.723684394733469
132.0 3.023722527931303
133.0 2.701679524139513
134.0 2.8117177254098924
135.0 2.8895854919187607
136.0 3.044913011759794
137.0 3.324179958382077
138.0 3.122997750738697
139.0 2.9290685365109215
140.0 2.692194309022158
141.0 3.0937217403266173
142.0 2.877159534512839
143.0 3.0259973402737264
144.0 2.763798566073117
145.0 2.7143857091779067
146.0 2.769568726026475
147.0 2.6123032414680174
148.0 2.8889942485066626
149.0 3.083996746785212
150.0 2.6988231267680862
151.0 2.8957950778922457
152.0 2.830914613549946
153.0 2.420066655602957
154.0 3.0997425990840375
155.0 2.9590288125744872
156.0 2.6645838788644007
157.0 3.529770772569266
158.0 3.0819578294888283
159.0 2.6833551584145163
160.0 2.966368611298383
161.0 2.793761940272384
162.0 3.0951669743888885
163.0 2.826079857192587
164.0 2.7161615065081324
165.0 3.0530287003533436
166.0 2.8270038149412997
167.0 2.6515267779322933
168.0 2.6588383767570196
169.0 2.6874565593841018
170.0 2.783284208769528
171.0 2.741673286112955
172.0 2.750775296821539
173.0 2.965747607358953
174.0 2.907688613159844
175.0 2.8778772385271196
176.0 2.864510080440675
177.0 2.6167538297477138
178.0 2.5300207749332753
179.0 2.8910434146548787
180.0 2.623205904345669
181.0 2.766366514518638
182.0 2.777804287098534
183.0 2.585974521204915
184.0 2.5042616723042768
185.0 2.7690985379695547
186.0 2.7164760299909876
187.0 2.8028591541202763
188.0 2.6710603975652076
189.0 2.8711350203739556
190.0 2.724265748369786
191.0 2.7517616122894344
192.0 2.5262650346278113
193.0 2.623768581115349
194.0 2.8600533189207002
195.0 2.7356864493633712
196.0 2.8573487297833724
197.0 2.901033559435095
198.0 2.7768245515526253
199.0 2.896059849168436
200.0 2.739811694908898
201.0 2.77653404590932
202.0 2.8514498946970828
203.0 2.843423822105879
204.0 2.914490596972164
205.0 2.786629576673141
206.0 2.690855156189523
207.0 2.641934966336577
208.0 2.860159625281126
209.0 3.0716289460731856
210.0 2.807799598328992
211.0 2.505190906449515
212.0 2.7035354733697763
213.0 2.953406441347613
214.0 2.721904567716895
215.0 2.8402705322816604
216.0 2.5357300199930926
217.0 2.6223357132942677
218.0 2.7114302261910628
219.0 2.7459673448748725
220.0 2.9836901955849284
221.0 2.739115239581671
222.0 3.540411661816313
223.0 3.029285032761012
224.0 2.732242595485124
225.0 2.751262402127206
226.0 2.986179641033083
227.0 2.643140607683775
228.0 2.655819926747106
229.0 3.034934212692878
230.0 2.6638896923421607
231.0 2.9004000685250326
232.0 2.8269528275061124
233.0 2.906765531145384
234.0 2.761926286774392
235.0 3.2503287322172505
236.0 2.821074229002581
237.0 3.3268697503903986
238.0 2.7880453853883664
239.0 3.074254300179166
240.0 2.7326142454663707
241.0 3.2790877366355557
242.0 2.6821585764641602
243.0 2.824178489503909
244.0 2.8607293075070253
245.0 2.941257101707672
246.0 3.4678393265986887
247.0 3.255480629429598
248.0 2.8674842750465177
249.0 2.7295043737070355
250.0 2.588518256042884
251.0 3.3639121505438063
252.0 3.0483035208730165
253.0 2.91703061659804
254.0 2.7112638370502813
255.0 3.059448200861893
256.0 3.041508905597995
257.0 2.9569110107691636
258.0 2.713084722100492
259.0 3.090394417000541
260.0 2.8963943149383233
261.0 2.804431881977071
262.0 2.784169596252579
263.0 2.516537995027384
264.0 2.7313805144230474
265.0 3.0006700708425043
266.0 2.6268405397725316
267.0 2.6583602450044235
268.0 2.9730042200179883
269.0 2.8308566580320917
270.0 2.680799119065396
271.0 3.1404172397194476
272.0 2.918311722400765
273.0 2.9604238409839123
274.0 3.039907949158716
275.0 2.65715752324503
276.0 2.996659776094104
277.0 2.7666247626556535
278.0 3.097924346758871
279.0 2.761670047307788
280.0 2.6109083499563708
281.0 2.7372018703992422
282.0 2.7005945268006286
283.0 2.6082351977203473
284.0 2.9171486147449666
285.0 2.71633927402278
286.0 2.877244851257426
287.0 3.0188504851102635
288.0 2.8028364624104967
289.0 2.6464215498191037
290.0 2.6576864147660073
291.0 3.0510740959431284
292.0 2.6697565596326482
293.0 2.4905347311359525
294.0 2.6450014249102898
295.0 2.7704414018607966
296.0 2.509559751205693
297.0 2.925447743077367
298.0 2.9355652690855454
299.0 3.160610904692937
300.0 2.747791465834688
301.0 2.56014314726491
