0.0 2.9982969963646915
1.0 2.93493485955505
2.0 2.500588296068929
3.0 2.7386109248668933
4.0 2.643665146248684
5.0 2.836380271773743
6.0 3.094271444104834
7.0 3.08828850971938
8.0 2.787441353309693
9.0 2.7824625643317495
10.0 2.9054865835971406
11.0 2.772500635664978
12.0 2.831585129127893
13.0 2.8872232624499414
14.0 2.724322225092589
15.0 2.814082144162677
16.0 2.985604292047802
17.0 2.8381520298855514
18.0 3.133330563582463
19.0 3.2443015124983168
20.0 2.5874033045256386
21.0 2.7231907327656
22.0 2.94222799634081
23.0 2.7766629744830005
24.0 2.7147631993905845
25.0 3.129736349935437
26.0 2.7877943355608874
27.0 2.9173014458537354
28.0 2.699322584554182
29.0 3.084724908592195
30.0 2.9379949537545382
31.0 2.76300743931699
32.0 2.9653610439642275
33.0 2.986671476492312
34.0 3.21525141247269
35.0 2.99759297918524
36.0 2.9348897518105646
37.0 2.8195819669126942
38.0 2.6038689062277394
39.0 2.8002157092809274
40.0 2.6365802610239295
41.0 2.8871945114754367
42.0 2.9121281418258245
43.0 3.0574068537861185
44.0 2.809163325968048
45.0 3.057673065501155
46.0 3.1018629673891103
47.0 2.3541361787138384
48.0 3.1155239281194667
49.0 3.0205437935878536
50.0 2.8958285872324527
51.0 2.712593491031888
52.0 2.957376753872003
53.0 3.1659627943061994
54.0 2.894118253710753
55.0 2.7894777543936518
56.0 2.8013855564843357
57.0 2.7871170759325428
58.0 2.434609200482625
59.0 3.064613576730934
60.0 2.854888344056082
61.0 2.87731439798063
62.0 2.6873261936152075
63.0 2.9044764544012542
64.0 2.8277291700938294
65.0 2.881379644105948
66.0 3.1442202129921064
67.0 2.8194059209362847
68.0 2.6763171297165322
69.0 2.8395493036729014
70.0 2.7226736739419097
71.0 2.614630046701775
72.0 2.5998098112232557
73.0 2.928306648621722
74.0 3.2996956014121355
75.0 2.546704630983732
76.0 2.707281358421724
77.0 2.7136937237631575
78.0 2.866659566431972
79.0 2.7416177708671636
80.0 2.5611658939536093
81.0 2.7088312523938787
82.0 2.5120719505879707
83.0 2.9276764436699425
84.0 2.658387835725146
85.0 2.733586304012429
86.0 2.5634907915577854
87.0 2.911178576264063
88.0 2.8931943860341827
89.0 2.6852340327430007
90.0 2.658367403548354
91.0 2.6193361314083066
92.0 2.4082772402449004
93.0 2.595262153446137
94.0 2.6696523387833073
95.0 2.825906294500767
96.0 3.019109204856273
97.0 2.6850610054035458
98.0 2.9068223426363082
99.0 2.8066894774818754
100.0 2.934192453090162
101.0 3.0726975867802366
102.0 2.983868179116727
103.0 2.6734050360650463
104.0 3.0264605956700597
105.0 2.6152863341041757
106.0 2.8768119359875395
107.0 3.1679962829769055
108.0 3.1438186258598315
109.0 2.913082719051861
110.0 3.1344571692953385
111.0 2.57867088241609
112.0 2.661432870451065
113.0 2.910907963105297
114.0 2.8768181116139138
115.0 3.064453930843981
116.0 3.2218680040399685
117.0 3.114242913646391
118.0 3.378846797749527
119.0 2.877204773790556
120.0 2.864809763734463
121.0 2.7028772071449367
122.0 2.7207065202188914
123.0 2.966012369487497
124.0 2.998276596031237
125.0 2.782878665907809
126.0 2.765398753294654
127.0 2.7896019704967405
128.0 2.6730867433726604
129.0 2.9835017521107225
130.0 3.0830353268610926
131.0 2.881335264719714
132.0 2.8690363339032148
133.0 3.0510391387759968
134.0 2.9532197431097966
135.0 2.7928569487716293
136.0 3.6299718091624427
137.0 2.629043872199544
138.0 2.8661863764074855
139.0 2.9727477229312416
140.0 2.609257122165917
141.0 3.039251097051711
142.0 3.0903962839289125
143.0 3.0596855887743915
144.0 3.3420244718625707
145.0 2.5392599645010203
146.0 2.6907763950657198
147.0 2.9248929377077046
148.0 3.119894785113109
149.0 2.777245869595517
150.0 2.9210454050716623
151.0 3.0059589278838077
152.0 2.953433010671016
153.0 2.7160987402161543
154.0 3.025467555246791
155.0 2.7230758038748193
156.0 2.917795067769048
157.0 2.4859241360453184
158.0 2.6765675439366556
159.0 2.493601808742049
160.0 2.823520883698119
161.0 2.8730165650147446
162.0 2.5190508920663577
163.0 2.65409026545173
164.0 2.7515156978278883
165.0 2.6254359123065205
166.0 2.668813738068337
167.0 2.669333916585087
168.0 2.5387802143483316
169.0 3.0041767354304274
170.0 2.518403055505433
171.0 2.542584805120384
172.0 2.8265994561302876
173.0 2.6788461719851258
174.0 2.957329747952182
175.0 2.8562667713836056
176.0 2.596892515514815
177.0 2.776462906366482
178.0 2.564736375114706
179.0 2.904255015195538
180.0 2.9426823166197407
181.0 2.9095619912184834
182.0 2.7368368821409894
183.0 2.7888653764552878
184.0 2.77457303145305
185.0 2.6292267945532823
186.0 2.4859263588378684
187.0 2.9863981073977706
188.0 2.7855229587015042
189.0 2.803181341010387
190.0 2.763475572774241
191.0 2.866650285833744
192.0 2.552386993551035
193.0 2.642950401577111
194.0 3.198391157226851
195.0 3.1492771296566238
196.0 2.866430284572654
197.0 2.7236049064749674
198.0 3.0527008348576667
199.0 2.7668875655487275
200.0 2.882504576260111
201.0 2.8941806164032826
202.0 2.8431397955289954
203.0 2.8529724270369967
204.0 2.843458340094535
205.0 2.595318506350343
206.0 2.7685349444765475
207.0 2.8682658280083366
208.0 2.7928065162424507
209.0 2.753579609751097
210.0 2.990948687116368
211.0 3.072809803153148
212.0 2.802124487197803
213.0 2.6815567043365167
214.0 3.1685034036215054
215.0 2.56779524040733
216.0 2.9590167595805124
217.0 2.977950431419337
218.0 3.025724703923016
219.0 2.633076214825032
220.0 3.1158682698456794
221.0 3.0434090304760484
222.0 3.111325940534053
223.0 2.8367480645685017
224.0 3.141211963426496
225.0 2.7362253942894945
226.0 3.628631774880348
227.0 2.986037779369135
228.0 2.590901612631728
229.0 2.913068580560754
230.0 3.083717889908295
231.0 2.818015795141515
232.0 2.6225991648392104
233.0 2.477447135809773
234.0 2.6094851369209824
235.0 3.083588787770961
236.0 2.8216280401201197
237.0 2.7892281946837714
238.0 2.907242568991556
239.0 2.90017740595093
240.0 2.9570242320060327
241.0 2.3541230435394684
242.0 2.7435124162557307
243.0 2.8568728506047654
244.0 2.5943712586605363
245.0 2.800716803409748
246.0 2.6156954659312763
247.0 2.832416715783409
248.0 2.5758453990751757
249.0 2.7932733973410304
250.0 3.180577733185861
251.0 2.7208846403745293
252.0 2.739813071179181
253.0 2.6407097578069694
254.0 2.7555523593804745
255.0 2.746654878675995
256.0 2.754649369243606
257.0 2.709923760988786
258.0 2.4874580213438935
259.0 2.874262460499921
260.0 2.8618810171018616
261.0 2.974531750978121
262.0 2.8141419813393007
263.0 3.207475407127508
264.0 2.5550334312792935
265.0 2.8997215298523065
266.0 2.6482002133130287
267.0 2.6401336806424656
268.0 3.0616622983353543
269.0 2.707397057669173
270.0 2.9075133142214096
271.0 2.9690249240816176
272.0 2.840900514162946
273.0 2.937857719467911
274.0 2.88907471835518
275.0 2.831963133560097
276.0 2.897810349138191
277.0 2.8676492065741193
278.0 3.3197700910250028
279.0 2.8570289466394527
280.0 2.8204009989970977
281.0 3.1487914474987964
282.0 3.068265787922337
283.0 2.5729618519883095
284.0 2.8524171678591226
285.0 3.097247170070233
286.0 2.61633944841772
287.0 3.171810461746062
288.0 2.946452645984301
289.0 3.1621236348523416
290.0 3.0870420065321045
291.0 2.628294444041889
292.0 2.6807577269006977
293.0 2.599468845822403
294.0 3.505562368483055
295.0 2.7116584696570123
296.0 2.728977973189081
297.0 2.719412252305466
298.0 3.01957044181146
299.0 2.8859593347925725
300.0 2.854763635881051
301.0 3.1461507242435123
