0.0 2.9561735672634293
1.0 2.855393373988972
2.0 2.8968378239833537
3.0 2.6934717415119707
4.0 2.905999757199409
5.0 2.3952335419623485
6.0 2.9433416948200932
7.0 2.6505234075679405
8.0 2.8759246450749276
9.0 2.96817192902803
10.0 2.8088706951725175
11.0 2.621837092239633
12.0 2.6642061866947917
13.0 2.9470378387546527
14.0 2.7514306348265434
15.0 3.2216642760110017
16.0 2.7699016399820975
17.0 2.8058194073515788
18.0 2.8912742424301734
19.0 3.158423428586501
20.0 2.497679372722203
21.0 2.5621922447810266
22.0 2.866759938619601
23.0 2.641904620295038
24.0 2.823884761301767
25.0 2.594858540479893
26.0 2.7341573758883477
27.0 2.673858309355173
28.0 2.7071275514585293
29.0 3.016836140240849
30.0 2.8729953981998686
31.0 3.1056163293715495
32.0 2.827709586613254
33.0 2.969538370051033
34.0 2.99714408289225
35.0 3.3604019410270745
36.0 2.906778528660029
37.0 2.58505670873021
38.0 3.085843324684423
39.0 3.056104510263654
40.0 2.9112034234449977
41.0 2.855505929316707
42.0 3.0323769536383924
43.0 2.9426914918990184
44.0 2.8951745245182834
45.0 3.077545241139985
46.0 2.9798799879030633
47.0 2.9190954438574646
48.0 2.752773171788906
49.0 2.8365501052435866
50.0 2.737469707267789
51.0 3.0627599625905133
52.0 2.8173915130755587
53.0 2.9781995600971523
54.0 2.931111864883501
55.0 2.7417120102026984
56.0 2.9673048443002674
57.0 2.89670295101529
58.0 3.1464241729231897
59.0 2.9150033012619305
60.0 2.4128076067915116
61.0 2.9493868504121603
62.0 3.0513993880157697
63.0 2.9565105276582138
64.0 2.791179124039251
65.0 2.8560219537615823
66.0 2.536813812493682
67.0 2.7335482916339866
68.0 2.74879067399188
69.0 2.601999259299207
70.0 2.8133771620610135
71.0 2.9866826419860963
72.0 2.5882859640182914
73.0 2.625315138169528
74.0 2.7620419433471737
75.0 2.649524328659777
76.0 2.6066056604082126
77.0 2.444737248485751
78.0 3.0142677878970785
79.0 2.8162775985784245
80.0 2.4768122197732017
81.0 2.9194495599359254
82.0 3.0583844106948934
83.0 2.5822766332599243
84.0 3.0451735382274756
85.0 2.7860792329957804
86.0 2.8706457783121446
87.0 2.4935792300071995
88.0 2.8441714175286257
89.0 2.8237152179208174
90.0 2.888454166471791
91.0 2.7795035745722343
92.0 2.8126050647363527
93.0 2.7531499677292444
94.0 3.025272615243906
95.0 3.032176778021398
96.0 2.7414508388302785
97.0 2.625375783394254
98.0 3.1162959889133672
99.0 2.7006097226561168
100.0 2.732809387790639
101.0 2.912306927630602
102.0 2.7896607714958437
103.0 2.4895192153466037
104.0 3.0453713675404406
105.0 2.8004228888462666
106.0 2.7985725765664067
107.0 2.841004358787335
108.0 3.1071778758315487
109.0 2.9376794416708694
110.0 3.0369282421091897
111.0 2.6764770034526424
112.0 2.719446420875449
113.0 2.9879512397377628
114.0 2.947978992255
115.0 2.8161924732286265
116.0 2.8571135197835673
117.0 3.1035072752893034
118.0 2.8529349039693757
119.0 2.8212942155440297
120.0 2.6845312629383153
121.0 3.010425344698293
122.0 2.919908090010378
123.0 2.8713324048583857
124.0 2.774052995873673
125.0 3.15321493449472
126.0 3.079501204849498
127.0 2.683938182346779
128.0 3.123988263793925
129.0 3.205648040821375
130.0 2.7558939435207312
131.0 2.7692004531644416
132.0 3.002959551757658
133.0 3.048548820727221
134.0 2.8704369482994823
135.0 2.997799629064903
136.0 3.2869322003742716
137.0 2.6096408451807944
138.0 3.239102482501222
139.0 2.423912893863467
140.0 2.647714562037162
141.0 2.7431223174149215
142.0 2.8961991634925925
143.0 2.7427458125261883
144.0 3.0201484501866758
145.0 2.967554231859402
146.0 2.9728601997898454
147.0 2.575524469534021
148.0 2.7436936376415852
149.0 2.681246745428635
150.0 2.870602607915696
151.0 3.0319837832082177
152.0 2.899002802063633
153.0 2.929214123146619
154.0 2.755011490500638
155.0 2.8510942202632545
156.0 2.6329037074348633
157.0 3.0705543459587763
158.0 2.7602369018349067
159.0 2.5710957623565345
160.0 2.681213599750448
161.0 2.7806128553549514
162.0 2.868583054645513
163.0 2.8834628150180945
164.0 2.793357437959904
165.0 2.8737741023816916
166.0 2.4942529064168286
167.0 3.227912686991631
168.0 2.9348280987676407
169.0 3.2416252214884325
170.0 3.0877468025232644
171.0 2.8407655508005605
172.0 2.640233253436561
173.0 2.4771169559951054
174.0 2.7223078904186346
175.0 2.6410472706329733
176.0 2.9849269885904284
177.0 2.915620528347519
178.0 2.892559549714824
179.0 2.784706945950453
180.0 2.580342081077689
181.0 2.6613126174681483
182.0 2.9563560195424263
183.0 3.290647971711012
184.0 3.165867406250279
185.0 2.983557399699488
186.0 3.1645685492152897
187.0 2.7280361565499054
188.0 3.1290080816109596
189.0 2.8019515314280854
190.0 2.938439614724581
191.0 2.461144198504363
192.0 2.9557855894673613
193.0 2.775487824330921
194.0 2.68076015622738
195.0 2.5088481318776026
196.0 2.52027291178878
197.0 2.8446521663126303
198.0 2.692851352214283
199.0 2.8778907545476766
200.0 2.6668645854700346
201.0 2.907543321680087
202.0 2.802365399689646
203.0 2.9634828857255693
204.0 2.9267318253047394
205.0 2.7845428138417034
206.0 2.7990896175447992
207.0 2.9562459769229976
208.0 2.7815594813303486
209.0 2.7667363345207954
210.0 2.92193631100127
211.0 2.8904726319573353
212.0 2.6556256230814292
213.0 3.1752602205542093
214.0 2.9038220214863704
215.0 3.2911902892841347
216.0 2.688486193887933
217.0 2.745543451480053
218.0 2.7641631798833393
219.0 2.7128627495505033
220.0 2.68722843641818
221.0 3.1570876351842245
222.0 2.614729856799705
223.0 2.8695799489588554
224.0 2.459347664318805
225.0 3.0558555069030233
226.0 2.6252275515076953
227.0 2.786671956789247
228.0 2.5698422992578633
229.0 2.728561630158351
230.0 2.694909285960402
231.0 2.826038018862678
232.0 2.98104125704032
233.0 2.9172917299640893
234.0 2.8826602464935407
235.0 2.8115953776771625
236.0 3.2835116806534614
237.0 3.0166594529828434
238.0 3.039390244513785
239.0 2.608355734810604
240.0 3.038416760763296
241.0 2.9279576043793822
242.0 2.7038828668676866
243.0 2.9619002407345794
244.0 2.82574798380922
245.0 2.9852988448986153
246.0 2.800201734289942
247.0 2.7465296760950273
248.0 2.924414105441933
249.0 2.660630732465745
250.0 3.1532757407663574
251.0 2.576100450584415
252.0 2.8594995885570684
253.0 2.507437401960003
254.0 2.5068692299727786
255.0 2.707202517221959
256.0 2.790984810185563
257.0 2.6813395482325886
258.0 2.704697050338691
259.0 2.7445082737544007
260.0 2.7267830534383286
261.0 2.7802249472310896
262.0 2.984134663047486
263.0 2.617095788898194
264.0 3.027436479415523
265.0 2.7869424185527136
266.0 3.12400147856972
267.0 2.7054690769865033
268.0 2.83649972038164
269.0 2.614306253835432
270.0 2.844900122186706
271.0 2.767984248739112
272.0 2.7283134465800116
273.0 2.85080330365898
274.0 2.5116472964794614
275.0 2.835282118977242
276.0 2.6091518205728224
277.0 2.439360141431729
278.0 2.7696193550597514
279.0 2.8670125780039064
280.0 2.8517118664016654
281.0 2.835547250607633
282.0 2.753731836442568
283.0 2.7268999523825146
284.0 3.2029501951230164
285.0 3.069710118609913
286.0 2.7247289228692764
287.0 3.3249670085325316
288.0 2.988500532515942
289.0 3.0609002032241004
290.0 3.2903066461388257
291.0 2.7653750966740804
292.0 2.9830200514837855
293.0 2.7679574203883086
294.0 2.745551088830937
295.0 3.034118277386549
296.0 3.2868429984981162
297.0 2.7926141012561483
298.0 2.643770057436686
299.0 3.0158071783105562
300.0 3.010054631536314
301.0 2.839950825394373
