0.0 2.552423372264612
1.0 3.301781986560285
2.0 2.515990125883193
3.0 2.8820349643824796
4.0 2.5057107581831843
5.0 2.844846406793806
6.0 2.802300839411246
7.0 2.679029623141319
8.0 2.625247608753701
9.0 2.794414049302217
10.0 3.219453450359087
11.0 2.897879049759887
12.0 3.047233539993825
13.0 2.8975572867453105
14.0 3.1427754779497974
15.0 2.700499715424181
16.0 3.0594264323390514
17.0 2.6730577514505667
18.0 2.660862172200565
19.0 2.869140124600229
20.0 2.84737159113487
21.0 2.786729700192804
22.0 2.827160188629431
23.0 3.268630986151375
24.0 3.2095348964089396
25.0 3.0137616575797437
26.0 2.723499834914737
27.0 2.9829709350556537
28.0 2.9707031375710695
29.0 2.5158969443150756
30.0 2.9344078936648974
31.0 3.1215722762482514
32.0 3.073343658875238
33.0 2.8412218887185174
34.0 2.7880691857384856
35.0 2.82722214744107
36.0 2.6466721082537297
37.0 2.9929561909165385
38.0 3.05533282061119
39.0 3.1349623647475515
40.0 3.0734651813295653
41.0 2.5564750859107988
42.0 2.9965887250465943
43.0 3.2645521833059052
44.0 2.9474352509447805
45.0 2.9811453198614863
46.0 3.0634991345268454
47.0 3.0244229183254783
48.0 3.0390344984913504
49.0 2.826009185533473
50.0 2.9881696540422396
51.0 2.626599230585728
52.0 3.0196338299832255
53.0 2.689831745174952
54.0 2.9713675335195227
55.0 3.123909599527828
56.0 2.708189226211751
57.0 2.932721033482378
58.0 2.973184405393585
59.0 3.436636301948489
60.0 2.969976432181318
61.0 2.905051498908291
62.0 2.8336455821841073
63.0 2.8953707258951247
64.0 2.6053210244769134
65.0 2.8375207575319514
66.0 2.929171158468878
67.0 3.1767232272792336
68.0 2.5721301466381514
69.0 2.523741858109202
70.0 2.7990062931810864
71.0 2.757655810729823
72.0 2.7855506967029133
73.0 3.162373657004318
74.0 2.6962769698691247
75.0 2.972697227144973
76.0 3.04674199540295
77.0 2.842978930162917
78.0 2.87814050793228
79.0 2.4376734640333373
80.0 2.7527772530924524
81.0 2.825671063400546
82.0 2.8600193600891557
83.0 2.7022731959871935
84.0 2.748691291355717
85.0 2.9493627077208657
86.0 2.821431045732287
87.0 2.728296796309079
88.0 2.79687902806922
89.0 2.6616063797876572
90.0 2.5507267112637666
91.0 2.9520590031882397
92.0 3.132590425711728
93.0 2.8170973410864084
94.0 2.8324283697169186
95.0 2.873109572319716
96.0 3.150723977005789
97.0 3.032542094418746
98.0 3.0097228230650077
99.0 2.9231108120488742
100.0 2.8798440997193513
101.0 2.969322842546769
102.0 2.7723784465253813
103.0 2.781342495191466
104.0 2.9929379564825576
105.0 2.7937678342023164
106.0 2.8308213363861405
107.0 2.8045484261635827
108.0 2.7591462989774165
109.0 2.6576889794134777
110.0 2.805164564837616
111.0 2.9552746492103554
112.0 2.483992264871814
113.0 3.1338282505773405
114.0 2.804707107130639
115.0 2.743721739311991
116.0 2.8934257074533263
117.0 2.6926557649980674
118.0 3.0450682425374636
119.0 3.1945183390755925
120.0 3.0967447276425566
121.0 3.312068362509399
122.0 2.8047431917997425
123.0 2.707955174450063
124.0 3.256765848683828
125.0 3.0079359844794276
126.0 3.0451809562522345
127.0 2.7028161644374693
128.0 3.2676462628105707
129.0 3.090615717184653
130.0 2.825447773261743
131.0 3.1956882343466972
132.0 2.9766505060055652
133.0 2.9415061772007056
134.0 2.733224315813621
135.0 2.700357428956636
136.0 2.8575956617247997
137.0 2.6861083448760086
138.0 2.6589026503473834
139.0 2.8581160498040408
140.0 2.4460636639113944
141.0 2.9921420251296666
142.0 2.7444760352706328
143.0 2.7681594758891537
144.0 2.8575081581171036
145.0 2.538811760801173
146.0 3.1475225589384244
147.0 2.6077035538540967
148.0 2.9035940536213967
149.0 2.6102795846411357
150.0 2.76955309285802
151.0 3.379402723466384
152.0 3.0809926171645428
153.0 2.5520144955834425
154.0 3.1045998147160088
155.0 2.713595688972836
156.0 2.741943825909573
157.0 2.5073327440390067
158.0 2.863976993153154
159.0 2.566385124976178
160.0 3.0583815836224604
161.0 2.8932514500700437
162.0 2.4907894531446355
163.0 3.021573707528978
164.0 2.499134369936553
165.0 3.092682643285408
166.0 2.6973106570264505
167.0 2.748864733167683
168.0 2.666826227856754
169.0 2.7440029811138436
170.0 2.8849419862665164
171.0 2.584756204426218
172.0 2.985168718263529
173.0 2.573020582052249
174.0 3.022256804223282
175.0 2.891130695646614
176.0 2.6108513759684935
177.0 2.9105881543997714
178.0 2.7193939361119255
179.0 2.977260910102879
180.0 2.7892006640834
181.0 2.6332404062684582
182.0 3.207197145167946
183.0 3.0222741026375655
184.0 2.723357207493686
185.0 2.73838207375217
186.0 2.7588565944125616
187.0 2.9112625796842257
188.0 2.8747664039284304
189.0 3.112359265304611
190.0 3.024931240948673
191.0 2.6596583256320296
192.0 2.737230930622736
193.0 3.16063523231316
194.0 2.857842562677552
195.0 2.9653963504408973
196.0 3.179722350129918
197.0 3.0300626321565156
198.0 2.8640883856603905
199.0 2.971538551375965
200.0 2.8528471475451114
201.0 3.0308068562527155
202.0 2.826513051218824
203.0 2.807141212659991
204.0 2.997087103492461
205.0 3.007827815966587
206.0 3.399641368717994
207.0 2.7941804939456363
208.0 2.882665753558597
209.0 3.2082673620805937
210.0 2.907576805783345
211.0 2.67979446964629
212.0 2.9224900903337674
213.0 3.1440533197915252
214.0 2.8831093624405555
215.0 2.814716408188347
216.0 2.8454618633375186
217.0 3.0649948569766283
218.0 2.9676312120366606
219.0 2.669508807416593
220.0 3.117237535297538
221.0 2.9326689444586487
222.0 2.7603009385276156
223.0 2.7072966172829136
224.0 3.083480045839056
225.0 2.9600600449315113
226.0 2.7067210899720537
227.0 3.399923548522879
228.0 2.9085223115658385
229.0 2.784229175247789
230.0 2.822285842872636
231.0 3.418566183314695
232.0 2.909107216013199
233.0 2.5460780966826273
234.0 2.807570039060068
235.0 2.884867325710895
236.0 3.072351462564466
237.0 2.8707102061576664
238.0 3.0367095626323652
239.0 2.8488471919405103
240.0 2.889052521337111
241.0 3.2271256631219587
242.0 2.9708873933952686
243.0 2.7697545666969243
244.0 2.5146415730556377
245.0 2.5929789485621093
246.0 2.648076938043125
247.0 2.4843688728151334
248.0 2.7875038565882733
249.0 2.95787837100542
250.0 2.7318384096167425
251.0 3.2446595691154037
252.0 2.523336766786741
253.0 2.6774327723452633
254.0 3.082384504463319
255.0 2.776288855940342
256.0 2.8853652809171932
257.0 2.796511903795668
258.0 2.9635621784121193
259.0 2.5995660960287155
260.0 2.7355008984884925
261.0 3.1023215804993876
262.0 2.591789179380745
263.0 2.625733538539281
264.0 2.991855140976005
265.0 2.758114983778643
266.0 2.5191991565677503
267.0 2.938722567266361
268.0 2.898488682336407
269.0 2.731902725676303
270.0 2.885712086854265
271.0 2.87497744835941
272.0 2.8542675497551473
273.0 2.9031957021387114
274.0 2.854461949675314
275.0 2.826257681706166
276.0 3.2419355559273138
277.0 3.146734868805138
278.0 3.1808740096495947
279.0 2.688149295519982
280.0 3.160602263502732
281.0 2.769843016444739
282.0 2.7753068630457194
283.0 2.8613137256344636
284.0 2.9445615716328017
285.0 3.065269887035362
286.0 2.5327769998427585
287.0 2.9271494018477844
288.0 3.093912463882726
289.0 2.7345248264865414
290.0 2.795481035216589
291.0 3.0162912599179093
292.0 2.799093741251827
293.0 2.7870950582328637
294.0 2.730397033287946
295.0 2.6645395844397832
296.0 3.089095213193341
297.0 2.760133817388092
298.0 2.9556232578924706
299.0 2.744491320268293
300.0 3.0473569783975067
301.0 2.7226781480291953
