0.0 2.7854441262613996
1.0 3.0793087406010486
2.0 2.917028798934205
3.0 2.6465728206550447
4.0 3.1529859726453564
5.0 3.3540500471582466
6.0 2.4669722470984388
7.0 2.8078180477246777
8.0 2.7094326719410353
9.0 2.8536884384244905
10.0 3.0374448017607527
11.0 2.8571981282821866
12.0 2.6395298507161176
13.0 3.375317429830596
14.0 2.6684087611198697
15.0 2.792213330832938
16.0 3.077414779498369
17.0 3.159868817200304
18.0 2.86297733424655
19.0 2.992090044252775
20.0 2.8047185950576554
21.0 2.8493379927419555
22.0 2.6782167427210126
23.0 2.933138914356247
24.0 2.660246733589104
25.0 2.8471473046879323
26.0 2.8186491729351446
27.0 2.8216191673780475
28.0 2.947210969480209
29.0 2.9489336337085494
30.0 2.619298923370994
31.0 2.789761054811508
32.0 3.261581629551859
33.0 2.815280137952355
34.0 3.0085438825864945
35.0 2.965393096485837
36.0 3.004863407444106
37.0 2.9450140259687347
38.0 2.932191667100196
39.0 2.4375711169414007
40.0 2.984522410052302
41.0 2.9150095450561273
42.0 2.7083165965561156
43.0 2.9890555828605025
44.0 2.9983128826203034
45.0 2.803164916963647
46.0 3.0033069969700996
47.0 3.0010202192965187
48.0 2.5966011305961225
49.0 3.133090384458204
50.0 2.948375046393142
51.0 2.8908013390395175
52.0 3.1620189905242095
53.0 2.511271299764119
54.0 3.1456735611448066
55.0 2.984754107613195
56.0 2.7814768477887193
57.0 2.804862520788993
58.0 2.5372739446911985
59.0 2.9242148621775557
60.0 2.724538284757818
61.0 2.992827082738522
62.0 2.828756847813703
63.0 2.55303516951853
64.0 3.537491005999279
65.0 3.066126930472181
66.0 2.871653451616572
67.0 2.9566368575314335
68.0 2.9332227074953674
69.0 2.6170013268680736
70.0 2.4640755942999153
71.0 2.7994015644321455
72.0 2.52515845713384
73.0 2.7363963031134286
74.0 2.757708662736358
75.0 2.5131081136764863
76.0 2.6394283015437083
77.0 2.659726488415094
78.0 2.9083381245084188
79.0 2.7595552738321487
80.0 2.8105423364580084
81.0 2.9625246756579107
82.0 2.8005944761770065
83.0 2.9957079648556295
84.0 2.680832674640742
85.0 2.7567031558627906
86.0 2.968103283080309
87.0 2.9092598132837084
88.0 3.1778245487631533
89.0 2.7403286474917414
90.0 2.7911886508495334
91.0 3.064700648137305
92.0 3.0433793481061344
93.0 2.9119119433137524
94.0 2.6088200356231805
95.0 3.0505588868094877
96.0 3.119536015786931
97.0 2.817697260766875
98.0 2.845721998187295
99.0 2.8347945082577155
100.0 2.7796720397898578
101.0 2.4819786302175144
102.0 3.0891815791841766
103.0 2.5359412096627283
104.0 2.6677148427435866
105.0 2.7566975594348992
106.0 2.760451242872533
107.0 2.9003665171982296
108.0 2.694879066180788
109.0 2.6590703071809467
110.0 2.888073894205294
111.0 3.042312806537323
112.0 3.271154138744875
113.0 2.5535977517248956
114.0 3.2465946492291113
115.0 2.8552669746269745
116.0 2.9882888001937418
117.0 2.962157765681236
118.0 3.1184082954494516
119.0 3.2795913986298566
120.0 2.8313177365476565
121.0 3.0101495739519346
122.0 2.8678001637174955
123.0 3.235266598410638
124.0 2.9554030829946187
125.0 2.6151840548456544
126.0 2.8842292000143908
127.0 2.866204132572085
128.0 2.8920027801114006
129.0 2.8463065941257097
130.0 2.7314634756682765
131.0 3.0906231561649027
132.0 3.0736135360792236
133.0 2.929101539810269
134.0 3.1876284244490094
135.0 2.9617040363335296
136.0 2.662465523145129
137.0 2.8620698362496864
138.0 2.537504096134323
139.0 2.8083478033686107
140.0 2.9586224662324927
141.0 2.62281337264443
142.0 2.65543606120094
143.0 3.1966133494082665
144.0 2.7244843625965416
145.0 2.6665374571299925
146.0 3.0833321977432333
147.0 2.583705706811633
148.0 2.9942682776998804
149.0 2.574260715873999
150.0 2.7064953423661664
151.0 2.7054020814205972
152.0 2.723768417503851
153.0 2.7255612373637095
154.0 2.956053058569611
155.0 2.6257516291380725
156.0 2.790025276991761
157.0 3.0855682838950944
158.0 2.557937293635196
159.0 2.505945068487917
160.0 2.7189994696015027
161.0 2.751177046103977
162.0 3.132816187315433
163.0 2.6886257389303574
164.0 2.7571014430088656
165.0 2.8682194536633645
166.0 2.6696149753714287
167.0 2.732857865986794
168.0 2.4634118740914004
169.0 2.9991193076436455
170.0 2.6620311117356525
171.0 2.514173799773771
172.0 3.0936613323985815
173.0 3.03057946245882
174.0 2.6858321124772973
175.0 2.969050249381596
176.0 2.6688694951527157
177.0 3.179985556963098
178.0 3.2876178419086908
179.0 2.843216985476184
180.0 2.6129964191490584
181.0 3.0924880129751178
182.0 2.7015267767034503
183.0 2.7190171350346883
184.0 2.9284957690121862
185.0 2.781142336130487
186.0 2.55365512309991
187.0 2.853040577766694
188.0 2.808560960564868
189.0 3.1773619526843633
190.0 2.723645003636422
191.0 3.05609414326365
192.0 2.7964794595207696
193.0 3.02972584206589
194.0 2.7930776172303537
195.0 2.507153351807608
196.0 2.9303512224659087
197.0 2.6439807585845077
198.0 2.6074817359173763
199.0 3.2200256756831775
200.0 2.9541848168689593
201.0 2.7988906165717395
202.0 3.284726559134221
203.0 3.111670521287635
204.0 2.7838663956945378
205.0 2.83536352190636
206.0 2.7310039904562746
207.0 3.018120382114513
208.0 2.8694319968750857
209.0 2.882639234031275
210.0 2.7803104797641374
211.0 2.6565609369841097
212.0 2.8546306079845514
213.0 2.8741219166509424
214.0 2.6488793363194127
215.0 2.597617375076652
216.0 3.006655609591183
217.0 3.0631441388890313
218.0 2.900772500584623
219.0 3.1137590405094735
220.0 2.861252612383168
221.0 2.7044399091513993
222.0 2.902797943033961
223.0 2.593577193633702
224.0 3.20653210523192
225.0 2.8824541596729496
226.0 2.954696438171696
227.0 2.6538517129646912
228.0 2.818699215467195
229.0 2.8019821573961354
230.0 2.901746133074001
231.0 2.8114842049600703
232.0 2.669323477403481
233.0 2.8984995293772275
234.0 3.278303320273668
235.0 3.0026407469843157
236.0 2.902753884210341
237.0 2.928513509341323
238.0 2.9300422475607584
239.0 2.8275983058232743
240.0 3.4006132437690306
241.0 3.0643248801887335
242.0 3.033372722092669
243.0 2.964980566567415
244.0 2.912434477187214
245.0 2.8283455140315166
246.0 2.912009429701347
247.0 2.6909440459512575
248.0 2.7538293997618744
249.0 2.906438688745718
250.0 3.066077232916619
251.0 2.6574099998170815
252.0 2.688710188449607
253.0 2.8246881961867327
254.0 2.7836257272720526
255.0 2.546473642437955
256.0 2.7388873655465233
257.0 2.8732816618202204
258.0 3.0402594953838027
259.0 2.647769110296507
260.0 2.8619972014296464
261.0 2.726974330105867
262.0 2.6311397573501494
263.0 2.8397372716682368
264.0 2.779933716318986
265.0 2.8689259785491097
266.0 2.837495634044884
267.0 2.608524462580217
268.0 2.85662185699595
269.0 2.8421417535843103
270.0 2.8980173696821696
271.0 2.875515446771542
272.0 2.8506698479912944
273.0 2.7919672007859506
274.0 2.9532099918789783
275.0 3.102664548376103
276.0 3.2874189666210354
277.0 2.903160013408111
278.0 2.8885657100988587
279.0 2.6353439336519044
280.0 3.1016531023485054
281.0 2.835398140117719
282.0 2.5241617541327654
283.0 2.672118824100613
284.0 2.842075204795956
285.0 2.7461898739671415
286.0 2.882806838883843
287.0 3.1655152935602056
288.0 3.3225726965822124
289.0 2.749379635734094
290.0 2.728429462210436
291.0 3.009479298336053
292.0 2.6582798232155205
293.0 2.7116226194420032
294.0 2.8947517324281216
295.0 2.850079744856283
296.0 2.8869851627879948
297.0 2.63007817716883
298.0 2.7190369023592833
299.0 2.818222262743647
300.0 2.9425936711568257
301.0 2.738030423141107
