0.0 2.5108682320469096
1.0 2.927694246938344
2.0 2.6461531972020857
3.0 3.15688219185419
4.0 2.8600525444774436
5.0 2.6456444484429187
6.0 2.920612981379845
7.0 2.8200916620800833
8.0 2.8732896161211783
9.0 2.7426750194955494
10.0 2.8221242803770243
11.0 2.8829403784819956
12.0 2.80944763504214
13.0 2.924426510697676
14.0 3.260700182403488
15.0 2.9127822491390374
16.0 2.66499234060499
17.0 2.65795809176296
18.0 2.9596543939443274
19.0 2.7188606736812546
20.0 3.0192980340205082
21.0 2.821067987450865
22.0 2.836595940581384
23.0 3.2661882147659096
24.0 2.9100528285592087
25.0 3.1383969031258667
26.0 2.638189671165468
27.0 2.8957381918031735
28.0 2.819576590770592
29.0 2.7732432734459467
30.0 2.9007411100221123
31.0 2.9054469175568407
32.0 2.6221051415064522
33.0 3.3564334415330013
34.0 3.088134020579057
35.0 3.0789018833873123
36.0 2.745292650196786
37.0 3.041970989163636
38.0 3.0455282318716037
39.0 2.828512340638161
40.0 2.9855376876618984
41.0 3.1062262742155142
42.0 2.7211036753259066
43.0 3.1355283621975283
44.0 3.02465740377744
45.0 2.43941417112612
46.0 2.7144975158837914
47.0 2.7872118398308108
48.0 3.0395868802705563
49.0 2.7252497324073124
50.0 3.044285302403569
51.0 3.0159030268804976
52.0 2.866653880818249
53.0 2.7943837557133104
54.0 3.3035221417850558
55.0 3.0179929826725633
56.0 2.8658982416316414
57.0 2.9612294080241517
58.0 2.7999591069419485
59.0 2.6307544872184168
60.0 2.8494452887470856
61.0 2.5497125283584796
62.0 2.7196490559946698
63.0 2.689347379004413
64.0 2.5867123157204874
65.0 2.577166976379609
66.0 2.670225394368216
67.0 2.8717611249795945
68.0 2.5601499827403265
69.0 2.585574915921336
70.0 2.911648192622403
71.0 2.4943019792039736
72.0 3.199829797847725
73.0 2.907949049186132
74.0 2.722964167955979
75.0 2.5268020722765794
76.0 2.8312419131728137
77.0 2.474091274992843
78.0 2.677559896195591
79.0 2.9219486441617533
80.0 2.6701375946030934
81.0 2.760773205541304
82.0 2.7137696410031147
83.0 2.8449716000242176
84.0 2.7609321385495007
85.0 2.9424855271160517
86.0 2.876335933910852
87.0 2.6009689256189703
88.0 2.7176628557525175
89.0 3.101136075081924
90.0 2.862592966895721
91.0 2.7728472988705013
92.0 2.5569146820866155
93.0 2.8901039311621433
94.0 2.872847030790723
95.0 2.8434915612194893
96.0 3.2083994382022203
97.0 3.0311481962792883
98.0 2.9416679305517146
99.0 2.993343705125173
100.0 2.903245582018525
101.0 2.932141354190936
102.0 3.1049957208830725
103.0 2.8529100002296497
104.0 2.8624596808639127
105.0 2.9052036056646933
106.0 2.782991957795898
107.0 3.119301104234257
108.0 2.962942393343686
109.0 2.8296111812682714
110.0 2.789357488449368
111.0 2.6271759100559358
112.0 2.85081656753488
113.0 2.821945210024737
114.0 3.031824972640691
115.0 2.5717631061353052
116.0 3.136270483761285
117.0 2.665092173886859
118.0 3.0478209597460317
119.0 2.817864708199582
120.0 2.67446977948877
121.0 2.862658950370803
122.0 2.892018570665585
123.0 2.9562058167454976
124.0 2.6284054031153525
125.0 3.170994991457634
126.0 2.9528785721642032
127.0 2.726499221346205
128.0 2.950138859062248
129.0 3.0072178104879925
130.0 2.798781943460992
131.0 2.7841943911580604
132.0 3.097611905220784
133.0 3.277873424697398
134.0 3.4489907754431908
135.0 2.920075276260199
136.0 2.995225421543758
137.0 2.851992323432412
138.0 2.531142451348752
139.0 2.4753614735755924
140.0 2.7587811231084625
141.0 2.918809734305497
142.0 2.9070726436438763
143.0 3.086898121499064
144.0 2.7965161763778013
145.0 3.2078434446868664
146.0 2.680142453637722
147.0 2.961376230374724
148.0 2.802629752304683
149.0 3.002146970303241
150.0 2.897670050027613
151.0 2.9158976784766697
152.0 3.095106269773884
153.0 2.5468325699980205
154.0 2.8439552576030223
155.0 2.4401534759096912
156.0 2.8138920082978185
157.0 2.7490464340877767
158.0 2.3398130893090268
159.0 2.527085123090577
160.0 2.831627698285363
161.0 2.53618601713041
162.0 2.7947624980826844
163.0 3.265197543935949
164.0 2.822471039532685
165.0 3.0841056510134073
166.0 2.673813525787924
167.0 3.222935211926827
168.0 2.9889355632499246
169.0 3.2199104454605307
170.0 3.2709976829688867
171.0 2.6459857335901997
172.0 2.968149141940579
173.0 2.6461840934743637
174.0 2.7967079529388834
175.0 2.6129042520396553
176.0 2.7087388785099544
177.0 2.9736761784444234
178.0 2.777939933331145
179.0 2.766184321843525
180.0 2.665815671985731
181.0 3.0064308990947173
182.0 2.9264884261219786
183.0 3.219832428046663
184.0 3.0838522504557493
185.0 2.956202698269544
186.0 3.128103903220692
187.0 2.635151126493315
188.0 3.19541769963064
189.0 3.0508544495969905
190.0 2.901022067571907
191.0 3.002502500912854
192.0 2.8603848962817144
193.0 2.553404526211869
194.0 2.68134872869022
195.0 2.7765299344436722
196.0 2.923476512813409
197.0 2.655220270750431
198.0 2.7292122614961762
199.0 2.3869337807748385
200.0 3.031818807545201
201.0 2.7823689374903533
202.0 2.8919459925525772
203.0 2.9449922767773558
204.0 2.743787569672374
205.0 2.858184281409886
206.0 2.8817791996199307
207.0 2.9541212061832063
208.0 3.050879303470111
209.0 2.994821367866685
210.0 2.7839436193738325
211.0 2.6618029140810133
212.0 3.0731513857441186
213.0 2.7928635913793185
214.0 2.8147339454243103
215.0 2.803786163903856
216.0 3.2855112545148577
217.0 2.5357299857946507
218.0 2.9997933381945137
219.0 2.8121094587726634
220.0 3.0493531707147317
221.0 2.9760163279068594
222.0 3.1031046021001027
223.0 2.741616654371713
224.0 2.9335644041475613
225.0 2.780263714877298
226.0 2.704701825166474
227.0 2.9605741377869483
228.0 2.6317128006204404
229.0 2.695366437630966
230.0 2.8119463693566784
231.0 2.642346685621156
232.0 2.9930431888695943
233.0 2.7240513844972747
234.0 2.727464709695969
235.0 2.931744528551526
236.0 2.9185761796380065
237.0 2.9803481290708214
238.0 2.619780002297424
239.0 2.8823754171292526
240.0 2.843656316580992
241.0 2.909305242320412
242.0 3.078084362712624
243.0 3.287914803085455
244.0 2.8254840327076667
245.0 2.95722166357875
246.0 2.678920211624645
247.0 2.9967841789744485
248.0 3.285142462272061
249.0 2.804940423914663
250.0 2.7029890845288636
251.0 2.9058602309628525
252.0 2.9314842846597786
253.0 2.690588732205021
254.0 2.7648203161705296
255.0 2.655109573194792
256.0 2.9137456854598427
257.0 2.8272343189051794
258.0 2.653726271719325
259.0 2.7115495007802113
260.0 2.5805821584172164
261.0 2.642445577440441
262.0 2.793607925033265
263.0 2.924926095652915
264.0 2.9557578331738887
265.0 2.7373140771571234
266.0 2.5209422219939364
267.0 2.975358935186126
268.0 3.18185934201587
269.0 2.7860388044923017
270.0 2.9015504030338293
271.0 2.595763724240198
272.0 2.783928530041263
273.0 3.0420734443680737
274.0 3.0899084704871154
275.0 3.1341689171732137
276.0 2.944439753883915
277.0 2.657268535872851
278.0 3.1335339422278725
279.0 2.833324394332522
280.0 2.9889198125988288
281.0 2.9228219074839075
282.0 2.954842580143227
283.0 2.6615222616519327
284.0 2.6625969679917016
285.0 3.0382826112381993
286.0 2.4481606526727195
287.0 2.8574066690951354
288.0 3.045351565632816
289.0 2.5792066154247384
290.0 2.7710148406379727
291.0 2.793469313504168
292.0 2.4887534686897537
293.0 3.098781141511489
294.0 2.6893537871496846
295.0 2.7681852325184546
296.0 3.292434755874041
297.0 2.8272210465524457
298.0 2.891723551320343
299.0 2.805715950148379
300.0 2.8668841448199993
301.0 2.9887575982260866
