0.0 2.7522050388192576
1.0 2.702720756500296
2.0 2.626034136201728
3.0 2.888855852712199
4.0 2.946500898446183
5.0 2.745363741900859
6.0 2.7485219301867754
7.0 2.697283410248477
8.0 3.031667938561441
9.0 2.8041291233400294
10.0 2.774331548558041
11.0 2.7110064236774667
12.0 2.837313143870953
13.0 2.7466844710173977
14.0 3.086418290722331
15.0 2.8050380843855636
16.0 2.805304743335228
17.0 2.861163278627548
18.0 2.777038305054125
19.0 3.009751637233455
20.0 3.008637819917648
21.0 2.7983828266585493
22.0 3.098561661381951
23.0 3.098472698531468
24.0 3.047989922816693
25.0 3.112502132169822
26.0 2.691199527415974
27.0 3.017037280012207
28.0 2.8505006738444196
29.0 2.818205638617185
30.0 2.6356053955223526
31.0 2.694593449349716
32.0 3.081851636990778
33.0 2.810019628155647
34.0 3.1185714003719043
35.0 3.108486316045418
36.0 3.2586269187033565
37.0 2.770718216368425
38.0 2.855639366405434
39.0 3.3173830916962226
40.0 2.8070569666560936
41.0 3.158770562818553
42.0 2.750058618130687
43.0 2.741133801209716
44.0 2.66514305507145
45.0 2.8312094964033547
46.0 2.975066974014545
47.0 3.1104051682501597
48.0 2.764047597975239
49.0 3.4258678637208333
50.0 2.806757224455053
51.0 3.1488345713629533
52.0 2.7386833541954143
53.0 2.6826475981291424
54.0 2.8386010549666674
55.0 2.8914146416969175
56.0 2.5717803156606314
57.0 2.7915666440345026
58.0 3.0006869589819662
59.0 2.9613917850161213
60.0 2.953604059128752
61.0 3.041440806641716
62.0 2.6626080697773915
63.0 2.8767591384438593
64.0 2.7020825612148327
65.0 2.8015326702794425
66.0 2.5089929819215713
67.0 2.7597038116966246
68.0 2.585510516322248
69.0 2.7918518203608036
70.0 2.68006813655071
71.0 2.651349952556421
72.0 2.938240121516147
73.0 3.0057059138265627
74.0 2.5123219351781674
75.0 2.8104166414364435
76.0 2.566070434601804
77.0 2.5772795692145753
78.0 2.6253615401131873
79.0 2.9633854763852883
80.0 2.812549199212446
81.0 3.0070353595345116
82.0 3.1889447865283747
83.0 2.6157377665655988
84.0 2.6409575847133935
85.0 2.4791803881606707
86.0 2.7176293905584505
87.0 2.473277778245958
88.0 2.773129860570732
89.0 2.5572787269876356
90.0 2.6063047386269576
91.0 2.8344767916308418
92.0 2.692116369008939
93.0 2.8496924301120248
94.0 2.804392713234277
95.0 3.035964024775067
96.0 2.8078749674693793
97.0 2.8039217579461613
98.0 2.7033128516387124
99.0 2.9305744166827896
100.0 3.218046043906751
101.0 2.858675884003679
102.0 2.693706296604701
103.0 2.7279056801073622
104.0 2.6739758079676985
105.0 2.863987091312745
106.0 2.8327909659786474
107.0 3.0689300315922474
108.0 3.3407138383035053
109.0 2.5769945138662687
110.0 2.953229808792962
111.0 2.8370562495501663
112.0 2.8952488497133526
113.0 3.139091610356492
114.0 2.8907854310027616
115.0 2.8362340290416275
116.0 2.9110780474233193
117.0 2.677551716256083
118.0 2.821478660386548
119.0 2.873863670138671
120.0 2.909231071831608
121.0 3.061304330168341
122.0 2.853662628516349
123.0 2.786990727546486
124.0 3.1934476405369727
125.0 2.761098255340961
126.0 2.9206979705818195
127.0 2.8121920211586753
128.0 3.3625032293959407
129.0 2.771433933530621
130.0 2.705072951596804
131.0 2.552340937300165
132.0 2.817960914692635
133.0 3.1960746834566636
134.0 3.5753332929589203
135.0 2.4896370259055236
136.0 2.93255594437432
137.0 2.960271587204788
138.0 2.933468138070539
139.0 2.962271701588883
140.0 2.6853180968559527
141.0 2.911414306732658
142.0 2.7033886238729616
143.0 3.03121921410745
144.0 2.5167692136993725
145.0 2.5400794511737326
146.0 2.612155874244455
147.0 2.713860596851831
148.0 2.8283721860487447
149.0 2.63512343760406
150.0 2.948723957094547
151.0 2.6938698040479583
152.0 2.5547084404021696
153.0 2.8737658583684746
154.0 3.1971531781512956
155.0 2.704212067700638
156.0 2.715561417839526
157.0 2.7400669482477857
158.0 2.7881001829266676
159.0 2.620489840176006
160.0 3.039393934277023
161.0 2.8871807127530515
162.0 2.836977301387736
163.0 2.7711868973876213
164.0 3.1035598709661243
165.0 2.742995637464027
166.0 2.628116541060309
167.0 2.7002735606470982
168.0 2.955121988214634
169.0 3.014132676523908
170.0 2.786249965126641
171.0 3.0108093194830405
172.0 2.9803068967269017
173.0 3.3109162250029263
174.0 2.9717374110138337
175.0 2.857854340087417
176.0 2.6863786208360683
177.0 3.0078619099607886
178.0 2.6851949378024607
179.0 2.6872945028779593
180.0 2.9785902925407615
181.0 3.008146164450838
182.0 2.983498695457533
183.0 3.099268085046478
184.0 2.744873170898694
185.0 2.7337016801954293
186.0 2.877448938189321
187.0 2.8121035673228714
188.0 2.8156257686307984
189.0 3.0556617698254076
190.0 2.7777180738956995
191.0 2.9233962128524977
192.0 3.1350963037813218
193.0 2.5756463397169638
194.0 2.7097518199633703
195.0 2.5573207699198424
196.0 2.8712592549601776
197.0 3.5818944908686206
198.0 2.729897734821024
199.0 2.618637716644425
200.0 2.996842641517082
201.0 3.0571764254047413
202.0 2.9348611396658493
203.0 2.885153935100406
204.0 2.9483831204040825
205.0 3.449939883522011
206.0 3.0880910574406903
207.0 2.941363144644498
208.0 2.855547971300705
209.0 2.9341863141853097
210.0 2.9949680878235103
211.0 3.1425974949121174
212.0 3.397441653025363
213.0 2.8051553339250774
214.0 2.958180821786333
215.0 2.7544396267468425
216.0 2.874650906610226
217.0 3.2704447718577905
218.0 2.871693029519565
219.0 2.9398128588427603
220.0 2.65929241592588
221.0 3.2010535059224736
222.0 2.7871745027786403
223.0 3.1171342964673197
224.0 3.0108383787131614
225.0 2.7312172786931272
226.0 2.8561076267315384
227.0 2.894310110896457
228.0 3.2928607210644834
229.0 2.7751058924426664
230.0 3.1840338300928273
231.0 3.0479217688859324
232.0 2.8532020693661604
233.0 2.602987919528405
234.0 3.02190349628451
235.0 3.1189056613523967
236.0 2.5995468181963606
237.0 3.0549573149050016
238.0 2.5264723247591356
239.0 2.9931100557271204
240.0 2.740064703115263
241.0 2.7290653830097376
242.0 2.6858641199442808
243.0 3.03197946825546
244.0 2.860315985711012
245.0 2.7946056013072336
246.0 2.620302188964359
247.0 2.6975053755355605
248.0 2.842258608161592
249.0 2.855695340143079
250.0 2.5908805443318195
251.0 2.7880050854367853
252.0 2.5017730663292976
253.0 2.594213231613238
254.0 2.4666064493332183
255.0 2.6276997969922866
256.0 2.650748798939568
257.0 2.990743727117974
258.0 2.684911510947025
259.0 2.3807241341309897
260.0 2.829467954310946
261.0 2.97604607849999
262.0 2.907846000754498
263.0 3.2358250559088098
264.0 2.8442429706051238
265.0 2.866046732991464
266.0 2.618116860926979
267.0 3.079955299935173
268.0 2.685734007593221
269.0 3.0491728638503526
270.0 2.790773280161342
271.0 2.4881165889317773
272.0 2.905024448126695
273.0 2.887136811902205
274.0 2.6204206248624398
275.0 3.070178623315428
276.0 2.711484239115184
277.0 2.853512844638035
278.0 2.688222519121885
279.0 2.729351203814998
280.0 2.818367984971247
281.0 3.0271742751090946
282.0 2.559670668635886
283.0 2.7065551914990897
284.0 2.870222818244005
285.0 2.779147859264494
286.0 3.0845952644213264
287.0 2.8614468385260685
288.0 2.6369982943552874
289.0 2.6034683663637597
290.0 2.9802689043364428
291.0 2.735540710296599
292.0 2.859198552479794
293.0 2.7445947953103924
294.0 2.946831679676654
295.0 2.8275846241009064
296.0 2.54064776473075
297.0 2.758100460521449
298.0 2.9817491750056324
299.0 3.036513238571126
300.0 2.8438585616695384
301.0 2.930625935425229
