0.0 2.9226428033774123
1.0 2.9332051196518014
2.0 3.3875148727486777
3.0 2.5277954352694554
4.0 2.741268392724341
5.0 2.677361301899189
6.0 2.5097439992076547
7.0 2.4692384031496584
8.0 2.7485562263766834
9.0 3.239764352257948
10.0 2.867896665511696
11.0 3.2436806644188834
12.0 2.8091992284474285
13.0 2.531571755383707
14.0 2.652434857756206
15.0 3.0768478858008743
16.0 2.885501825112646
17.0 2.9616702213145447
18.0 2.6663697973640725
19.0 2.7046154922410652
20.0 2.6619088583750727
21.0 2.8705313848497958
22.0 2.686713036423985
23.0 2.7716476473911182
24.0 2.8384111310826863
25.0 2.6078400990571615
26.0 2.7590316855198456
27.0 2.717048910558459
28.0 2.787510026039263
29.0 2.6622598906808936
30.0 2.91445526022394
31.0 2.8684043269239314
32.0 3.067936744661535
33.0 2.7334014164807043
34.0 2.5921064018423494
35.0 2.94338541227757
36.0 2.855995133840606
37.0 2.7393784997883945
38.0 2.8246021625391364
39.0 2.869021192484441
40.0 2.8295980788833495
41.0 2.7937908802286913
42.0 3.111895580837493
43.0 2.945211119979851
44.0 2.8402202582336993
45.0 2.840970827377612
46.0 2.7544158702133883
47.0 2.8080511934653027
48.0 3.048079699636794
49.0 2.771803626318326
50.0 2.7110097729654328
51.0 2.62345718755629
52.0 2.808361445178525
53.0 2.9007019984178743
54.0 2.643528966855441
55.0 2.506667593038434
56.0 2.9669323091440676
57.0 2.602110335093869
58.0 2.668160783653918
59.0 2.806076224342759
60.0 2.6892967326326653
61.0 2.5353114707167874
62.0 2.7657405642163226
63.0 2.7115859469074723
64.0 2.732705947916464
65.0 2.7441582882680895
66.0 2.753083330975223
67.0 2.7412385157770274
68.0 2.551142092574848
69.0 2.9707158552540616
70.0 2.518681238005466
71.0 2.8167822813829364
72.0 2.8244401146100646
73.0 2.784120494501635
74.0 2.753807116703977
75.0 2.6585959465292914
76.0 2.4570734277592905
77.0 3.2029255585556013
78.0 2.821165881852112
79.0 2.9925923487458626
80.0 2.6429239311000194
81.0 2.737975528977228
82.0 2.847044647630035
83.0 2.8191601251003067
84.0 3.0319616351453296
85.0 3.1105131488097872
86.0 2.7623949309985427
87.0 2.9084339226904397
88.0 3.379792130915602
89.0 2.9141148226386786
90.0 2.7123185729285484
91.0 2.9060653092754203
92.0 2.9595704284318574
93.0 2.6475521468988283
94.0 2.9949340345208197
95.0 2.8698602897738965
96.0 2.6915008773818982
97.0 2.9050101150560472
98.0 2.5342662523074018
99.0 2.781227596049766
100.0 2.7295725207415735
101.0 3.06690411005219
102.0 2.9179390360578568
103.0 2.7020336748093996
104.0 2.636894862381108
105.0 2.5180111406291354
106.0 3.0721885526459856
107.0 3.0481549053287162
108.0 3.100406534471835
109.0 2.6287015195503773
110.0 2.7985540432430107
111.0 2.96495729696714
112.0 2.6446124582686736
113.0 2.9767819366715695
114.0 3.200050090918794
115.0 3.3049540379717457
116.0 2.5400983351375728
117.0 2.7634364678501178
118.0 2.8534332791066324
119.0 2.7599024544088593
120.0 2.6186424960565353
121.0 3.226189565304131
122.0 3.1928215531488444
123.0 2.71332848811585
124.0 3.0391931185481655
125.0 2.8923166389712236
126.0 2.713695978495687
127.0 2.846186262956383
128.0 2.9486719160926786
129.0 2.6998062924374002
130.0 2.7188228529414533
131.0 2.805632988003259
132.0 2.869345320149867
133.0 2.9534856907634555
134.0 3.1644935508076224
135.0 2.883479430418975
136.0 2.7038379951979414
137.0 2.8104664660626346
138.0 2.939495989406308
139.0 3.2145486000912116
140.0 2.884791692712036
141.0 2.459715499441599
142.0 3.216734031393267
143.0 2.7878306369772945
144.0 2.9744806161770856
145.0 2.833191577650484
146.0 3.0789978806618925
147.0 3.1185423804406303
148.0 2.698512275257565
149.0 2.654297664116525
150.0 2.9085889920531347
151.0 2.6798812379439205
152.0 2.634830911166087
153.0 3.1223562071693656
154.0 3.004679828493145
155.0 3.244092872206467
156.0 2.734823706501783
157.0 3.105539596809314
158.0 2.6227107254489215
159.0 2.7851844773015086
160.0 2.8226920499733015
161.0 2.8375863575206886
162.0 2.8771493364401897
163.0 3.130020705351326
164.0 2.619346532651949
165.0 2.543865667180721
166.0 2.8034520363880833
167.0 2.907472141439284
168.0 2.5047050615848074
169.0 2.949827985954588
170.0 2.8520312097542826
171.0 2.807372797168698
172.0 2.52295220952325
173.0 2.9799735223672554
174.0 2.602469914919901
175.0 2.687745654973913
176.0 2.5551224704868583
177.0 2.8552656356015973
178.0 2.953589800508497
179.0 3.0609596395244156
180.0 2.783103369604294
181.0 2.831320215529986
182.0 2.750025719151871
183.0 2.487616903556074
184.0 2.823844563372565
185.0 2.9059634529634564
186.0 2.559259544525197
187.0 2.669856230114369
188.0 2.7299645371745735
189.0 2.700233881885316
190.0 2.7735125448455076
191.0 3.1589983049153445
192.0 2.758501271423136
193.0 2.9272002700926474
194.0 2.687619400508809
195.0 3.148276029342631
196.0 2.7212564081657735
197.0 2.992122059318402
198.0 2.880270545978385
199.0 2.953592808376937
200.0 2.9619721804027397
201.0 2.6673033684966256
202.0 2.798339453293703
203.0 2.834629232778372
204.0 2.6053013544440167
205.0 2.9900538798980607
206.0 2.9816650209031303
207.0 3.112849970921346
208.0 2.92849802957278
209.0 3.1752017376735133
210.0 2.9625590751135835
211.0 3.0689561479800034
212.0 2.594243290094601
213.0 3.202441911397701
214.0 2.6256905225442937
215.0 2.935679996896868
216.0 2.7802077654964257
217.0 2.9669038152712957
218.0 2.9758867686575647
219.0 2.9422487456554167
220.0 3.004589659857563
221.0 3.095916565817615
222.0 2.855699329055061
223.0 2.5598087534931797
224.0 2.99633459074564
225.0 2.852259790960995
226.0 2.864045289857893
227.0 2.738876931094827
228.0 2.95402224109553
229.0 2.6240324631101752
230.0 2.705433393520392
231.0 2.938184953776346
232.0 2.8210848441194325
233.0 2.6464660335378545
234.0 3.0852992824061634
235.0 2.7788250248583712
236.0 2.590982739739818
237.0 2.898307701355988
238.0 2.8542926761047864
239.0 2.776678588678809
240.0 2.725864975121587
241.0 2.780973813346308
242.0 2.8029550583932243
243.0 2.7135728219171447
244.0 2.5127986557013826
245.0 2.9495116819379406
246.0 2.7653395191717998
247.0 2.7279081155302456
248.0 3.0080767957577286
249.0 2.3851725205322305
250.0 2.833931588304067
251.0 3.0803002149825778
252.0 2.6580020708637386
253.0 2.661673821802802
254.0 2.750731350199637
255.0 3.167813802611965
256.0 2.6757855320010324
257.0 2.777612757799612
258.0 2.6922768154927357
259.0 3.063546269948142
260.0 2.5734606059685587
261.0 2.8490203271584353
262.0 2.835545112815807
263.0 2.9747668172084363
264.0 3.047937477348273
265.0 2.746326688333146
266.0 2.923223332258746
267.0 2.6636015692565476
268.0 2.741660665517897
269.0 2.6450044944078455
270.0 2.945109687456414
271.0 2.895653482613462
272.0 2.6880589282866323
273.0 3.044454609566901
274.0 3.2162602803658
275.0 2.847866284349812
276.0 2.643318311279752
277.0 3.0362102135505995
278.0 2.9289634533986715
279.0 3.085003637341413
280.0 2.8126217651809635
281.0 2.809360742495272
282.0 2.8957599898763378
283.0 3.1294393617599288
284.0 3.319229796976765
285.0 2.9424177532114375
286.0 2.6718342650295575
287.0 3.2264800830367775
288.0 2.99812529057851
289.0 3.067267480712013
290.0 2.804056375594263
291.0 2.613724728350578
292.0 2.5674810309454443
293.0 2.7322473495976602
294.0 3.0241142130905474
295.0 2.7705339937689
296.0 3.0609969201604543
297.0 2.894993555529254
298.0 2.409064828853002
299.0 2.779975828591427
300.0 3.126419495195295
301.0 2.8377231723401555
