0.0 3.092899588943968
1.0 2.6495183190997698
2.0 2.945985894796931
3.0 2.7706175200783947
4.0 2.9118576286941855
5.0 2.8829657662276453
6.0 2.590813750378248
7.0 2.7235494759288947
8.0 3.0172120889149663
9.0 2.871968864063697
10.0 2.6452741129238175
11.0 2.9003855350541907
12.0 3.0923174060931764
13.0 3.0949536225334016
14.0 2.676911643965805
15.0 2.897029930052843
16.0 3.4892723434548154
17.0 3.037626679229463
18.0 2.7343232249828713
19.0 2.7541815955477036
20.0 2.7818743796724688
21.0 2.5679598483582438
22.0 2.6516874807593687
23.0 2.718622306439369
24.0 3.0447823410706945
25.0 2.6214848557170938
26.0 2.9649064740899775
27.0 2.720775971074376
28.0 2.906239876099253
29.0 2.972555880136976
30.0 3.2431777569884166
31.0 2.5290166628479396
32.0 3.15177415571745
33.0 3.0530507158543396
34.0 3.1318133557707366
35.0 2.4310752925867924
36.0 2.7661184288021787
37.0 2.844059241058817
38.0 2.6639949794322977
39.0 2.707536199666051
40.0 2.804156714783309
41.0 2.678531633111649
42.0 2.9638875053076577
43.0 2.8824314482127553
44.0 3.0822497025352362
45.0 3.170555654573524
46.0 2.5463114530569677
47.0 3.013306989032315
48.0 2.8408723758142918
49.0 2.756858142630145
50.0 2.8068410371574912
51.0 2.7346731437946827
52.0 3.1919754160094276
53.0 2.7757095968570678
54.0 2.749524438576926
55.0 2.761214702545858
56.0 3.0077687062123184
57.0 2.9397331004163525
58.0 2.644360774554848
59.0 3.1209933615875314
60.0 2.8833599997512125
61.0 2.5877450523380836
62.0 2.8907783044503783
63.0 3.012525331358227
64.0 2.7300489767044476
65.0 2.773941942104607
66.0 2.9961826983798736
67.0 2.916068070231982
68.0 2.467390110885164
69.0 2.9854872172707863
70.0 2.5582718066106542
71.0 2.6596664825687117
72.0 2.6587777199902702
73.0 2.895626666064495
74.0 2.6971581546742116
75.0 3.097977486223482
76.0 2.722650561572147
77.0 2.9164230117437606
78.0 3.1544683882682696
79.0 3.115990035027624
80.0 2.724133112359506
81.0 2.8414585393802714
82.0 2.6769824037914227
83.0 2.6834445288122093
84.0 2.7763900294258224
85.0 2.9565648310179458
86.0 2.978743344150316
87.0 2.842565696757581
88.0 2.8322624893891106
89.0 2.904151303263368
90.0 3.139377281675474
91.0 2.752304959440096
92.0 2.6165887199378206
93.0 3.084661931378584
94.0 2.8596831796726887
95.0 2.575235878646049
96.0 3.144346354030096
97.0 2.805668383818025
98.0 2.9992300481518748
99.0 2.804632869347018
100.0 2.747523287422764
101.0 2.8044916421660524
102.0 2.808570039399724
103.0 2.9011930465426854
104.0 2.723613961938072
105.0 2.8533029895625392
106.0 3.1203101467996057
107.0 3.048672820587749
108.0 2.894567009447701
109.0 2.8879825041348255
110.0 2.788853890207568
111.0 2.7078536617820466
112.0 3.3077933048774244
113.0 2.7795457273548614
114.0 2.7571155935010965
115.0 3.377944706476707
116.0 2.757338718467806
117.0 2.591915311366139
118.0 2.743659172951017
119.0 3.0860344610697226
120.0 3.0053422917904307
121.0 3.0127607518827575
122.0 2.9508556838363678
123.0 2.7162783872349614
124.0 2.8925430833792407
125.0 2.5781839939009767
126.0 2.816413458924659
127.0 2.892576355883639
128.0 2.7736722613510305
129.0 3.0404328367192246
130.0 2.772425190186546
131.0 2.867666233516494
132.0 3.0491747515999394
133.0 3.057503790290397
134.0 2.5226974696325173
135.0 2.961164507101152
136.0 2.7892827655731347
137.0 2.760467416180659
138.0 2.470208473207859
139.0 3.4322242768902815
140.0 2.8101693216694392
141.0 2.893248451820208
142.0 3.0523433623843452
143.0 3.044759224603363
144.0 2.879152261397843
145.0 2.749140882963386
146.0 3.208941568193141
147.0 2.735188110443419
148.0 2.7000706467480287
149.0 2.9466251071063683
150.0 2.8291097351284966
151.0 2.7323809013132845
152.0 2.8727081122165514
153.0 2.7411395972456676
154.0 2.670646682825201
155.0 2.5785009150984415
156.0 2.5562807420502893
157.0 2.6724864825218755
158.0 2.9674430251128596
159.0 2.8871326458868736
160.0 2.766778442493602
161.0 2.8512719617694615
162.0 2.475972727647082
163.0 2.9952808365811565
164.0 2.7345067890386883
165.0 2.5847604476415773
166.0 2.9646018079724525
167.0 3.0625142147525097
168.0 2.7901369212883096
169.0 2.812670292137664
170.0 2.7009036349740305
171.0 3.1717654579794585
172.0 2.8065581943731317
173.0 2.7750149209608375
174.0 2.4938722424648687
175.0 2.9644982348039393
176.0 3.1395384115885836
177.0 2.7608007654767808
178.0 3.0010044708180312
179.0 2.7625168359567804
180.0 2.9967100870637773
181.0 2.5489565031924886
182.0 2.848276278414703
183.0 2.9386418942851753
184.0 2.6423738106294756
185.0 3.189775924975161
186.0 3.206580990077352
187.0 2.640441455354941
188.0 2.669990479019991
189.0 2.809143464467063
190.0 2.8576441434793387
191.0 2.703975132739541
192.0 2.870724597351207
193.0 2.865614284896636
194.0 2.967466091758072
195.0 2.9377028480985294
196.0 2.9044903016279777
197.0 2.7096415908486065
198.0 3.0241336688281053
199.0 2.8148201743488586
200.0 2.870778145554153
201.0 3.0109497293560024
202.0 3.0553257057222645
203.0 2.6594548105088354
204.0 2.8352294637888606
205.0 2.8011109156812193
206.0 2.6906632319208104
207.0 2.6344892207251704
208.0 2.6769863727203953
209.0 2.560160927619403
210.0 3.009586356996201
211.0 2.9420840408115225
212.0 2.8348806759109375
213.0 2.7987214028407936
214.0 2.8548460063838395
215.0 3.0233896449460125
216.0 2.7666308101831794
217.0 3.1692139644648782
218.0 2.678421771301953
219.0 2.9795236811630765
220.0 2.777168325699238
221.0 2.940985700558911
222.0 2.5041392826440436
223.0 2.554899130178034
224.0 2.5106450733225527
225.0 3.1132943268185076
226.0 2.816297709551417
227.0 2.8849221744801055
228.0 3.093658420888315
229.0 2.767172246842522
230.0 2.423243755659637
231.0 2.9048523754662177
232.0 2.759688962460441
233.0 2.7766271348826375
234.0 3.121168168106839
235.0 3.1276340226570487
236.0 3.0624318656656433
237.0 2.629902204654172
238.0 2.838776120524869
239.0 2.932529497505727
240.0 2.755977977307142
241.0 2.4873296364637203
242.0 2.7724405283833833
243.0 2.9844513715741696
244.0 2.7297323091185803
245.0 2.660653976571589
246.0 2.7598948419511315
247.0 2.6509675897855067
248.0 2.8019545998880733
249.0 2.7297661776567437
250.0 2.993971253364286
251.0 2.631855057029022
252.0 2.6664851557874254
253.0 2.8080681325824353
254.0 2.574755213713705
255.0 2.889513226379057
256.0 2.877487189039799
257.0 2.605748698095477
258.0 2.9620852447782537
259.0 2.471307512619362
260.0 2.7623974422772894
261.0 2.976664981638198
262.0 2.6157355935869364
263.0 2.6533101984047014
264.0 2.8805773827378807
265.0 2.7439650873399137
266.0 2.9843595873521074
267.0 2.6616719330326966
268.0 2.7208761571978877
269.0 2.765750711718801
270.0 2.997159756354659
271.0 2.5156831420964703
272.0 3.2742357296610236
273.0 3.0367398609205702
274.0 2.9366473007442244
275.0 2.8674302111716865
276.0 2.6853208953411922
277.0 2.998755477264976
278.0 2.500890090378102
279.0 2.696075251894519
280.0 2.9624218830897595
281.0 2.7717240773851777
282.0 2.7754499656766765
283.0 2.664331803041352
284.0 2.766946682991809
285.0 2.8919925994727005
286.0 3.364530307285545
287.0 2.7972425612468785
288.0 2.930037529135091
289.0 2.4969260968937106
290.0 3.0302732714820797
291.0 2.8221274902844673
292.0 2.7561574248929963
293.0 2.7613442906470405
294.0 2.9543641103695917
295.0 3.001852108282057
296.0 3.030153928449457
297.0 2.989548165621841
298.0 3.2008287310404118
299.0 2.7909317401194222
300.0 2.9162685473142593
301.0 2.9199327147389487
