0.0 3.0075632863786135
1.0 2.996119719696113
2.0 2.5608757483149454
3.0 2.686549027394968
4.0 2.5793733629072135
5.0 2.8807707332400074
6.0 2.948060957045096
7.0 2.7912569185372775
8.0 2.5335104624267366
9.0 2.803031582936941
10.0 2.7325380357107094
11.0 2.738367570154787
12.0 3.0220840854942828
13.0 2.936266176177041
14.0 2.639873636224912
15.0 2.808679490946433
16.0 2.93588300793875
17.0 3.1185405064542593
18.0 2.8777025046655207
19.0 2.8678179388594938
20.0 2.895775418269658
21.0 3.155059071872122
22.0 3.0295759053713973
23.0 2.841508824236306
24.0 3.0313551028389885
25.0 2.9099105830477017
26.0 2.9111123092371036
27.0 3.1678210626876733
28.0 3.0179751728475894
29.0 2.756763933457102
30.0 3.1777073629526056
31.0 2.76696325450694
32.0 2.519537614548553
33.0 3.245540420262442
34.0 2.653327095343263
35.0 2.6503787504498204
36.0 2.8904794864530157
37.0 2.844719985895909
38.0 2.5396787061785364
39.0 3.0193180945730425
40.0 2.9996483060461614
41.0 2.8485984858780187
42.0 2.90158440093354
43.0 3.096919129694279
44.0 3.19502195086215
45.0 3.0696940018430108
46.0 3.0178231870947747
47.0 2.761674690956528
48.0 2.954954476799621
49.0 3.0545906013658133
50.0 2.791902236424398
51.0 2.9408630079992335
52.0 2.879082164051912
53.0 3.0945125953349124
54.0 2.770862342717155
55.0 2.9895707325729464
56.0 2.464402944802326
57.0 2.5919831789258736
58.0 2.589205126981399
59.0 2.795601386829708
60.0 2.906429951428187
61.0 2.5234281485497028
62.0 2.6178605548832117
63.0 2.7271664481458404
64.0 2.8503229437151396
65.0 3.0749829421554202
66.0 2.772318745496604
67.0 2.982972558819001
68.0 2.739802956340726
69.0 2.6692582585538873
70.0 3.1140952780556153
71.0 2.8550616225612147
72.0 2.6063546253203045
73.0 2.622880211738829
74.0 2.9870813337127347
75.0 2.691812439754006
76.0 2.9105010616168996
77.0 2.8410288478116
78.0 2.5353201416410265
79.0 2.951932583521105
80.0 3.0881774980623913
81.0 2.8412415172094696
82.0 3.125224972477808
83.0 2.9376535969913844
84.0 2.6943754326727456
85.0 2.4692779275169143
86.0 2.632950832834199
87.0 2.8239505369064895
88.0 3.0410978396436676
89.0 2.883954619156384
90.0 3.1085657229391543
91.0 2.668887733015248
92.0 3.0113525287174907
93.0 2.4944898318770696
94.0 3.0488836019115677
95.0 2.888629633045094
96.0 2.6420022351420194
97.0 2.8474010197867896
98.0 3.530887417432998
99.0 3.0406888657856217
100.0 2.9557823774075276
101.0 2.8247563764820995
102.0 2.690815208241764
103.0 2.822847691312772
104.0 2.833266526608819
105.0 2.5991779939645623
106.0 2.9936020031897908
107.0 2.896831532020116
108.0 2.6870412261449683
109.0 2.8332887185574425
110.0 2.798596560792376
111.0 2.8350867759653493
112.0 3.0615363235604023
113.0 2.9797365323031793
114.0 3.124820505276118
115.0 2.6308643476669538
116.0 2.7384674549516923
117.0 3.0125760978868987
118.0 2.872158741614227
119.0 2.7157170805901565
120.0 2.760142651093199
121.0 2.60977548425442
122.0 2.7130793646568985
123.0 2.775727499668685
124.0 2.8401738805939862
125.0 2.646434871407708
126.0 2.82373941632688
127.0 3.2585977898430722
128.0 2.898704924793845
129.0 2.7597891996957373
130.0 3.063050970983793
131.0 2.9616761062306827
132.0 3.0005991157262675
133.0 2.8576617439533836
134.0 2.851398719064062
135.0 2.7891031587834507
136.0 3.367432762128086
137.0 2.759446762659793
138.0 2.6159158544517194
139.0 2.7205901938767765
140.0 2.8821951167363826
141.0 2.7596938879602675
142.0 2.629823515627202
143.0 3.2176093596987356
144.0 2.549732810089574
145.0 2.7847032719680413
146.0 2.7936439833713447
147.0 2.784109588268865
148.0 2.8012412480140294
149.0 2.656101386698983
150.0 2.86657886855422
151.0 2.4834165860254216
152.0 2.611805962318583
153.0 2.9674747424031076
154.0 2.7928218870497448
155.0 3.1100515040458547
156.0 2.7672959373812875
157.0 2.908648614634741
158.0 2.6936984178629277
159.0 2.8482865189771744
160.0 3.0087664737061615
161.0 2.8878122030846503
162.0 2.9190839872287953
163.0 3.097430634382186
164.0 2.6928804356341196
165.0 2.7638332611281258
166.0 2.732167391581229
167.0 2.7634679607741943
168.0 2.815762504859604
169.0 2.695922207346836
170.0 2.503668455211933
171.0 2.5152320300839297
172.0 2.6653182602618877
173.0 2.8521712157207246
174.0 2.7147195294290576
175.0 2.7902160055752385
176.0 3.1033944673046543
177.0 3.0179535828209914
178.0 2.868022255976687
179.0 2.8608351956891718
180.0 2.6573578105897564
181.0 2.950578106315434
182.0 2.9796578377977267
183.0 3.052485288785609
184.0 2.736496871054123
185.0 2.935535833829645
186.0 3.227808526750694
187.0 2.808904688129002
188.0 2.5652536699192394
189.0 2.796541959535209
190.0 3.15984114350372
191.0 2.8246381602877144
192.0 3.026355427444674
193.0 2.933061467574742
194.0 2.8653571657675783
195.0 2.809006763654033
196.0 2.9218980825973127
197.0 2.7470730705400266
198.0 2.686884397606537
199.0 2.726958492373513
200.0 2.710945678923239
201.0 3.1511899875376557
202.0 3.0622161719405647
203.0 2.8333503007569254
204.0 2.8880024471573993
205.0 3.1787153113213047
206.0 2.92515052240598
207.0 2.991480528161551
208.0 2.8077078385151957
209.0 3.3335417773943914
210.0 3.0829438325044065
211.0 2.8720559337160885
212.0 2.7311814753132007
213.0 2.916805385171698
214.0 2.970355684779306
215.0 2.5222399782578644
216.0 2.9672762086568927
217.0 3.011126280193763
218.0 2.9924699518153304
219.0 2.9345777883726427
220.0 2.616550252569423
221.0 2.7265833194634403
222.0 3.0305262544243647
223.0 2.771367613573488
224.0 2.8365496481467027
225.0 2.7955589045328733
226.0 2.935583337786298
227.0 2.728233878621246
228.0 2.722227948036604
229.0 2.6300800945987546
230.0 2.997251990121328
231.0 2.673068473462213
232.0 2.86420366850944
233.0 3.041339697750504
234.0 2.777130079000571
235.0 2.4648085818910945
236.0 2.6461138078332693
237.0 2.7094086072692165
238.0 2.5815672515021566
239.0 2.7033550068322962
240.0 2.5668539556288086
241.0 2.7369887998425533
242.0 2.8257866235571725
243.0 2.7561995103417622
244.0 2.7107724951273657
245.0 2.6827767753273246
246.0 2.688869430422542
247.0 3.195907328699137
248.0 2.8677385454273483
249.0 2.777688696304203
250.0 2.6350239563577977
251.0 2.583223627299416
252.0 2.828374192375555
253.0 2.7589094333623247
254.0 2.8435856133385546
255.0 2.4166781757583364
256.0 2.714364147274967
257.0 2.568630003537355
258.0 2.9838145863115932
259.0 2.9251231936576247
260.0 2.8442669673423517
261.0 3.4958067241167528
262.0 2.7105370955947663
263.0 3.0407739840134007
264.0 3.472386264395506
265.0 2.8122834218521375
266.0 2.7436081840401054
267.0 2.7423419717428548
268.0 2.9104638325709438
269.0 2.9156969599382556
270.0 2.8038056554344233
271.0 2.7429020851061114
272.0 3.2029896435758416
273.0 3.0483877320518347
274.0 2.8676494343411263
275.0 2.653350297310266
276.0 2.9155761446524786
277.0 3.0315892551106183
278.0 2.5629155431088426
279.0 2.822493601700555
280.0 2.8386976678620357
281.0 2.922385716525513
282.0 2.6361979052335913
283.0 2.772244742610039
284.0 3.399292955004314
285.0 2.712229537354341
286.0 2.622487518652294
287.0 2.915407467299341
288.0 3.0153195589243396
289.0 2.88893110468848
290.0 2.869398550019345
291.0 2.702392149567183
292.0 2.879104213001677
293.0 2.8803433416022988
294.0 2.871410068113043
295.0 2.843707224446115
296.0 3.1694371157199583
297.0 2.81494056246071
298.0 2.5708410152066383
299.0 2.9022409192127143
300.0 2.6963225488485376
301.0 3.1612751640234054
