0.0 2.915824936429703
1.0 2.7173601851987876
2.0 2.6996940747267706
3.0 2.840771267539013
4.0 3.1124306256360956
5.0 2.9724944842045606
6.0 3.0498919233543114
7.0 2.9390343749904915
8.0 2.7280508415103877
9.0 2.7218074591869152
10.0 2.641394543578228
11.0 3.106316374666676
12.0 3.1901424788016235
13.0 3.167232451362517
14.0 2.9790154186923368
15.0 3.514376909376238
16.0 2.963333875010883
17.0 3.0120582196896284
18.0 2.926730461632928
19.0 2.9639689447232342
20.0 2.8612377787963186
21.0 3.1415722109241386
22.0 3.243186323813213
23.0 3.0786212286867616
24.0 2.5223473143718977
25.0 2.873039207121779
26.0 2.7498666390371285
27.0 2.6048803121393163
28.0 2.8434670737348346
29.0 2.8227374072737845
30.0 3.0588764792730565
31.0 2.79466595278869
32.0 2.6697015957266554
33.0 3.088616456259265
34.0 3.1693680011931376
35.0 2.7798348469102594
36.0 2.77562582077548
37.0 2.839246173650796
38.0 2.748754484674323
39.0 2.969908842312171
40.0 2.692528794300948
41.0 2.6897848633633608
42.0 2.72948389438289
43.0 2.5576770220315925
44.0 3.045906652154543
45.0 2.81096551782654
46.0 2.8491456767158354
47.0 2.6418602465067442
48.0 2.6237933210287543
49.0 2.8824800287836942
50.0 2.7014510098868763
51.0 2.6235069055555438
52.0 2.802402910610015
53.0 2.686289133743771
54.0 2.864947721514581
55.0 2.8511626920899023
56.0 2.442710723024431
57.0 2.8651748091586193
58.0 2.9078037921289215
59.0 2.6982664104012724
60.0 2.4784442350923284
61.0 3.0959371090472665
62.0 2.724459024607283
63.0 2.990049986390986
64.0 2.781384901983796
65.0 2.617417701664451
66.0 2.5336927971453473
67.0 2.925220271111191
68.0 2.863531854890641
69.0 2.489924986972631
70.0 2.9099962685108522
71.0 2.456588171723178
72.0 2.5626133824412642
73.0 2.979967167656621
74.0 3.0634638728674877
75.0 2.5562380841111
76.0 2.7387280957577387
77.0 2.6144027821977964
78.0 2.582154162870299
79.0 2.8510626892512465
80.0 2.7203536573779497
81.0 3.0744047187855372
82.0 2.7550347964168633
83.0 2.7213899203074896
84.0 2.7749513224709244
85.0 2.9868512213005913
86.0 3.0016625466776916
87.0 2.998406370676051
88.0 2.6271171052068754
89.0 3.008790845739693
90.0 2.979289971800183
91.0 2.9479463721939343
92.0 3.1969710665796347
93.0 2.819635995838425
94.0 2.7307170309972193
95.0 2.8418738347437995
96.0 2.8760650510300168
97.0 2.6959544422951613
98.0 2.3948854618730686
99.0 2.9338832175129403
100.0 2.778615552524206
101.0 3.181456289457575
102.0 2.7291506427499352
103.0 3.0086656285779823
104.0 2.9607564477253265
105.0 2.917281301784434
106.0 2.67666247721916
107.0 2.659986185113693
108.0 2.867048542659708
109.0 2.9797799106599046
110.0 2.8526938202165453
111.0 2.9453915697570667
112.0 3.201249721529808
113.0 2.9519368909744417
114.0 2.861100809404204
115.0 2.828807935173894
116.0 3.0267519663499614
117.0 2.908950902082522
118.0 2.6238109846837894
119.0 2.628372669964211
120.0 3.0709258672271518
121.0 2.81970041506875
122.0 2.788236068900753
123.0 2.92746019389777
124.0 2.7707703502079046
125.0 3.1408584140612974
126.0 2.535808685416987
127.0 2.764555037800516
128.0 2.7295838330484936
129.0 2.9359741565976822
130.0 2.6701208740427664
131.0 2.749890826485494
132.0 2.884999345381472
133.0 3.017455286314815
134.0 2.807741421952542
135.0 2.741981045496771
136.0 2.673888386851138
137.0 2.865990874937169
138.0 2.6373216572830067
139.0 2.3965362462407054
140.0 2.998560657944993
141.0 2.76286814083003
142.0 2.5640163952327657
143.0 2.7720345805440476
144.0 2.747052187235943
145.0 2.922976063522853
146.0 2.9284533780969477
147.0 2.7151375974624963
148.0 2.7711849056103706
149.0 2.6746267818541
150.0 2.8329323560212174
151.0 3.0131584809588814
152.0 2.7850454325669265
153.0 2.7182219383207222
154.0 2.6021340027222615
155.0 2.553697899557637
156.0 2.734034272954355
157.0 2.5870207853567386
158.0 3.000621507768408
159.0 2.9630107447080496
160.0 2.8036713449272535
161.0 2.5483420778167725
162.0 2.8159474408310796
163.0 2.5680720431490345
164.0 2.856653706244189
165.0 2.8587436345037167
166.0 2.642409673621672
167.0 2.910771612794466
168.0 2.8561115502236456
169.0 2.591646899622395
170.0 3.1670688784576257
171.0 2.9691682076377304
172.0 2.801547771724282
173.0 2.8868098353929668
174.0 2.8379666062807596
175.0 3.0365843936046657
176.0 3.153506957793989
177.0 2.8605843229223864
178.0 3.226508438461844
179.0 2.7769906831155224
180.0 2.788789392547013
181.0 3.1991707134382743
182.0 2.7164848865865556
183.0 2.9726570604470273
184.0 3.2317829767576742
185.0 2.986415716847931
186.0 2.9297561754670864
187.0 2.659578473360732
188.0 3.0142572787095894
189.0 2.9572561116537965
190.0 2.8841871136846153
191.0 3.0168961915030157
192.0 2.877573923674255
193.0 2.890485417667866
194.0 2.961129002561987
195.0 2.722038828432905
196.0 3.0611180884497124
197.0 2.84199089803624
198.0 2.7569719429537844
199.0 2.721871225533132
200.0 2.6968182496762987
201.0 2.8332703720548
202.0 2.52401014343778
203.0 2.9421127891264574
204.0 2.9956712389522786
205.0 2.8824527967395794
206.0 3.267207184900851
207.0 2.906562991144765
208.0 3.096393880879668
209.0 3.0116719953155755
210.0 2.729842618159685
211.0 2.8220133072544744
212.0 3.120310927568576
213.0 2.9408607218870704
214.0 3.1928097249537317
215.0 2.697420544396983
216.0 2.7634597040266424
217.0 2.813937860199995
218.0 2.895646707919204
219.0 2.708983709413225
220.0 2.8944419106830113
221.0 2.9775840690416167
222.0 2.6372184732911985
223.0 3.0686109605924257
224.0 2.73942752882251
225.0 2.667458088149293
226.0 3.078072716070132
227.0 2.7580461744654663
228.0 2.9055498508790936
229.0 3.017870295325048
230.0 3.0681545214070103
231.0 2.762671736338198
232.0 2.6667490006636334
233.0 2.6968794549286237
234.0 2.8685707071486983
235.0 2.866932043516176
236.0 3.005634020118381
237.0 2.7190860993285684
238.0 2.857409065944801
239.0 2.989305987915494
240.0 2.9754211195629403
241.0 2.8822798388979094
242.0 3.0697815341512054
243.0 2.7805295466493143
244.0 3.0225396479147566
245.0 2.9997349889674725
246.0 2.8832808929862854
247.0 3.2076917379666394
248.0 2.750166889236418
249.0 2.463547411712407
250.0 2.662989639348639
251.0 3.1215234171510615
252.0 2.849752889094348
253.0 2.987330751100675
254.0 2.9357935591630637
255.0 2.972990229531424
256.0 3.183272525997322
257.0 3.35826588259874
258.0 2.5560043627021143
259.0 2.9242712382821985
260.0 2.991951591981612
261.0 3.095889242339097
262.0 2.8819489397563753
263.0 3.4859512191433892
264.0 3.1924399182012895
265.0 2.834071948471412
266.0 3.2908255611301898
267.0 2.776209465322002
268.0 2.9573851973455456
269.0 2.6209892673747026
270.0 2.832586926589133
271.0 2.728531110123259
272.0 3.3413789387926927
273.0 3.2395450693428445
274.0 2.7984449962695543
275.0 2.6887164096339244
276.0 2.7874174120837325
277.0 2.499420079873299
278.0 2.6954089540911794
279.0 2.6607804472466015
280.0 2.722209402018118
281.0 3.0159926203757084
282.0 2.779536679948511
283.0 2.8083306283596885
284.0 2.658564038056287
285.0 2.907172262994995
286.0 2.8319538023744477
287.0 3.1655861388219524
288.0 2.7546873112804486
289.0 2.883080011347542
290.0 2.686737887787113
291.0 2.729053364750497
292.0 2.9237819523190125
293.0 3.0151909822412395
294.0 3.2138242657462284
295.0 3.174700241011199
296.0 3.128477376007473
297.0 2.605166711993777
298.0 2.8839717838895216
299.0 2.9284355551620402
300.0 3.1064409923908833
301.0 2.7286881948597013
