0.0 2.5308308215361923
1.0 2.5865204995921793
2.0 2.9335969402887074
3.0 3.1669313891213084
4.0 2.6783148580719627
5.0 2.6035138783890783
6.0 2.5992770563214385
7.0 2.901021131316989
8.0 2.7288392950206286
9.0 2.7515094822480837
10.0 3.012111146924836
11.0 2.968245759572622
12.0 2.8297545772482233
13.0 2.797243403897433
14.0 2.6914894086643395
15.0 2.456957347232083
16.0 2.7109429144554533
17.0 2.61715207046631
18.0 2.6128716971631825
19.0 2.756057861335921
20.0 2.683268435012692
21.0 2.9184251368326137
22.0 2.572277372480522
23.0 2.632578674153822
24.0 2.6209976989753834
25.0 2.7806648997424532
26.0 2.52718348013309
27.0 2.672399498926703
28.0 3.014696744801733
29.0 2.6518837078526314
30.0 2.8184407955898108
31.0 2.67137209276237
32.0 3.0466305800653366
33.0 2.947162826517674
34.0 3.0418709863314906
35.0 2.9545950432120707
36.0 2.386153011425501
37.0 3.194636939204119
38.0 3.0244025363428704
39.0 2.813955094692552
40.0 2.7426249905509437
41.0 2.921462516705085
42.0 2.63756877549111
43.0 2.83721998363031
44.0 2.668760704791213
45.0 2.7070771237825664
46.0 2.891694400490389
47.0 2.869527483590838
48.0 2.8119957168233176
49.0 2.7472906497960152
50.0 2.596108872758327
51.0 2.888112423255986
52.0 2.886153455748924
53.0 2.9154554787777665
54.0 3.132151073270627
55.0 2.666217784323079
56.0 2.664552842002565
57.0 2.788845827302554
58.0 2.508521114573318
59.0 2.857462269556171
60.0 3.2566106790049396
61.0 3.0500221776121967
62.0 2.8797671499588593
63.0 2.796388853555418
64.0 2.507033611574616
65.0 2.663434210863252
66.0 3.0258536220579195
67.0 2.954059802079543
68.0 2.8747676808310434
69.0 2.681144402377738
70.0 2.978201933219
71.0 3.0882370943001964
72.0 2.9589425525924633
73.0 2.9012731714415216
74.0 2.605777863503499
75.0 2.7502226530633087
76.0 2.7558790941102664
77.0 2.7873527287015945
78.0 2.7632259308362546
79.0 2.9950052740889994
80.0 2.9134187405934955
81.0 2.884381258069823
82.0 2.443167974417765
83.0 2.840394484068991
84.0 3.3402451378252382
85.0 2.5657272848111834
86.0 2.6945470940325524
87.0 2.9039156390666894
88.0 2.691554015229961
89.0 2.8574838548825743
90.0 2.9194072126163215
91.0 2.677996153312064
92.0 2.8945376874330337
93.0 2.922453363719752
94.0 2.812200427020671
95.0 2.864066998175659
96.0 3.209803898882958
97.0 2.894813800385948
98.0 2.9107168282603157
99.0 2.7272245960434285
100.0 2.661430853480961
101.0 3.519364820554809
102.0 2.8549246389437313
103.0 2.7242408023078335
104.0 2.925715270799782
105.0 3.107779450073666
106.0 2.680644529354979
107.0 2.9881075230649783
108.0 3.1075359374622886
109.0 3.040695754079487
110.0 2.662759102096992
111.0 2.6492273186818793
112.0 2.7864785500283302
113.0 2.5759047614035593
114.0 2.6628563963602345
115.0 2.7175821441851995
116.0 2.549786226994187
117.0 2.9092791437107897
118.0 2.7511124867047605
119.0 2.946991712385148
120.0 2.5773576601021015
121.0 2.82102434288175
122.0 2.7642567003933167
123.0 2.5702384842350785
124.0 3.2514443921774903
125.0 3.005131002081352
126.0 2.6941210453403874
127.0 2.890497728709291
128.0 2.97563992545169
129.0 3.0962461009155984
130.0 2.655224843994885
131.0 2.5467027445518737
132.0 2.69974158896635
133.0 2.754113630393454
134.0 3.01918057123698
135.0 2.936127776650457
136.0 3.1104255089025536
137.0 2.913396809861781
138.0 3.1090853520898376
139.0 2.8897772940500235
140.0 3.0557817201502
141.0 2.591980477320617
142.0 2.8963513450368628
143.0 2.765368110747075
144.0 2.9014076937135944
145.0 2.8484001862052732
146.0 3.547853889497891
147.0 2.973374973686161
148.0 2.9476518146032276
149.0 2.960919890040549
150.0 3.0386285645445783
151.0 2.8974658004559823
152.0 2.6895926846192624
153.0 2.823973445206683
154.0 3.2691351554850883
155.0 2.963775287106032
156.0 2.6911054812326496
157.0 2.99823718808436
158.0 2.954709840097794
159.0 2.8743539424253868
160.0 2.8557873295617835
161.0 3.0461610354708037
162.0 2.9421696074267327
163.0 2.9267798836250374
164.0 2.98323848327745
165.0 2.4478604681119607
166.0 3.0170852811858824
167.0 2.9429240214854406
168.0 2.5836310610917157
169.0 2.841912080775109
170.0 2.72528544654619
171.0 2.7139144911314457
172.0 2.880956477892738
173.0 2.818940714428288
174.0 3.196244800593333
175.0 2.8548443684058347
176.0 2.7883545821920155
177.0 2.7182319604045495
178.0 3.0490711285482734
179.0 2.6811982751311882
180.0 2.9090805403690467
181.0 2.4975716619607415
182.0 2.9291836829759936
183.0 2.620185402398241
184.0 2.4463818244416444
185.0 2.798225187505963
186.0 2.523945250502827
187.0 2.9677430374788427
188.0 2.982297710117574
189.0 2.7189371646989575
190.0 2.617927831959342
191.0 2.9328673525535103
192.0 2.783511063723881
193.0 2.774728142691908
194.0 2.7704708669808005
195.0 3.031745279277209
196.0 3.0459522482703036
197.0 2.5701717118596457
198.0 2.8711149573240724
199.0 2.7231809411098946
200.0 2.62744112985596
201.0 2.908393581918923
202.0 3.0837084415246876
203.0 2.7836844298602212
204.0 3.0340073819950937
205.0 2.8890172154276996
206.0 2.93031916128717
207.0 2.56115226280179
208.0 2.616731817856503
209.0 2.7523204112233577
210.0 2.8737370125944026
211.0 2.5177812602826113
212.0 2.5012990590991446
213.0 3.035512688823105
214.0 2.5786532644361793
215.0 2.9136175704206018
216.0 2.773675725063171
217.0 2.6140126839993156
218.0 2.89206956157656
219.0 2.674789595959036
220.0 2.908198592259199
221.0 2.863509783592331
222.0 3.202936919398939
223.0 2.9182052699242917
224.0 3.1660128459302435
225.0 2.7616607237639195
226.0 2.773220849124677
227.0 2.8741494607348175
228.0 2.889807573368374
229.0 2.7658260413421996
230.0 2.966411725299034
231.0 3.082737353415004
232.0 2.935518703541797
233.0 3.0864892126980266
234.0 3.071152864656015
235.0 2.5744358201875452
236.0 2.515972450643999
237.0 3.024062113863991
238.0 2.8609289356472236
239.0 2.7735483650908335
240.0 2.782296653055196
241.0 2.6896014182762675
242.0 2.9705620257562098
243.0 2.568211868227109
244.0 2.7665206233914095
245.0 2.9564615010465274
246.0 3.058979544243459
247.0 3.3029770843293575
248.0 2.944601843491899
249.0 2.947469499117951
250.0 3.1747860855481367
251.0 2.610024866712107
252.0 2.8357231822164
253.0 2.655033852124749
254.0 3.0727577866582236
255.0 2.778192624084401
256.0 2.834980405409289
257.0 2.9392888931754455
258.0 2.8126050444970216
259.0 3.033230195115087
260.0 2.7503993623569576
261.0 3.4023049550754703
262.0 2.7576689816722295
263.0 2.942160936408749
264.0 2.6308878328067133
265.0 2.8745597425175027
266.0 3.124785073695263
267.0 2.724178130950643
268.0 3.4385750808169973
269.0 2.8740500170087406
270.0 2.6893211951630036
271.0 2.680558645338695
272.0 2.952960370349739
273.0 2.8257007027281205
274.0 2.693246260698276
275.0 3.1155196632654456
276.0 3.2978019222343358
277.0 2.819107668758526
278.0 3.0949299682960993
279.0 3.009137400354327
280.0 2.8653256599702814
281.0 2.587015761783683
282.0 2.5705145656444293
283.0 2.7294156760658637
284.0 2.6882111330102876
285.0 2.8962766704750127
286.0 2.624134961164261
287.0 2.8744143586881163
288.0 2.681332277437977
289.0 2.897692232642843
290.0 2.745293168900775
291.0 2.7550329600259977
292.0 2.568956602310711
293.0 3.0422972567252877
294.0 2.648824669349975
295.0 2.9429489987475046
296.0 2.8561147067619523
297.0 2.8623805183900752
298.0 2.5691162614657843
299.0 3.187145913433328
300.0 2.6445694996781643
301.0 3.0989846251130038
