0.0 2.91785689883278
1.0 3.0925377437271475
2.0 3.0579241109616144
3.0 2.9301455130816256
4.0 2.93550039797846
5.0 3.036132953531531
6.0 3.2999675733702545
7.0 3.048656694539144
8.0 2.835499770151829
9.0 3.060533708490674
10.0 2.7158232252903063
11.0 3.0004483699864513
12.0 3.03737960363512
13.0 2.9463498567895963
14.0 2.823544850909397
15.0 2.53109143949323
16.0 3.0691571118171397
17.0 3.0886097259381122
18.0 3.0774747121726227
19.0 3.118569289833324
20.0 2.9366119106418633
21.0 2.8511963593787755
22.0 2.9745514019533115
23.0 3.1471280033775337
24.0 2.622580823198637
25.0 2.9148722636330477
26.0 3.1417938010209245
27.0 3.2249510513540365
28.0 2.730308910979062
29.0 2.688761015380972
30.0 3.29271075206921
31.0 2.7099014466471147
32.0 2.785234039908145
33.0 2.9278596758488913
34.0 2.813540071323547
35.0 2.8427654512188343
36.0 2.813957350393106
37.0 2.724898581874585
38.0 3.067529149659012
39.0 2.9393432448013077
40.0 2.662784254008965
41.0 3.08096021742006
42.0 2.686153153785928
43.0 2.8796240786650147
44.0 2.8782488020657997
45.0 2.5148737996680173
46.0 2.9229455259569335
47.0 2.788665734778744
48.0 3.1458911945334713
49.0 2.9626814612615124
50.0 2.862666341914717
51.0 2.665234323131798
52.0 2.8916214487182983
53.0 2.5603253342542938
54.0 2.955830078390224
55.0 3.079391355651334
56.0 2.736462088756178
57.0 2.823476317754089
58.0 2.4906023984068337
59.0 2.5759845687028085
60.0 2.66464935592166
61.0 2.699259263674422
62.0 2.8850281799867057
63.0 2.753667942508983
64.0 3.1765082782795573
65.0 2.9860058436919803
66.0 2.850155213100328
67.0 2.730986488008167
68.0 2.7109692804267804
69.0 2.72702120822809
70.0 2.8838593811799162
71.0 2.8062234484745305
72.0 2.776546758641982
73.0 3.282374328087828
74.0 2.4102345933808333
75.0 2.6485245049830777
76.0 3.354027106955929
77.0 2.8910905404424163
78.0 2.5795050990480837
79.0 2.784518733943835
80.0 2.6856153519054042
81.0 2.9016498257820738
82.0 2.946880045032078
83.0 2.729391970417324
84.0 2.7646263615948983
85.0 2.602772503724176
86.0 2.884874713548914
87.0 2.715991075753671
88.0 2.674096830234407
89.0 2.760119744426054
90.0 3.1223781775446593
91.0 2.616393908065455
92.0 2.87523081903683
93.0 3.2236548880818883
94.0 2.8322831997603255
95.0 2.75195910593944
96.0 2.6434412155385094
97.0 2.626587845749165
98.0 2.800106933146844
99.0 3.1077311760645547
100.0 2.697723669219327
101.0 2.7060745221828526
102.0 2.966307414197737
103.0 2.9627166221942085
104.0 2.7226994755309892
105.0 2.708432908844549
106.0 2.99563972350062
107.0 2.8449874795654635
108.0 3.0993969412896005
109.0 2.9155587570167683
110.0 2.9356428394511287
111.0 2.583076742088566
112.0 2.828678189067679
113.0 2.7101544496176837
114.0 3.0706648930358456
115.0 3.3376550859134673
116.0 2.785874670476263
117.0 3.1395090431567185
118.0 2.87110726214678
119.0 2.792937191044464
120.0 3.2373694587278945
121.0 2.9492435352937396
122.0 2.899319530188042
123.0 2.523669971591745
124.0 2.5936705760131393
125.0 3.0093897570164856
126.0 2.570921005000053
127.0 2.6422715656888
128.0 3.011595999456518
129.0 3.0144673478688513
130.0 3.046570224902313
131.0 2.7443269876380825
132.0 3.1286890549423663
133.0 2.61988628691903
134.0 2.8106996191136773
135.0 2.9138908332405067
136.0 3.0317802258823243
137.0 2.68679854819318
138.0 2.780207610112613
139.0 2.819512142670006
140.0 2.6327624810921813
141.0 2.688450630102863
142.0 3.0177123928419314
143.0 2.717839652505591
144.0 2.8238093698669817
145.0 2.766857798521833
146.0 2.695384066230887
147.0 2.6983429607575036
148.0 2.465339434706887
149.0 2.621945029056456
150.0 2.9717595325022947
151.0 2.8416017916445635
152.0 2.875016620256745
153.0 3.0628693531485807
154.0 2.432315657438769
155.0 2.92568121981453
156.0 2.7009737213805507
157.0 2.671330980490466
158.0 2.90789370160747
159.0 2.530929798984736
160.0 2.672404617588024
161.0 2.620148202817319
162.0 2.696863953039914
163.0 3.0226870408790543
164.0 2.7463975858734586
165.0 2.593289189597418
166.0 3.133337454123578
167.0 2.695668716971085
168.0 2.8555068940550212
169.0 2.7159274204151087
170.0 2.609505253087076
171.0 2.8569834740432953
172.0 2.589145270506454
173.0 2.8957211061694146
174.0 2.5084641600329376
175.0 2.8855380375771182
176.0 3.0708922382232173
177.0 2.719626645485538
178.0 2.768234808430982
179.0 2.9359040559451293
180.0 2.8493109138197337
181.0 2.6567599218295
182.0 3.401366129832456
183.0 2.811468376404569
184.0 2.732526628328126
185.0 2.888444318499281
186.0 2.997600517822153
187.0 3.048145733899455
188.0 2.8447177940744894
189.0 2.742203896507564
190.0 2.9802938655888758
191.0 3.007927790065897
192.0 2.8036748052802434
193.0 2.643410731767522
194.0 3.005425863604687
195.0 2.7751146949484022
196.0 2.9475976334931677
197.0 3.1664428362064494
198.0 2.8665322860311573
199.0 3.109267462730114
200.0 2.8212544368987134
201.0 2.6413801713944753
202.0 2.9238636041893695
203.0 3.0109742472871694
204.0 3.0212331635239025
205.0 3.069741789117904
206.0 2.971972868577517
207.0 3.0741100733053988
208.0 2.7996105596877983
209.0 2.9552679855515387
210.0 2.768007385727118
211.0 2.941133607830883
212.0 3.1794594700780734
213.0 2.585148662710239
214.0 2.9926047111283687
215.0 2.6171474085977997
216.0 2.8974560620129575
217.0 2.705248917671714
218.0 2.8958186816709772
219.0 2.5519033709779024
220.0 3.0255147193905936
221.0 2.7505490000881005
222.0 3.065246041721657
223.0 2.799664608339287
224.0 2.80515277232138
225.0 2.8020772977107247
226.0 2.614785375292241
227.0 3.1338670447027352
228.0 2.483312420526524
229.0 2.8203382781788404
230.0 2.571745590159242
231.0 2.7117103411945713
232.0 2.7020278274652982
233.0 2.425474639031983
234.0 2.546042132828818
235.0 2.957541523797112
236.0 2.737341657979966
237.0 2.8157729208895734
238.0 2.581090984994823
239.0 2.6752741252549406
240.0 2.883560364618915
241.0 2.8002809210057524
242.0 2.789137634738815
243.0 2.5489386875168525
244.0 3.220726475140224
245.0 2.848501023770922
246.0 2.5931828546094953
247.0 2.9765101035170765
248.0 3.0255438783269124
249.0 2.766471473932084
250.0 2.8057515153712935
251.0 2.5638364613188678
252.0 2.7662034643347932
253.0 3.013702980830004
254.0 2.76742303678945
255.0 2.7685754221400813
256.0 2.7093055092477156
257.0 2.7637761188345045
258.0 2.7327814274946527
259.0 2.8730461836971783
260.0 2.9994967501018013
261.0 3.47828057759412
262.0 3.1852635048287317
263.0 3.054137849786171
264.0 2.6764413325939316
265.0 2.767969641904257
266.0 3.0026847023089664
267.0 3.405658439354064
268.0 3.0172786736039123
269.0 2.767961849587653
270.0 2.9377906386484685
271.0 2.767202219906963
272.0 2.6845812337172847
273.0 2.935087015951
274.0 2.6429457696589207
275.0 3.065964022016199
276.0 2.7177587589814864
277.0 2.8792525582620687
278.0 2.794817424263713
279.0 2.7235745716248307
280.0 3.141508298364791
281.0 2.750820192937971
282.0 3.015965436438493
283.0 3.0413466111603027
284.0 2.9691469129135952
285.0 2.820366860097629
286.0 3.0310127195861662
287.0 3.195386000139261
288.0 2.997987248563409
289.0 2.8467697948565966
290.0 3.018018030803786
291.0 2.528969593574263
292.0 2.967468912652582
293.0 3.0538697292618595
294.0 2.6023156068817115
295.0 3.180471662772408
296.0 2.781086091188321
297.0 2.944171214043985
298.0 2.697469351371946
299.0 2.7765577569351336
300.0 2.7385170191347568
301.0 3.0064022351037223
