0.0 2.896493942190006
1.0 2.933245450256359
2.0 3.0298264713301584
3.0 2.908003197821617
4.0 2.731721037850054
5.0 3.2045957588576663
6.0 2.9976653975176606
7.0 2.6292821426813027
8.0 2.995220639319919
9.0 2.99039119761488
10.0 2.8545180570989603
11.0 2.8498258268794308
12.0 2.7163436602520856
13.0 2.899144983325799
14.0 2.880836669492226
15.0 3.0268173182522373
16.0 2.8644494166175622
17.0 2.716357199604531
18.0 2.6173684963510717
19.0 2.663180772425117
20.0 2.798079337321398
21.0 2.771401089059166
22.0 2.947659956954604
23.0 3.0405037111267577
24.0 3.0698265965142624
25.0 2.8824588796474098
26.0 2.989579399869562
27.0 2.638412250836783
28.0 2.945118367706841
29.0 2.801530807145172
30.0 3.1625617576865106
31.0 2.850207826988494
32.0 2.644314943504962
33.0 2.639413046286229
34.0 2.9682073592248686
35.0 2.8938148272022186
36.0 2.8346972563364177
37.0 2.8125762081469157
38.0 2.9279748502718785
39.0 2.734420258788269
40.0 2.849594809375531
41.0 3.0181409871334877
42.0 2.753900073642871
43.0 2.9346260120858294
44.0 2.9882211562782213
45.0 2.837844612947723
46.0 2.7838453883952696
47.0 2.6190342288558917
48.0 2.6511655099700655
49.0 2.612219974350123
50.0 3.1154646006841635
51.0 2.5354058526217735
52.0 3.068132126765269
53.0 2.5731864543361453
54.0 2.806075017816265
55.0 2.6580539908219345
56.0 3.000275803841602
57.0 2.7854329701935114
58.0 2.8968080326635723
59.0 2.9849529651449767
60.0 2.852824994234539
61.0 3.060718032670863
62.0 2.8288240408022522
63.0 2.937759985305035
64.0 2.766027609706205
65.0 2.9797848211318856
66.0 2.477515886600983
67.0 2.5917216695313186
68.0 2.730529350290985
69.0 2.630134348541794
70.0 2.9394793335709797
71.0 3.099566201492581
72.0 2.9375696705539087
73.0 2.557844779800327
74.0 2.517146356599001
75.0 2.962066670228947
76.0 2.630410168136242
77.0 2.6751441829766103
78.0 3.168807436517582
79.0 2.8242464210320435
80.0 2.7061843656238667
81.0 2.8790123681919484
82.0 3.0666572443686695
83.0 2.743737075081862
84.0 2.701024133151037
85.0 2.5699338777955534
86.0 2.9051404555117712
87.0 3.011448793297254
88.0 3.026919889407995
89.0 2.809703883416723
90.0 2.8870472178622713
91.0 2.54330744043832
92.0 2.832019481004757
93.0 2.7320993848103146
94.0 2.9473571805301235
95.0 3.4057469747487783
96.0 3.043629985185296
97.0 2.7197477370345764
98.0 2.8360981607960216
99.0 3.574129668146813
100.0 2.9502990783364793
101.0 2.647010725480485
102.0 2.767902246777818
103.0 2.7917783335984394
104.0 2.736118511161414
105.0 2.7550658188872825
106.0 2.5607452200207224
107.0 3.1199592579551365
108.0 2.801321637971753
109.0 2.8724440067010995
110.0 2.7222718403395065
111.0 2.7004470163876535
112.0 2.7956757409586563
113.0 2.7857469285626335
114.0 3.153482459206948
115.0 3.118270600179436
116.0 2.6890568441728155
117.0 2.7175007536884026
118.0 2.562164638046042
119.0 3.0662992908427262
120.0 2.783507790927401
121.0 2.671413273145941
122.0 3.3225405278920728
123.0 3.093673105886148
124.0 2.758877061981425
125.0 2.9431353314519537
126.0 2.815246566449282
127.0 2.331437911527225
128.0 2.925584499554232
129.0 2.952859440134712
130.0 2.4748525898760065
131.0 2.647350564122777
132.0 2.8769453315255693
133.0 2.525919818190447
134.0 2.969486308812148
135.0 2.8217638494589283
136.0 2.538128200873593
137.0 2.439622213210719
138.0 2.6618115009400567
139.0 2.5176047176179135
140.0 2.794108691847769
141.0 2.7540042542574996
142.0 2.8496084483875155
143.0 2.5744153536807417
144.0 3.217652915423982
145.0 3.1190353007260185
146.0 2.6886415811687896
147.0 2.711076709081521
148.0 2.6279684542947868
149.0 2.744692203758326
150.0 2.810764233891286
151.0 2.7724967617788883
152.0 2.5992988537112853
153.0 2.6382377716952585
154.0 2.9361854036288513
155.0 2.6694495502052167
156.0 2.6415809076533043
157.0 2.6664734177765426
158.0 2.8568203472963236
159.0 2.4771708089110014
160.0 2.971192845740478
161.0 2.504693044093956
162.0 3.324106841517572
163.0 2.967002896702643
164.0 2.4869692507305103
165.0 2.6902988681162117
166.0 2.7084713663298268
167.0 2.619847383179742
168.0 2.6727907503478363
169.0 2.4803428272218317
170.0 3.1912017358388183
171.0 2.756547436118934
172.0 3.1021771750593343
173.0 3.028063141376149
174.0 3.2156850094842455
175.0 2.6825563085811903
176.0 2.505006754640865
177.0 2.5782391785571015
178.0 2.9313232119990067
179.0 2.8193765567286126
180.0 2.742358271061255
181.0 2.9173221066174255
182.0 3.2963569469633645
183.0 2.9758809141009452
184.0 2.846454461587935
185.0 3.013294653404482
186.0 3.078403622875512
187.0 2.7835808090331056
188.0 2.8944881230817074
189.0 3.002136503291809
190.0 2.804046608507573
191.0 2.859799830983762
192.0 2.825469210646987
193.0 2.529688649798202
194.0 2.8415939350773822
195.0 2.554346563376213
196.0 2.8481195797528933
197.0 2.925274042334503
198.0 2.6572936872567565
199.0 2.7277574823658015
200.0 2.5126333596473764
201.0 2.882041251978371
202.0 2.6552513983226933
203.0 2.6761138562611495
204.0 3.18197792009672
205.0 2.6560115027778455
206.0 2.997187505102651
207.0 2.8456757675677045
208.0 2.9685847819022007
209.0 2.6980883970572593
210.0 2.8040407082374603
211.0 2.6488215330069287
212.0 3.0913445083601423
213.0 2.5707041524161047
214.0 2.9705812403403367
215.0 2.5352563059257807
216.0 2.5233909705232085
217.0 2.8097793012938586
218.0 2.9586130353309708
219.0 3.385786543757851
220.0 2.6057044111277112
221.0 2.6604061541644044
222.0 2.4888232299532684
223.0 2.7090519522416088
224.0 2.8413159812633193
225.0 2.7769970353301323
226.0 2.649405139924383
227.0 2.978292993071488
228.0 2.6692275294346413
229.0 2.920047310435901
230.0 3.2339220335684096
231.0 3.17480791243669
232.0 2.861509838810611
233.0 2.685208097650632
234.0 2.705483488002164
235.0 2.82024482092375
236.0 3.129164843687831
237.0 2.7863582973797625
238.0 2.4267722233771623
239.0 2.796910960345578
240.0 2.8977836632212206
241.0 3.0240577893203455
242.0 2.9945866573543394
243.0 2.8467319571782936
244.0 2.7713747409366185
245.0 3.069196022987598
246.0 2.8858627259030114
247.0 2.5054968887788958
248.0 2.634132396598871
249.0 2.707814816347658
250.0 2.635998757915535
251.0 2.7408466073971294
252.0 2.653198502215221
253.0 2.690798764614042
254.0 2.932822566286305
255.0 2.963348390947147
256.0 2.5245399282301433
257.0 3.0339066490638755
258.0 2.8664517039371322
259.0 2.9500314198792323
260.0 2.9073515012936606
261.0 2.805713731284357
262.0 2.9107420504444366
263.0 2.9187807118306544
264.0 2.745468660815656
265.0 2.966799002676196
266.0 2.7621466278565623
267.0 3.0550369005758853
268.0 2.988628923750948
269.0 3.0195283818521212
270.0 2.922500727416951
271.0 2.9432086765945353
272.0 3.04840880965981
273.0 3.0415563606242944
274.0 2.956087272219938
275.0 2.9555077998722226
276.0 2.92606622618041
277.0 3.3821595646109595
278.0 2.828397186299849
279.0 2.8439283838697955
280.0 2.8830492506267555
281.0 3.004503464431223
282.0 2.9114162361573515
283.0 2.8852053650196297
284.0 2.950575450505125
285.0 2.8852278519988652
286.0 2.8878619001623216
287.0 2.8955788545725234
288.0 3.1591099597733123
289.0 2.8725381063055577
290.0 2.6443109050393874
291.0 2.713635380268486
292.0 3.108372907863211
293.0 2.9479914818603503
294.0 3.119672074293846
295.0 3.3373981665795904
296.0 2.549774574179011
297.0 3.326405415989443
298.0 3.2386785418590254
299.0 2.9378028095584248
300.0 2.7211510574927154
301.0 2.6905386783607836
