0.0 2.827829793915806
1.0 3.050807944337324
2.0 3.1454415611230537
3.0 3.3231992854237564
4.0 3.113670017346646
5.0 2.7490200525332513
6.0 2.704388698521774
7.0 2.725698938131487
8.0 2.607273893542562
9.0 3.0721225337718114
10.0 2.9031660596672406
11.0 2.6053571890392897
12.0 2.814400800279837
13.0 3.126495339706392
14.0 2.7751809937356806
15.0 2.604382572443711
16.0 2.586093954415689
17.0 3.1113358472234593
18.0 2.8044958142745977
19.0 2.6330616336278334
20.0 2.7027666791793545
21.0 3.0319885776669633
22.0 3.1547819307258456
23.0 2.95897599462411
24.0 2.4889060313686886
25.0 2.47913289599146
26.0 2.665544171966538
27.0 2.6913433777297073
28.0 2.9986563002173146
29.0 2.5198267558477165
30.0 2.8659580583108464
31.0 3.06718789706667
32.0 2.681345288691948
33.0 2.496105404731341
34.0 3.0265541831420206
35.0 2.89895118787228
36.0 3.0819226442141097
37.0 2.635438787475653
38.0 2.6995913119574846
39.0 2.6475551269117923
40.0 2.455819817058555
41.0 2.9045891956454133
42.0 2.8370709882522958
43.0 2.6201418918296207
44.0 2.840647023074501
45.0 3.0121736793824283
46.0 2.9004139996481912
47.0 2.6803490274556654
48.0 2.972296371650896
49.0 2.766008473844296
50.0 2.651411406680138
51.0 2.892221307724603
52.0 2.978888867720126
53.0 2.9185921121940295
54.0 2.8062965019676955
55.0 2.804624173742516
56.0 2.69849109261405
57.0 2.8489958470332644
58.0 2.653253032767246
59.0 2.597756635512453
60.0 3.0853664329552526
61.0 3.001480081082676
62.0 2.96009018569695
63.0 2.7769495014975973
64.0 2.8079688725990244
65.0 2.5283247732084413
66.0 2.83620783337233
67.0 2.9562188643050886
68.0 3.0413658865549014
69.0 2.6638985092077907
70.0 3.06960184187364
71.0 2.7458865252581215
72.0 3.01717692618923
73.0 2.9580610276048622
74.0 3.4152063231335106
75.0 2.583528819103331
76.0 3.033428596186556
77.0 3.3815273778990282
78.0 2.765118045285748
79.0 2.9786979263723334
80.0 2.560237920481676
81.0 2.8947022903753057
82.0 2.7690888777830147
83.0 3.1108156982677513
84.0 3.3320903287323254
85.0 3.1477537714500987
86.0 2.8636809739597244
87.0 3.005839796568255
88.0 3.109208146870972
89.0 2.875518190098351
90.0 2.8059536084711176
91.0 2.8352412472803943
92.0 3.2630302111010288
93.0 2.8681314673694045
94.0 3.2393480003071033
95.0 2.676515478750177
96.0 2.7526855371797523
97.0 3.172413368194608
98.0 2.882790666121329
99.0 3.2137890597450953
100.0 2.6549190847755866
101.0 2.9643216383723914
102.0 2.694536694191861
103.0 2.845560217204197
104.0 2.844272575293832
105.0 2.5216837960414145
106.0 2.7373751053552913
107.0 3.1250642663084713
108.0 2.8258934201153987
109.0 2.852095161312968
110.0 3.0248911858516943
111.0 2.721393958798808
112.0 2.911511450249997
113.0 3.1567698248739715
114.0 3.0962843022636277
115.0 2.338975873601713
116.0 3.3049609319212983
117.0 2.954793273064001
118.0 3.1045200555743566
119.0 2.6389829039804695
120.0 3.012575118660154
121.0 3.0725060583379795
122.0 3.054210205718876
123.0 2.8041885902207473
124.0 3.050301603841213
125.0 3.1541766387798806
126.0 2.922710665035189
127.0 3.1284323333057653
128.0 2.6287392761396875
129.0 3.0190673783406567
130.0 2.757172568801926
131.0 3.0113891685020397
132.0 2.808263887901414
133.0 2.66598100112524
134.0 2.9680475710002763
135.0 2.7198818011198598
136.0 2.7183181253811246
137.0 2.5705818034729653
138.0 2.6222840953925592
139.0 2.7656061953516518
140.0 2.800967176052484
141.0 2.900714508005254
142.0 2.6855470203721525
143.0 2.444538596753678
144.0 3.016266437898758
145.0 2.577326194465993
146.0 2.662493819470331
147.0 2.7532590889319675
148.0 2.4602825726550104
149.0 2.70910336849685
150.0 2.6304266189971
151.0 2.796713349091212
152.0 2.9627339010559925
153.0 2.923157333230468
154.0 3.0331751825647637
155.0 2.4177611321158863
156.0 2.7385751066449027
157.0 2.6979812739132956
158.0 2.6507326547119026
159.0 2.7865783539984146
160.0 2.967760848417605
161.0 3.161791248001525
162.0 3.1779991570577373
163.0 2.638873756835907
164.0 2.8381831852499873
165.0 3.0188185594274963
166.0 3.0973964757319563
167.0 2.8377269109705883
168.0 2.9801698786033697
169.0 2.7278419323246843
170.0 3.1956332373177845
171.0 2.6308806253560233
172.0 2.917056857238846
173.0 2.904274939446325
174.0 2.8156447700391407
175.0 3.144624412448392
176.0 2.6219105728432597
177.0 2.7917132472005104
178.0 2.7375401397139605
179.0 3.0662292247191267
180.0 2.6558831159236824
181.0 2.5059210817539195
182.0 3.017217749830504
183.0 2.732257957459298
184.0 2.7927400027549054
185.0 2.874854268043426
186.0 3.009760118244932
187.0 2.57885026135183
188.0 2.7821743642291175
189.0 3.01767450130349
190.0 2.825332177225631
191.0 3.050457651539808
192.0 2.7978749282733473
193.0 2.775261354725048
194.0 2.7040676810468645
195.0 2.489431524237412
196.0 2.96357849021773
197.0 2.8384456754159983
198.0 2.9467487666098635
199.0 2.826727729128642
200.0 3.0227005270122618
201.0 2.911985443061286
202.0 2.77175566480995
203.0 2.606287225777939
204.0 2.7180569591476536
205.0 2.8857857957275477
206.0 2.9473511916084543
207.0 3.34004739246322
208.0 3.370573815985264
209.0 2.8018311073852935
210.0 3.042530526858635
211.0 2.663989786213423
212.0 2.7040732310771736
213.0 3.0129898879903574
214.0 2.792666593763779
215.0 3.0615879559487365
216.0 3.0679683511404114
217.0 2.6859242275145156
218.0 2.4530752996491403
219.0 2.635810512201794
220.0 2.775963185615803
221.0 2.4631305415234985
222.0 2.8701143430808003
223.0 3.172905076005855
224.0 2.876297835060583
225.0 2.9495590649677164
226.0 3.0736417085892715
227.0 2.427162722138707
228.0 2.7737029665811397
229.0 2.784101165280582
230.0 2.5930091046139783
231.0 2.6468321478675363
232.0 2.498146241803193
233.0 2.676279647910858
234.0 2.757402640184504
235.0 2.9902791115877254
236.0 2.8829513612995483
237.0 3.4041401894812906
238.0 2.774581457579514
239.0 2.708605483160091
240.0 2.699480437644401
241.0 2.658100006902503
242.0 2.928550760272161
243.0 2.5746368819134333
244.0 2.5470812092642467
245.0 2.757017859571435
246.0 2.7941913356558756
247.0 2.6558214345835283
248.0 2.9050594878059703
249.0 2.850702133231633
250.0 2.761975068331494
251.0 2.8567422874747357
252.0 2.622807478926575
253.0 2.6905564738463505
254.0 2.838758583793453
255.0 2.934899076231327
256.0 2.831905639686469
257.0 2.7653177084790603
258.0 2.742821535945351
259.0 2.881844478347112
260.0 2.9204827207459365
261.0 2.8500910047227523
262.0 2.9150161453985177
263.0 2.8694763729062336
264.0 2.7679224292574864
265.0 2.73140631433691
266.0 2.8966148817796196
267.0 3.0082274206375508
268.0 2.7562160360626184
269.0 2.8672995930639336
270.0 2.843112194206062
271.0 2.7289597576405646
272.0 3.1213810825182864
273.0 2.80035081280087
274.0 2.6525158678728693
275.0 2.9453312075280773
276.0 2.782000069986173
277.0 2.8710459745955754
278.0 2.7854298746231017
279.0 2.6537122920053235
280.0 2.6316845772111748
281.0 2.8467217832232086
282.0 2.9903739216404954
283.0 2.9717147359246705
284.0 2.9760299634463068
285.0 2.587907804425753
286.0 2.8340002316830115
287.0 2.860379138303485
288.0 2.891834675060332
289.0 3.005664015846056
290.0 2.6356581831476014
291.0 2.8982489210722586
292.0 2.9577871494684564
293.0 2.789866721572869
294.0 3.052721358418348
295.0 2.7834270536130865
296.0 3.1701614944669583
297.0 3.0067804757486547
298.0 2.840058659128747
299.0 3.010147244793021
300.0 2.6902191718049
301.0 2.7824157604514568
