0.0 2.7008395759615214
1.0 2.764217488231926
2.0 2.7754344584979704
3.0 2.6526413895811887
4.0 3.268280416994059
5.0 2.8056806248369783
6.0 3.0848266058673968
7.0 2.7927653945062674
8.0 3.107197863056841
9.0 2.6539126374716178
10.0 2.9922581913666297
11.0 2.7521932259969346
12.0 3.199218427126545
13.0 3.046417424946035
14.0 2.6716037238153323
15.0 2.979058571679028
16.0 2.4902734271464273
17.0 3.171490677589371
18.0 2.866755193585333
19.0 3.0144129649382805
20.0 3.007426943947754
21.0 3.1066432290996127
22.0 3.130334294313594
23.0 2.6218901358790667
24.0 2.9123064558139853
25.0 2.9311498653588752
26.0 2.891310575877757
27.0 2.959458133725468
28.0 3.238422984999344
29.0 2.7118067861470747
30.0 2.936418653582577
31.0 2.553143322965294
32.0 2.7728856096789487
33.0 2.6861063212983187
34.0 2.783019384892037
35.0 2.9853882021323015
36.0 2.855907400685838
37.0 2.959291392078527
38.0 2.6928891732647733
39.0 2.6806999246419956
40.0 2.824644712463013
41.0 2.699052115707639
42.0 2.447792916540002
43.0 2.8574246449240936
44.0 2.9526937668547393
45.0 2.5067684060674544
46.0 2.5926501058118436
47.0 2.788652105472049
48.0 2.7038020635207025
49.0 2.788954274274892
50.0 2.4929448898597086
51.0 2.5554545470117724
52.0 2.973549219738837
53.0 3.084361273496849
54.0 2.516264533155957
55.0 2.7045419651561664
56.0 2.854122628629829
57.0 2.614084036596943
58.0 2.8663351029311315
59.0 2.7221006175426146
60.0 2.7416824222703635
61.0 2.763145681297415
62.0 2.81796090389642
63.0 2.917289009575395
64.0 2.9053427909452534
65.0 2.6155614347348175
66.0 2.982550992845394
67.0 2.6898702431389476
68.0 2.882382468867694
69.0 3.0926491901787982
70.0 3.090378342609392
71.0 2.8564527377910744
72.0 2.8937344649581602
73.0 2.794164602288833
74.0 2.3776515340707105
75.0 2.5846840637770354
76.0 3.1942445937934694
77.0 2.7272026911892966
78.0 2.923373047824643
79.0 2.8961017216877774
80.0 2.876210791262433
81.0 2.9751504603391745
82.0 2.8182222801808514
83.0 3.0629176449146533
84.0 2.851229339640141
85.0 2.7414697199787623
86.0 2.9031505232423847
87.0 2.8912800092800164
88.0 2.4963414302629614
89.0 2.8831608500207104
90.0 2.9159937995326306
91.0 2.81947355153149
92.0 2.779395129936201
93.0 3.0292486193916757
94.0 2.659170687658004
95.0 2.643415064064887
96.0 2.803904587208681
97.0 2.9209207740066234
98.0 2.6990403980153514
99.0 2.8636829406961537
100.0 2.648873983851432
101.0 2.755219684681111
102.0 2.8690728191594506
103.0 2.8649714192346543
104.0 3.0716953635170596
105.0 2.924876024775603
106.0 3.081644454231472
107.0 2.606820407145084
108.0 3.022580665961073
109.0 2.9037402567171746
110.0 2.9276055308441973
111.0 2.7367862297943093
112.0 2.5845607270948374
113.0 3.290467394029185
114.0 2.9256967196198227
115.0 2.952124419691453
116.0 2.864390453600343
117.0 2.6810940911883976
118.0 2.5260571143383874
119.0 2.588555355827396
120.0 2.6295005249302905
121.0 2.844793138367328
122.0 2.4893743421660735
123.0 2.611876550242544
124.0 3.008363099810476
125.0 2.8078919695217026
126.0 2.7836888400086073
127.0 2.724940828599518
128.0 2.5453214731023994
129.0 3.047043489943607
130.0 2.7871229457607445
131.0 2.9175080375435063
132.0 2.5409586629331145
133.0 3.031993169294061
134.0 2.7194926874282976
135.0 2.7502816713920253
136.0 2.9064219010788594
137.0 2.858784680074417
138.0 3.0442105892552886
139.0 3.0148363989467777
140.0 2.871205619027565
141.0 3.0641337611116946
142.0 2.9808831645981075
143.0 2.844399227117173
144.0 3.063979428465304
145.0 2.7688958118673366
146.0 3.0249755962355795
147.0 2.7423906322486857
148.0 2.899409784455641
149.0 2.893110329938171
150.0 2.993448195030165
151.0 3.260244911815622
152.0 2.654394895461121
153.0 2.6526757611204266
154.0 3.030766209195505
155.0 2.7672958352333628
156.0 2.8206645039773726
157.0 2.8058885697477782
158.0 2.829992254951555
159.0 3.1125191333940685
160.0 2.5787152276106453
161.0 3.073703641347887
162.0 2.8400986389013325
163.0 2.748332304046679
164.0 2.803543813442879
165.0 2.8347694720336767
166.0 2.672383713566494
167.0 2.4663034959879
168.0 2.9231010098661003
169.0 3.313273603727956
170.0 2.7266951892792246
171.0 2.8871572719103913
172.0 2.8898950504518757
173.0 3.037233063519701
174.0 3.005290378009378
175.0 2.9446558595190653
176.0 2.8749377715822577
177.0 2.8083772205723534
178.0 2.9600902317944437
179.0 2.952383530480194
180.0 2.7392223357219923
181.0 2.4566968538769927
182.0 2.7967929555406723
183.0 2.7617752465542647
184.0 3.142934469619001
185.0 3.07619237790252
186.0 3.130797604594326
187.0 2.914300314524578
188.0 2.7107256597119287
189.0 2.779489134082966
190.0 2.827770438933103
191.0 2.6081935325759367
192.0 3.021509279724208
193.0 2.5867231040600855
194.0 2.825234585297384
195.0 2.8781964711473687
196.0 2.4438967818307766
197.0 2.762013200437554
198.0 2.780520330867426
199.0 2.77241450906808
200.0 2.3985293618597154
201.0 2.925127305711394
202.0 3.0863731451686887
203.0 2.9150786329703418
204.0 2.9322149098927612
205.0 2.776078578870106
206.0 3.1671499791891726
207.0 3.0846389274352366
208.0 2.9545424722211857
209.0 3.2616712159027177
210.0 2.7632030143543314
211.0 3.064557498204233
212.0 2.7981054122966915
213.0 2.860586800423763
214.0 2.8639412883461
215.0 2.8969457814306336
216.0 2.696352152345962
217.0 2.903371051650103
218.0 2.7749733971182082
219.0 2.2977477458754456
220.0 2.5847394367194676
221.0 2.6577843271525454
222.0 3.0027671891250525
223.0 2.788574962115237
224.0 2.873156062690143
225.0 2.7733348422581083
226.0 3.0789236384425234
227.0 3.0151890406283304
228.0 2.697042585823458
229.0 2.5726409366123213
230.0 2.365338818487389
231.0 2.675243818063715
232.0 2.524241956086477
233.0 2.704181570163859
234.0 2.71851708117176
235.0 2.812411595661366
236.0 3.1806265293944627
237.0 2.8877177579594737
238.0 2.4833608705400274
239.0 2.6695375716122896
240.0 2.780582610275763
241.0 2.8621500801696094
242.0 3.3097258806243803
243.0 2.723947576220974
244.0 2.5848192986833185
245.0 2.871976459148004
246.0 3.030530390062478
247.0 2.904859084680009
248.0 2.7922909360091692
249.0 3.4765403708049014
250.0 2.7502849837025205
251.0 2.9045517900568742
252.0 2.746815319681907
253.0 2.8387039566136885
254.0 2.4764492264534783
255.0 2.944931050919161
256.0 2.8163200400241686
257.0 2.680199873185972
258.0 2.7926684589371
259.0 3.0254767447274653
260.0 2.8800351098866486
261.0 2.4342758848475086
262.0 2.695429199353245
263.0 2.7295369706695713
264.0 2.973981427389009
265.0 2.655288210921911
266.0 2.9756584267495074
267.0 2.708458511865554
268.0 2.8485416826998406
269.0 3.0254683250045384
270.0 3.2737482627153733
271.0 2.8107554717473695
272.0 2.7479096547672497
273.0 3.090636684461314
274.0 2.675455304605014
275.0 3.226092206844541
276.0 2.554361638037121
277.0 3.016862362078701
278.0 3.2203094478276433
279.0 3.19204002671544
280.0 3.017132922909743
281.0 2.958246053326876
282.0 2.962038376308715
283.0 2.8222130685501243
284.0 2.953136683176619
285.0 2.6892787524805906
286.0 2.879937318014729
287.0 2.7604649187827697
288.0 2.4815329575928926
289.0 2.9265801530899163
290.0 2.7891345150861406
291.0 3.1149083304132583
292.0 2.688446398111637
293.0 2.569146655720573
294.0 2.795365099437366
295.0 3.0875470760323096
296.0 2.532700549192153
297.0 2.958459696970823
298.0 3.0801324282165314
299.0 2.7901702102315777
300.0 2.5921136862128566
301.0 2.8957982829712976
