0.0 2.8683618129672874
1.0 2.4870771468398707
2.0 3.2335901244888077
3.0 2.538617137204232
4.0 3.0197821198844887
5.0 2.6442493447073465
6.0 2.703372878119586
7.0 2.6120856095544855
8.0 2.7289978219417437
9.0 2.3071960021032587
10.0 2.6520939726356874
11.0 2.639266873585503
12.0 3.1774348005621724
13.0 2.5298226789986655
14.0 2.901745970803093
15.0 2.798668038598406
16.0 3.0334521820413367
17.0 2.8389085853768408
18.0 2.607587147164819
19.0 2.8428613318331877
20.0 2.657654761377975
21.0 2.7216804787913236
22.0 2.884686431655493
23.0 3.0546859785237572
24.0 2.810629778843699
25.0 2.9728356804780205
26.0 2.5025941770705575
27.0 2.5612762318670326
28.0 3.001090297684147
29.0 3.2776448232783233
30.0 2.806545120832964
31.0 2.7291164998729345
32.0 2.6886146411791456
33.0 2.856715501171539
34.0 2.8669058277806823
35.0 2.593599475666725
36.0 2.931614494596541
37.0 2.8559164501647207
38.0 2.5924806916741105
39.0 2.592388778649823
40.0 2.993989748089938
41.0 2.9713664659568693
42.0 3.0606100812796004
43.0 2.939798684210873
44.0 3.3393157707924854
45.0 3.030925848659097
46.0 2.5095921258474005
47.0 2.88820707236294
48.0 2.821088454816048
49.0 2.924289946356044
50.0 2.8001770614774415
51.0 2.9110897355373115
52.0 3.082712142249849
53.0 2.943648981986627
54.0 2.9923478031610737
55.0 2.762940025760928
56.0 3.354138147637643
57.0 2.8881047125057564
58.0 3.015118058325495
59.0 2.8604265460392306
60.0 2.819438352663484
61.0 2.7144054158118402
62.0 2.8263902002120562
63.0 2.933671932690121
64.0 2.8436337756793395
65.0 3.0289002813667167
66.0 2.8964053432531234
67.0 3.0037473506373784
68.0 2.843504195219742
69.0 3.087821944057083
70.0 2.753844600093616
71.0 3.078316361198819
72.0 3.045532996737152
73.0 2.9544695213750094
74.0 2.534760298625206
75.0 2.689212759727785
76.0 2.9250571479681504
77.0 2.6697930107468
78.0 2.9713675217264894
79.0 2.74047361679911
80.0 2.930512284102134
81.0 3.153107693487941
82.0 2.834702231388844
83.0 2.7842919888262423
84.0 2.6663625852429873
85.0 3.143334343817349
86.0 3.2892740841654207
87.0 2.8472974992928934
88.0 2.8362906187703727
89.0 2.8845295854745787
90.0 2.754709170457105
91.0 2.712446409053787
92.0 2.7616161766072387
93.0 2.499766704977435
94.0 2.625735836745613
95.0 2.617994339904103
96.0 2.776159001924021
97.0 2.7588141312556482
98.0 2.7695237945995523
99.0 2.665070173353089
100.0 2.7735648066639276
101.0 2.7967196604325895
102.0 2.5639150124812553
103.0 2.742434699745593
104.0 2.7397954003418743
105.0 2.544523276811999
106.0 3.084903744627271
107.0 2.830164643531286
108.0 2.7229581196322186
109.0 2.8384254412391834
110.0 2.7483812728181096
111.0 2.879457829662188
112.0 2.679206995945547
113.0 2.8128698350071253
114.0 2.5635124855763087
115.0 2.5928302267091246
116.0 2.9390060370709117
117.0 2.7178640502320874
118.0 2.69709247294703
119.0 2.9830675166113947
120.0 2.7214316149464644
121.0 2.9129217258296896
122.0 2.771617804975065
123.0 2.541706398982404
124.0 2.5708709758945814
125.0 3.032298341971168
126.0 2.998704888572925
127.0 3.1078419379059414
128.0 2.8106709442192037
129.0 3.0617102096241995
130.0 2.908784061643715
131.0 2.4724520935312033
132.0 2.864228405111545
133.0 2.7909318989492284
134.0 2.6701989396329355
135.0 3.2513953629598147
136.0 2.6929502249821566
137.0 2.7846417587317904
138.0 2.982757510876209
139.0 2.6468605254005526
140.0 2.787405895398339
141.0 2.9214079340028065
142.0 3.021369434758545
143.0 3.0053284423762205
144.0 2.9888061407695155
145.0 3.535373128421463
146.0 2.7764453873931365
147.0 3.184090394466398
148.0 3.1556066491092385
149.0 2.8192172371973534
150.0 2.8560763999497674
151.0 2.9548415528244676
152.0 2.8150538256897946
153.0 2.6577187034627503
154.0 2.9336725358300684
155.0 3.125284143355438
156.0 3.118864322900632
157.0 3.1995415617222256
158.0 2.699276667699708
159.0 3.015173430443139
160.0 2.857493658836701
161.0 2.837868310828678
162.0 2.7486909433296765
163.0 3.1709391400301232
164.0 2.7404125722777453
165.0 2.5701167070670636
166.0 3.0584672926567236
167.0 2.5249778101953675
168.0 2.850705691520139
169.0 2.8810969788890883
170.0 2.954571088359834
171.0 3.019352942067255
172.0 2.86064166942501
173.0 2.525900428690276
174.0 2.5418335031621306
175.0 2.8857535921318895
176.0 2.669753253269873
177.0 2.9558300849255357
178.0 2.5875966822730723
179.0 2.7139931512257114
180.0 2.6036774785125103
181.0 2.9234571647283896
182.0 2.512386203717704
183.0 2.995669060659021
184.0 3.181376853135096
185.0 2.9170844735004184
186.0 2.744446584713399
187.0 2.924608131446297
188.0 3.0340970939761633
189.0 2.4810017283637555
190.0 2.9605594282313965
191.0 2.6653759308710208
192.0 3.2929075747831957
193.0 2.7960008532346476
194.0 2.9049492034374276
195.0 3.2365753931263117
196.0 2.5538347804339323
197.0 2.974535515167858
198.0 2.8871096438067543
199.0 2.9141573144412085
200.0 2.7723011860802416
201.0 2.5540568646935102
202.0 2.7745136684666276
203.0 2.7857799957635825
204.0 2.471797846020452
205.0 2.9487564707909555
206.0 2.792846377906299
207.0 2.7886317783305126
208.0 2.8281822969022414
209.0 2.6335779471669514
210.0 2.9910215759672227
211.0 2.903199893945787
212.0 2.64809842461946
213.0 2.7904738432733573
214.0 2.742631473665323
215.0 2.738095462450704
216.0 2.9691674061886633
217.0 2.7155926414123077
218.0 2.8602877341583484
219.0 2.9950853588792015
220.0 2.7017164950657606
221.0 3.034254470458095
222.0 2.6752685991497676
223.0 3.0352814826524366
224.0 2.7211642455711216
225.0 2.515894774934508
226.0 2.9254798333706877
227.0 2.7095026770055295
228.0 2.833053634538535
229.0 3.262220952713606
230.0 2.7352602750492174
231.0 2.9693643616509093
232.0 2.852603793890716
233.0 3.0014269497166692
234.0 2.8521690355887683
235.0 2.9547851830495544
236.0 2.900451416546694
237.0 2.5759573503816813
238.0 2.7601434695927676
239.0 3.4493092314223297
240.0 3.1296585982239598
241.0 2.9792876398082284
242.0 2.7235995671995625
243.0 3.2421250222525244
244.0 2.713540238253189
245.0 3.078184531833297
246.0 2.857379004326303
247.0 2.8745324737606905
248.0 2.8274828317919027
249.0 2.904422304329709
250.0 3.047602530747502
251.0 2.906320476143741
252.0 2.9319227775663714
253.0 3.172513810014311
254.0 3.3211738339245436
255.0 2.7991093036493893
256.0 2.9110454163955404
257.0 2.7708555409089057
258.0 2.9689209196916675
259.0 2.725128079252899
260.0 2.748083087068347
261.0 2.63948550938484
262.0 2.670074863526767
263.0 2.73293256204505
264.0 3.0070159826369056
265.0 3.2625362926400934
266.0 2.8913885790140093
267.0 2.959817004993367
268.0 2.7868099797874457
269.0 2.6959464892210105
270.0 3.105181819360874
271.0 2.791317460252447
272.0 2.4252533223603647
273.0 3.039622570867073
274.0 2.969326415070345
275.0 3.103432515909333
276.0 2.6986779665430003
277.0 2.799553043902528
278.0 3.1014648788213237
279.0 2.8440592076192113
280.0 2.780320926452392
281.0 2.7517819079597294
282.0 2.762188822068225
283.0 2.51141310090199
284.0 3.242771083467924
285.0 2.9821028639453315
286.0 2.7061421149531113
287.0 2.497670451567784
288.0 2.8492296352331503
289.0 2.9858849601774615
290.0 2.541508687188704
291.0 2.6926045639899927
292.0 3.0351441874371234
293.0 3.042138306379729
294.0 2.503496044567502
295.0 3.213213627831497
296.0 2.84530063804757
297.0 2.585629885619961
298.0 2.7449746702166262
299.0 2.742762210765084
300.0 2.65647655206125
301.0 2.910236550978721
