0.0 2.8312020497717625
1.0 2.7758653325308544
2.0 2.9889882789841304
3.0 3.1884783957900664
4.0 2.7397120803332142
5.0 3.068480674612795
6.0 2.8706271995519277
7.0 3.3206931769738444
8.0 2.550961386714908
9.0 2.6158311220059214
10.0 2.7144976393254026
11.0 2.665345992136345
12.0 2.561440023357592
13.0 2.958005826719089
14.0 2.4846691189249364
15.0 2.678503227195507
16.0 2.7803707060332337
17.0 2.9981204931519136
18.0 2.665302861905554
19.0 2.9245522823212
20.0 2.705058196987664
21.0 2.4823878389615146
22.0 3.1112607645375276
23.0 2.6710427109667028
24.0 2.664403386947899
25.0 2.696859739248455
26.0 2.614033805801051
27.0 3.0179942193972127
28.0 2.820938051165993
29.0 2.9549210452724
30.0 2.635155983167651
31.0 2.943622805300572
32.0 2.9038748004091115
33.0 2.7603297658110613
34.0 3.1503779299765204
35.0 2.504269400079735
36.0 2.775133425692469
37.0 3.4202761841441904
38.0 2.996467117472603
39.0 2.9067650037085513
40.0 2.6272131914153602
41.0 2.9781834743361286
42.0 2.9671129653521464
43.0 3.144925436042827
44.0 2.8316653019753324
45.0 2.7580403700325733
46.0 2.4888562279652815
47.0 2.7388309223662466
48.0 2.8892987246813546
49.0 2.7494571499775384
50.0 3.024505750898813
51.0 2.95658505877375
52.0 2.8508852642530202
53.0 2.789283096631445
54.0 3.153161035392659
55.0 2.8750089111907604
56.0 3.254814971348285
57.0 2.5824121838953547
58.0 2.7153270245076264
59.0 2.8841755319804863
60.0 2.5913971158730136
61.0 3.23053605567064
62.0 2.871986779255491
63.0 2.9751905828015026
64.0 2.988270171300681
65.0 2.9725313253011527
66.0 2.807127300299975
67.0 2.704200434138107
68.0 2.690620461315031
69.0 2.9221819766196906
70.0 2.7595445956636064
71.0 2.8898936794841794
72.0 2.7413060144592607
73.0 2.7154267063361255
74.0 3.0596363237789914
75.0 2.758572465062372
76.0 2.7738829751663534
77.0 2.720811902330783
78.0 2.9670596316783935
79.0 2.846094899771875
80.0 2.6833112175131286
81.0 2.995603957813231
82.0 2.971070906889473
83.0 2.894857304357132
84.0 2.734315997321935
85.0 2.7370550236302673
86.0 2.8906264776742807
87.0 2.9276760871943397
88.0 2.6551128465759453
89.0 2.8093470013263193
90.0 2.688181584269511
91.0 3.0073297403028736
92.0 2.8269685353108853
93.0 3.4567015758716213
94.0 3.0404412686845608
95.0 2.8151281625480493
96.0 2.5100587910284493
97.0 2.6694265376138673
98.0 2.7336281945491314
99.0 2.923365389801951
100.0 2.6155171142608165
101.0 2.784307192723342
102.0 3.112829580078102
103.0 2.8736109971251707
104.0 2.615574009559123
105.0 2.73779052194942
106.0 2.733409960216089
107.0 2.829837083255806
108.0 2.825715896907246
109.0 2.4947441551845237
110.0 3.390626543151916
111.0 2.9140893295221635
112.0 3.0241558131082007
113.0 2.815887354867907
114.0 3.0965121081314386
115.0 2.5790864897822443
116.0 2.5783440021719777
117.0 2.3286965771297092
118.0 2.701944619631996
119.0 2.8435350445320977
120.0 3.271493809783633
121.0 2.970956165623032
122.0 2.866691626918899
123.0 3.0966931742423847
124.0 2.976032156355047
125.0 2.943907269337364
126.0 2.6102704567994808
127.0 3.144167118621781
128.0 2.9307941165663833
129.0 2.689853052322974
130.0 2.678748478166527
131.0 2.9028222699290853
132.0 3.231879397530609
133.0 2.8051170725203165
134.0 2.667063373917352
135.0 3.3567510265864597
136.0 2.8387089940385617
137.0 2.9716906016150952
138.0 2.964180936597925
139.0 2.940326066832166
140.0 3.077119346506682
141.0 3.3527132632148384
142.0 2.7495663353290754
143.0 3.159217862499748
144.0 2.917441014231662
145.0 2.8626053745602613
146.0 2.6161907789808567
147.0 3.1056166507696865
148.0 2.909030400935638
149.0 3.1445969213762224
150.0 2.994376452397661
151.0 2.6984874029390222
152.0 3.114802078123449
153.0 2.813877047098347
154.0 2.711041004186136
155.0 2.8836770900613806
156.0 3.0016109503062136
157.0 2.7712067403197933
158.0 2.503110079257053
159.0 3.2748512895836144
160.0 3.020785782632019
161.0 3.01197494591012
162.0 2.885326926119885
163.0 2.550269251935948
164.0 2.7435453019267935
165.0 2.923030224947449
166.0 2.931136542104887
167.0 2.7581048775919546
168.0 2.894929351403884
169.0 2.7539323649658836
170.0 2.9186092278401357
171.0 2.546279267226561
172.0 2.5813487667356148
173.0 3.1771773125455596
174.0 2.690024716687197
175.0 3.0407484417839483
176.0 2.4967828300007042
177.0 2.784066790972363
178.0 2.9222743908607933
179.0 2.622334575564206
180.0 3.037082115997341
181.0 2.7877362109190598
182.0 2.669217938879873
183.0 2.652314793278544
184.0 2.8569738447765984
185.0 2.836907325176285
186.0 2.7810078956004007
187.0 2.41918085159629
188.0 2.656198789253902
189.0 2.7425563942393656
190.0 2.7177352544325877
191.0 3.04788378079231
192.0 2.858692351477945
193.0 3.0010397846948162
194.0 2.6434658472678287
195.0 3.0542156179408466
196.0 2.427114021432022
197.0 2.9493191581437714
198.0 2.934370567941911
199.0 3.0174790309952124
200.0 3.1205350415169195
201.0 2.6793635617564044
202.0 2.9000478924715343
203.0 2.735714160301363
204.0 2.7454613677279798
205.0 2.632898846537864
206.0 3.0720784711195797
207.0 2.8968139442798644
208.0 2.79411670789441
209.0 3.0003052162722805
210.0 2.7324447851378664
211.0 2.7897171261863196
212.0 2.747898664625116
213.0 3.0868703118707006
214.0 2.914360965442084
215.0 2.9886590989381823
216.0 2.836317721262848
217.0 2.780432070155094
218.0 2.7084807905853463
219.0 2.8583683279575167
220.0 2.938674276031204
221.0 3.1825722490485813
222.0 2.8237441761836983
223.0 2.9007327671769403
224.0 3.0162766789117446
225.0 3.0755240058777042
226.0 2.617582533563528
227.0 2.9545073725987727
228.0 2.6714553292501266
229.0 3.1317091488152333
230.0 2.756185522110374
231.0 2.878235146764144
232.0 2.7420399944735605
233.0 3.186282196559975
234.0 2.779566404934923
235.0 2.834283998731741
236.0 2.7809848711008818
237.0 2.5003235354535263
238.0 2.9844013282610304
239.0 2.926131093839739
240.0 2.9510689906953265
241.0 2.668052751112103
242.0 3.010669427733826
243.0 3.0960242846002997
244.0 2.707597090545087
245.0 2.8034554456154908
246.0 2.6855474378942876
247.0 2.9782238194793638
248.0 2.6695838800958653
249.0 2.7597160440938344
250.0 3.171756866625362
251.0 3.0701397828200236
252.0 2.9615278698815812
253.0 3.102961804189179
254.0 2.549766869294244
255.0 2.8693059030193035
256.0 3.3786071158372315
257.0 2.7622712387448978
258.0 2.6569000930929456
259.0 2.8023503731630734
260.0 2.9791004189298707
261.0 2.546964151941546
262.0 2.836588232930546
263.0 2.8928199285384655
264.0 2.601240502327121
265.0 2.9432378002831903
266.0 2.6299051093371246
267.0 2.8508816967354194
268.0 2.587009030800538
269.0 2.58143523340227
270.0 2.86032098812577
271.0 2.9067615652295857
272.0 2.8308810293003375
273.0 2.9559377861583234
274.0 2.955931409853637
275.0 2.8281450683515317
276.0 2.6918377850153643
277.0 2.609036235262507
278.0 3.1365892260349417
279.0 3.0457755668363955
280.0 3.026001535088992
281.0 2.7036732483589647
282.0 2.555450600835083
283.0 2.7769100649682295
284.0 2.9999873376296513
285.0 2.9111667658534564
286.0 2.8425231005766447
287.0 2.5191443140796377
288.0 2.8348354511928195
289.0 2.647901603431926
290.0 2.7511430467644535
291.0 2.763136858966311
292.0 2.660864585052606
293.0 3.0151019081333117
294.0 3.0182086284060015
295.0 2.9517560448408546
296.0 2.7222308727197886
297.0 2.9726553559307094
298.0 2.7993441128969443
299.0 3.1952401654312
300.0 2.959468908415879
301.0 3.0842886713377897
