0.0 2.51999367237811
1.0 2.7698311366360193
2.0 2.9125058841787017
3.0 2.5066364887210684
4.0 2.3845222386984215
5.0 2.385311725620791
6.0 2.8868446483049706
7.0 2.6666779027282534
8.0 2.826791984331299
9.0 2.72081775937763
10.0 2.7090484103625747
11.0 2.7197289923050354
12.0 2.471227217280766
13.0 2.941687197168354
14.0 3.006346937081359
15.0 2.5759469730367046
16.0 2.9322842673136678
17.0 3.1451012244537546
18.0 2.5985643946322465
19.0 2.887139266320441
20.0 2.725206740039232
21.0 2.737537836440653
22.0 2.520983560913123
23.0 3.2347552775961392
24.0 3.284665076103859
25.0 2.5905685479550185
26.0 2.9826445428055997
27.0 2.736466021324726
28.0 2.5504999200514655
29.0 3.058739531799269
30.0 2.6781684509853525
31.0 3.0097599107027504
32.0 3.103428736016098
33.0 2.7969057688758334
34.0 2.9714214859264363
35.0 2.9665586789821234
36.0 2.93648875975486
37.0 2.7055956151560117
38.0 2.7125182522213986
39.0 2.8315739521204684
40.0 2.9299157421003734
41.0 2.800835704884044
42.0 2.7872633116472083
43.0 3.131860297909178
44.0 3.190492113799578
45.0 3.1602497814102666
46.0 3.123024039811077
47.0 3.2452025378999525
48.0 2.894695649973524
49.0 2.8761653627962214
50.0 2.70178134072948
51.0 2.815595712773561
52.0 3.1515816263939294
53.0 2.9182142215455142
54.0 2.729468402120632
55.0 2.737798213666752
56.0 2.9552816775312563
57.0 2.763003290634118
58.0 3.115595440911596
59.0 3.149647735773599
60.0 2.8361703662105797
61.0 2.9699460632633463
62.0 2.5824746848704327
63.0 3.002483608307914
64.0 3.1594535155749193
65.0 2.8667950894475593
66.0 2.765269326210866
67.0 3.2569598256721104
68.0 2.8069852688962773
69.0 2.6643623166635275
70.0 2.9035625611583966
71.0 2.9347463384823356
72.0 2.906369134333183
73.0 2.7463609190347715
74.0 2.913381678044254
75.0 2.8782240809718322
76.0 2.75360868904659
77.0 2.933591208203656
78.0 2.873320112080531
79.0 2.547353446561324
80.0 2.9067487687303597
81.0 3.3617415319790207
82.0 2.8209089282831505
83.0 2.977455068094251
84.0 2.4779077346979292
85.0 2.4888182514075217
86.0 2.8514597154815555
87.0 2.767867438119635
88.0 2.5730276747187126
89.0 3.222905552907833
90.0 2.7352763225749497
91.0 2.8607432299481483
92.0 2.7881296198126915
93.0 2.6556585971924003
94.0 2.8991317006400843
95.0 2.912420026381584
96.0 2.997629530001505
97.0 2.551221196254113
98.0 2.9376223167431785
99.0 2.8887807059501682
100.0 2.669414225533808
101.0 2.801082321307978
102.0 2.9304431551922536
103.0 2.434977373766695
104.0 2.7943407326477434
105.0 2.84314410886025
106.0 2.6899536013779137
107.0 3.0834721364714515
108.0 2.930487456987439
109.0 2.742874908834042
110.0 3.004906104076293
111.0 2.7299690183641867
112.0 2.718936399466538
113.0 2.724304517766797
114.0 2.832665521687486
115.0 2.5668069071339747
116.0 2.639159453242266
117.0 2.69472024447391
118.0 2.6403655093439022
119.0 2.8557309748608257
120.0 2.594345809291288
121.0 2.7667391215748633
122.0 2.6886423885474358
123.0 3.329112450016839
124.0 2.843699237908019
125.0 2.952640844221047
126.0 2.8716588536689316
127.0 3.117979344591929
128.0 3.1423502300876174
129.0 2.8970535511035913
130.0 2.8387585613812547
131.0 2.978703611180627
132.0 3.1128796201833238
133.0 2.970185358026906
134.0 2.600714210462927
135.0 2.9636552421292235
136.0 2.9917905617435623
137.0 2.8661876663256387
138.0 2.7311215891474836
139.0 2.974369460473622
140.0 2.924810573094271
141.0 3.06849479543666
142.0 3.3017729865064998
143.0 2.9506666997903017
144.0 2.7263650472638004
145.0 2.8752169927614006
146.0 3.097544566341627
147.0 2.836912807707639
148.0 2.987609840494901
149.0 3.0277769681653037
150.0 2.9528699477312124
151.0 2.79465977317375
152.0 2.789940196280364
153.0 3.169589415474161
154.0 3.027863708594005
155.0 2.739084070902993
156.0 3.2476202557554266
157.0 2.8799384576261793
158.0 3.1208851448490558
159.0 2.75510709332645
160.0 2.807892233566035
161.0 2.767901775924431
162.0 2.735401415048126
163.0 2.9664988479449184
164.0 2.6932900140959877
165.0 2.7991372851107634
166.0 3.105034679871543
167.0 2.7427912876560314
168.0 3.0357494635764444
169.0 2.879813580460148
170.0 2.771203764644666
171.0 3.0054530572133844
172.0 2.6024743220671995
173.0 2.764792588888072
174.0 2.630933715700382
175.0 2.981918170537337
176.0 2.7580733846259577
177.0 2.952036061902291
178.0 2.6860764971205673
179.0 2.6734643481867133
180.0 2.8185073044344735
181.0 2.649929970366644
182.0 2.7786394410782567
183.0 2.7359860988932074
184.0 2.7695026872325648
185.0 3.0063956304698145
186.0 2.481063826364947
187.0 2.7521622838342585
188.0 2.8299715924575533
189.0 2.7361643335264496
190.0 3.1907841467953877
191.0 2.743829593648922
192.0 2.919686596647627
193.0 2.568661910461275
194.0 3.0048910996037907
195.0 2.9111744357295266
196.0 2.714432807474569
197.0 2.6567108352036874
198.0 2.5918707979373248
199.0 2.925523574393831
200.0 2.9080527066679784
201.0 3.0373404972247173
202.0 2.688423958338651
203.0 3.1573067223705227
204.0 2.8855125904171883
205.0 2.865738205279958
206.0 2.8732410159832162
207.0 2.880248541361948
208.0 2.6683495379788384
209.0 2.66251863285483
210.0 2.84192625002126
211.0 2.875845185063798
212.0 2.890721880352717
213.0 3.1026087362815478
214.0 2.9399036308976525
215.0 2.6305305810966955
216.0 2.800938525604549
217.0 2.888564296159876
218.0 2.98601407854974
219.0 3.207071369927413
220.0 2.6184596133623104
221.0 2.701604277050092
222.0 2.8040491040510167
223.0 3.003719658713564
224.0 2.993135744873265
225.0 2.9285065981776257
226.0 2.733619171426349
227.0 2.7781533203135282
228.0 3.1005405265091834
229.0 2.549760323111785
230.0 2.8464016982052063
231.0 2.525891992069569
232.0 2.772419999268513
233.0 2.730636230287883
234.0 2.968055354325307
235.0 3.0691958484146347
236.0 2.7905867761527876
237.0 3.3346359583030214
238.0 2.970956870250838
239.0 2.8765926473864694
240.0 2.782972394584304
241.0 3.2621596786010247
242.0 3.017461916073581
243.0 2.8990149760424355
244.0 2.584298896985127
245.0 3.024240056684276
246.0 2.71748678465758
247.0 2.762941735312693
248.0 2.481596869211113
249.0 2.71956876076272
250.0 2.914482036879631
251.0 2.4489832696476657
252.0 2.918144527538324
253.0 2.7478038954252186
254.0 3.175121313610039
255.0 2.9218262157843475
256.0 2.8063332685133866
257.0 2.9701124452340637
258.0 2.887004336289876
259.0 2.9116768110910605
260.0 2.7325439460870165
261.0 2.8785584941180327
262.0 2.8116957610975564
263.0 2.7234978044920357
264.0 2.981569136133188
265.0 3.3275043207381696
266.0 2.822875024351353
267.0 2.595484152480546
268.0 2.8232964591887755
269.0 2.92180204008934
270.0 2.776984082869064
271.0 2.902878413828179
272.0 2.968256238794574
273.0 2.4544862677776154
274.0 2.6173530057243006
275.0 3.300383513141899
276.0 2.8771743802382015
277.0 2.8805045007012655
278.0 2.7592433126285867
279.0 2.820725351968728
280.0 2.625927827218763
281.0 3.047255218124066
282.0 2.9248473620865476
283.0 2.5021698252613764
284.0 3.152402432159597
285.0 2.4019634131575383
286.0 2.9199561466635218
287.0 2.895643493420348
288.0 2.5571873380055243
289.0 2.886825572361773
290.0 2.70511354977297
291.0 3.1389569058636746
292.0 2.6900308436372065
293.0 2.647264227211599
294.0 2.870324757465832
295.0 3.13453663063573
296.0 2.9456319968184834
297.0 3.092521403958424
298.0 2.9720537843974943
299.0 2.5875070952662043
300.0 2.8044236389796184
301.0 3.0242356357981692
