0.0 3.06419232789726
1.0 3.0461517179597615
2.0 2.9490642042231676
3.0 2.77262622422535
4.0 2.800782619921568
5.0 3.29225351023672
6.0 2.5909849623840446
7.0 2.727120520860202
8.0 2.9281633122298976
9.0 2.811761501641343
10.0 2.904376441997735
11.0 2.6499412005852188
12.0 3.185900217614344
13.0 2.710771623081095
14.0 2.6691629030113537
15.0 2.7776781323015225
16.0 3.134321100453731
17.0 2.9896274932548317
18.0 3.066245926566466
19.0 2.9986554119482283
20.0 2.8813255394579587
21.0 2.671424983102749
22.0 2.78074558798622
23.0 3.0345851769425916
24.0 2.8311615005904405
25.0 3.0652309271766116
26.0 2.920317984311206
27.0 2.8222276101088553
28.0 2.6984399217057407
29.0 3.0496060276823274
30.0 2.6820847734829374
31.0 3.029330289070039
32.0 2.8483480872301024
33.0 2.886182443178395
34.0 2.7767107540490468
35.0 2.6873479066490145
36.0 2.669091262097844
37.0 2.974758586327972
38.0 3.158985064219424
39.0 2.809336148382531
40.0 2.852875740842768
41.0 2.673657872758729
42.0 3.1047729483563122
43.0 2.8711778200203484
44.0 2.7511547599391055
45.0 2.8967648235567114
46.0 2.7798078696552135
47.0 2.6079004269809825
48.0 3.002664483145798
49.0 3.061959928414512
50.0 3.0080726818050643
51.0 2.656008527880872
52.0 2.809576430277183
53.0 2.6961903581723208
54.0 3.124127715219371
55.0 2.996578380900751
56.0 2.766477532040617
57.0 2.817335312597922
58.0 2.6066535835380815
59.0 2.960999495429367
60.0 2.8122839749896515
61.0 2.8662030414382644
62.0 2.7928349348942434
63.0 2.8212432627122817
64.0 3.1127906821072906
65.0 2.7178661878783323
66.0 2.756898188550868
67.0 2.8100212378820943
68.0 2.7488408045513335
69.0 3.2733730260416913
70.0 2.747392176211195
71.0 3.063333174157991
72.0 2.898107182406592
73.0 2.830613767165925
74.0 2.5059871696987366
75.0 2.737863734050789
76.0 3.005101354757365
77.0 2.617814418243368
78.0 2.88732781896684
79.0 2.811047385980388
80.0 2.8450266519779297
81.0 2.7952708919092477
82.0 2.739188544964117
83.0 2.9893286140888384
84.0 2.8256038136260293
85.0 2.5307573509267374
86.0 2.7745342413576948
87.0 2.5346539089966096
88.0 2.3511649743820335
89.0 2.54794148925612
90.0 2.9043414252658355
91.0 2.655947737090348
92.0 2.779820710666623
93.0 3.307525114964909
94.0 2.967632546031976
95.0 2.784565450740532
96.0 2.8854093283163174
97.0 2.991879710798873
98.0 2.740642065529058
99.0 2.7512258872972772
100.0 2.7880191999346664
101.0 2.890440128001323
102.0 2.6809467891339813
103.0 2.9065817992978737
104.0 2.677406859704405
105.0 2.5219527281653558
106.0 2.979448923546957
107.0 2.8999713539563774
108.0 3.0233109474249433
109.0 2.729458897732277
110.0 2.5355168956034357
111.0 2.922111993582303
112.0 2.7244306419836426
113.0 2.720107018656221
114.0 2.540514460589755
115.0 2.7573453377118735
116.0 2.687823099418396
117.0 2.8596129035834026
118.0 2.86357950743218
119.0 2.926030701169272
120.0 2.8621219814008487
121.0 3.122063802570859
122.0 2.71174104661718
123.0 2.8254387567101578
124.0 2.8828494437347083
125.0 2.884791796331638
126.0 3.1457717122717166
127.0 2.873249306812145
128.0 3.245450574334705
129.0 2.7507219766851922
130.0 2.765539806542671
131.0 2.665574193552507
132.0 3.0714317219817744
133.0 2.773842787140715
134.0 2.6411062332306634
135.0 2.9661372114435034
136.0 2.704877097996055
137.0 3.02266781339003
138.0 2.802983208289433
139.0 3.0500972094791727
140.0 2.7054067399168957
141.0 2.8034772657415585
142.0 3.069361052442267
143.0 3.3264980171817595
144.0 2.820601006224517
145.0 3.0148774377041776
146.0 2.76567298556367
147.0 2.9479441965313358
148.0 2.753829911411814
149.0 3.0429605772790134
150.0 2.743009938217006
151.0 2.9314156531242355
152.0 2.8146600659034364
153.0 2.5031706829080718
154.0 3.046712422659595
155.0 2.8214412768065413
156.0 2.775791753901792
157.0 2.5336355142440246
158.0 2.4781593100333055
159.0 3.087602293338167
160.0 2.5648541588629197
161.0 3.397752809352165
162.0 3.375468639551061
163.0 3.1510114688358506
164.0 2.976469228849334
165.0 2.968796670675916
166.0 2.7031246887743237
167.0 3.3045500417813574
168.0 2.8072402394163407
169.0 2.9943632516921332
170.0 2.8249959087622036
171.0 2.8099541996947965
172.0 3.0766567220305747
173.0 2.6683343763691894
174.0 3.0138270160440523
175.0 3.4915841113303383
176.0 2.704091941443285
177.0 2.567136359251926
178.0 2.87154363357829
179.0 2.6736150522525537
180.0 2.748810863535729
181.0 3.015013926810294
182.0 2.7676659605164264
183.0 3.0733263588261033
184.0 2.8312365489686124
185.0 2.9067224892944266
186.0 2.814648609644861
187.0 3.169429847065198
188.0 2.9750031317945433
189.0 2.8770796674518424
190.0 2.8714332091833494
191.0 2.842146250989539
192.0 2.688671854920898
193.0 2.696352286199171
194.0 2.6422158225624623
195.0 2.7621497931142254
196.0 2.85593293221916
197.0 3.494652494793225
198.0 3.1792157236434426
199.0 2.644918856605919
200.0 2.9646914235403665
201.0 2.8605935845628148
202.0 2.9478466051412493
203.0 2.581321542389986
204.0 2.3130228682360174
205.0 2.9237783756061275
206.0 2.7359677174458064
207.0 3.0717535647776737
208.0 2.821629279365253
209.0 2.746384487528431
210.0 2.7871217301740523
211.0 2.7571388153722283
212.0 2.6156770824615525
213.0 2.7213372550774495
214.0 3.015333029081328
215.0 2.7494226942317996
216.0 2.9410245133443826
217.0 2.8582379994513003
218.0 3.0269687667660725
219.0 3.1243566439769443
220.0 2.498781025194714
221.0 2.7118398671215482
222.0 3.059314563958774
223.0 2.904013138642073
224.0 2.563234677477369
225.0 2.776872712401395
226.0 2.6587237557173817
227.0 3.2721661063057215
228.0 3.2647889059673463
229.0 2.7015523621354998
230.0 2.7414117077785702
231.0 2.92413502787731
232.0 2.689373495002225
233.0 2.649070917173006
234.0 3.005864047553972
235.0 2.7446883365508454
236.0 2.952803269570931
237.0 2.817939804600243
238.0 2.7963037624646647
239.0 2.490827634769661
240.0 2.94432929630395
241.0 2.6426213119918693
242.0 2.730139855582475
243.0 2.6974834534444727
244.0 3.1162430746825533
245.0 2.8665568505094567
246.0 2.9745396019973875
247.0 2.524175343780091
248.0 2.927416679329202
249.0 2.9215946087012745
250.0 2.873741976916749
251.0 2.7166149619347273
252.0 3.01744152427971
253.0 2.5690861089412587
254.0 2.8282472336521454
255.0 2.8720317353270692
256.0 2.6981007076036994
257.0 2.4870305321260395
258.0 3.015763813539232
259.0 2.958010213477155
260.0 2.966767878389151
261.0 2.448216701636228
262.0 2.6390834076109777
263.0 2.9186306057693496
264.0 2.917078012321672
265.0 2.592039040629971
266.0 2.691072267262626
267.0 2.689347554415236
268.0 2.6979637326466976
269.0 2.593970197290767
270.0 3.264080238104645
271.0 2.6234081273332133
272.0 2.7857517313276823
273.0 2.738195418092543
274.0 2.9612254070065047
275.0 2.634980998776791
276.0 2.883258562902812
277.0 2.8265929267346053
278.0 2.67885236446419
279.0 2.346777605670966
280.0 2.6995595917562887
281.0 2.9138545475484894
282.0 2.416517683826288
283.0 2.9013868155955462
284.0 2.5845761384101857
285.0 2.6514031555987247
286.0 2.6211284245306063
287.0 2.5884971427756924
288.0 2.760857408923938
289.0 3.0724025366037284
290.0 3.028994758740855
291.0 2.6586134769824574
292.0 2.9348569945463057
293.0 2.7762391201741248
294.0 2.9050673871497326
295.0 2.759933533531478
296.0 2.840687875272669
297.0 3.007199476407731
298.0 3.027337857286094
299.0 2.732394866859662
300.0 2.906814654089252
301.0 2.856778922545678
