0.0 2.635553975919636
1.0 2.81722253095564
2.0 2.610177482436642
3.0 2.728623617177761
4.0 3.0400891540960715
5.0 2.53905681389845
6.0 2.9201270863613824
7.0 2.955587734017509
8.0 3.1407713548775607
9.0 2.69773032726793
10.0 2.7046116465664634
11.0 2.736112928267939
12.0 2.721219520283922
13.0 2.785802500036014
14.0 2.794324675983583
15.0 2.5643321978476563
16.0 3.2156650233685395
17.0 2.8624064709544736
18.0 2.461926342159131
19.0 2.741884745794139
20.0 2.8484946217791722
21.0 2.6174551506599792
22.0 2.7768917857684956
23.0 2.8558195748801514
24.0 2.788527124356818
25.0 3.0452152816769558
26.0 2.6076803107570803
27.0 2.8305118010602803
28.0 2.7525396059511626
29.0 2.608420075633454
30.0 2.9267998984780093
31.0 2.7024825877895693
32.0 2.748410923856107
33.0 2.783690181469011
34.0 2.8401125793890905
35.0 3.211380615017208
36.0 2.9197498928260956
37.0 2.792784249900634
38.0 2.7463480312295823
39.0 2.8807232868554213
40.0 3.0781042023045275
41.0 2.998203190322836
42.0 2.7097102906522723
43.0 2.9300322670057346
44.0 2.8875228643363684
45.0 3.024913561389347
46.0 2.9341472150134655
47.0 2.8261442049664054
48.0 2.9048892779566344
49.0 2.623998618002517
50.0 2.620650930610224
51.0 2.823091596192908
52.0 2.725696787938583
53.0 3.034268988319556
54.0 2.8374081194690026
55.0 3.070858996912912
56.0 2.696190617802974
57.0 2.995953529253084
58.0 2.9343585269900894
59.0 2.959144243772578
60.0 3.0568920655023484
61.0 2.9849730216078827
62.0 3.0748954986527828
63.0 3.0413045725287136
64.0 2.8876334673005464
65.0 2.693811821003179
66.0 2.859467888426094
67.0 2.6919758299707843
68.0 2.6157273275546715
69.0 2.9854812649528597
70.0 3.0943173374678574
71.0 2.8553552621044536
72.0 2.744266104834277
73.0 2.64062770312422
74.0 2.7816875597666106
75.0 2.8442153893408744
76.0 2.73088314290174
77.0 2.8603637945984355
78.0 2.986933200123321
79.0 2.676800115156255
80.0 2.693776663878661
81.0 2.704330355067678
82.0 2.71640546401657
83.0 2.69286828063281
84.0 2.880926031825725
85.0 2.6348718551281816
86.0 3.0774593280015337
87.0 2.6126034907650464
88.0 3.0600054149727547
89.0 2.773130734460083
90.0 2.7989335393673223
91.0 2.7134803228568596
92.0 2.9420700900790053
93.0 2.703964265242448
94.0 2.9878688253009833
95.0 2.853636688773397
96.0 2.9743031603559467
97.0 2.784303248422315
98.0 2.7136986050852436
99.0 2.907087982908139
100.0 2.8836754301882968
101.0 2.7370034516500423
102.0 2.3882954173051654
103.0 2.8089535695949857
104.0 3.2379034470695265
105.0 2.653099309882239
106.0 2.5171155493771997
107.0 2.559145558198578
108.0 2.681017427590082
109.0 2.873423051231088
110.0 3.0652811652773004
111.0 2.5706401892010233
112.0 2.8563079080802054
113.0 2.9006212168873513
114.0 3.1315461429573124
115.0 2.8806505639625635
116.0 2.78052798927174
117.0 2.8872782542770152
118.0 2.600171823663571
119.0 3.050665682354696
120.0 3.0631121273323805
121.0 2.86966270939471
122.0 3.1207114222484527
123.0 3.069580457801937
124.0 3.029577103045106
125.0 2.981167346050813
126.0 2.7382645691289347
127.0 2.653853524562677
128.0 2.910545833659335
129.0 2.918655225093809
130.0 2.6475542980492994
131.0 2.9423221289831223
132.0 2.666267766291792
133.0 2.7418979329240494
134.0 2.9578302050832073
135.0 2.6844933177711594
136.0 2.8329804504444898
137.0 2.948391547602021
138.0 2.73387793889141
139.0 2.650743828173885
140.0 3.1563297250646496
141.0 3.242169056578782
142.0 2.580201339554919
143.0 3.124978905883214
144.0 2.8280025603025347
145.0 2.277298379084437
146.0 2.85296980551766
147.0 2.953269854647522
148.0 3.284480205293508
149.0 2.771426555506688
150.0 2.936269650358329
151.0 2.838355350552172
152.0 2.772022639143885
153.0 3.006458156527454
154.0 2.826127044050986
155.0 2.742306572168208
156.0 2.920229081035812
157.0 2.590216353582821
158.0 2.6573259033307757
159.0 2.771954565259852
160.0 3.0951173961523977
161.0 2.668058284885541
162.0 3.031950301502882
163.0 2.84973780685635
164.0 3.044579578652571
165.0 2.7679254715197508
166.0 2.9521067043134006
167.0 2.5318162673083693
168.0 2.846145715208927
169.0 2.84772048383498
170.0 3.129985246979519
171.0 2.8366862339212773
172.0 2.8412919523469564
173.0 2.803410529154808
174.0 2.745479234947224
175.0 2.910682824209098
176.0 2.8489276028534354
177.0 2.832349222084169
178.0 2.9624723414990957
179.0 2.750625972328737
180.0 3.183966414682075
181.0 3.03988043544574
182.0 3.0194806861381407
183.0 2.8329843555107175
184.0 3.0818185537300566
185.0 2.744136233080959
186.0 2.9700479222768283
187.0 3.3413294567111507
188.0 2.8631662879829807
189.0 2.699094219529799
190.0 3.079155411265807
191.0 2.995903279992934
192.0 2.6539513437622264
193.0 3.2304921167018015
194.0 2.821193506962433
195.0 2.8442453716700586
196.0 2.718224991728631
197.0 2.851044386356214
198.0 2.4801592475516974
199.0 3.005025520980022
200.0 3.203187798422683
201.0 2.5823133771756424
202.0 2.8562639454616074
203.0 2.762298256874864
204.0 2.875129252356149
205.0 2.9359883452700646
206.0 2.8647095787800967
207.0 2.8699163135272068
208.0 2.5766038023447613
209.0 2.845163668024816
210.0 2.5206513685016594
211.0 2.934907071701045
212.0 2.390850378983623
213.0 2.431297895498309
214.0 2.7492910970871094
215.0 2.932534231330803
216.0 2.703701163602792
217.0 2.81355409990312
218.0 3.1231596543074627
219.0 3.008971214356324
220.0 3.169019692745835
221.0 2.256972283311538
222.0 2.7868362546354737
223.0 2.994910752879593
224.0 2.6135836442621914
225.0 2.938708588796436
226.0 3.113559592551435
227.0 2.8937898150332932
228.0 2.9332909102873
229.0 2.834615940410226
230.0 2.988511784778096
231.0 2.8597138784089706
232.0 2.7317786766593293
233.0 3.0543119732444355
234.0 2.902048561098382
235.0 2.5237979175463665
236.0 2.9400985829819186
237.0 2.633843141302247
238.0 2.980190710383872
239.0 2.601503421846557
240.0 3.0733245856935714
241.0 2.7011041080148557
242.0 3.059013263428068
243.0 3.206665544874704
244.0 2.945819136460627
245.0 3.1446904421529283
246.0 2.806891616546268
247.0 2.6939302576773776
248.0 3.1547169981143837
249.0 3.191429397390833
250.0 3.1632247551640527
251.0 2.8320574919748687
252.0 3.0354787120325906
253.0 3.072114562074603
254.0 3.3132417589504137
255.0 2.9045944353522404
256.0 2.7246553901041337
257.0 3.016442334588331
258.0 2.9569866237908293
259.0 2.8652263227341814
260.0 2.683468447870596
261.0 3.0019497170793263
262.0 3.022958663192396
263.0 2.5490520991991428
264.0 3.029220813164822
265.0 3.1813688781979157
266.0 2.788627723927177
267.0 2.584877291761773
268.0 2.80926276346164
269.0 2.795562917753815
270.0 2.604937299974295
271.0 2.5745878490999914
272.0 2.7782361233815047
273.0 3.1749562442935626
274.0 2.9218433802638675
275.0 2.7271039858139674
276.0 2.721801574854094
277.0 2.8112814923447678
278.0 2.539307774084822
279.0 2.6890070782154334
280.0 2.6374503962318108
281.0 2.567406832472696
282.0 2.4198471776014787
283.0 2.871834824173869
284.0 2.5770413985573377
285.0 3.0410327343789114
286.0 2.58379055713762
287.0 2.6589660239946498
288.0 2.8117818749531462
289.0 2.798054013817085
290.0 2.6947089193319727
291.0 2.765619668057454
292.0 2.6492785510389147
293.0 2.604413839453769
294.0 2.7040531734554327
295.0 2.80095053826448
296.0 2.78334311818815
297.0 2.7843212830437873
298.0 3.0458449091360893
299.0 3.1037699554131715
300.0 2.7858617519269195
301.0 2.5948446697599135
