0.0 2.65651292927749
1.0 2.441327854992894
2.0 2.751781185188802
3.0 2.9723137167103517
4.0 2.764156702335869
5.0 2.943687868337105
6.0 2.7351826896392186
7.0 3.3107061371683653
8.0 2.6383638947008445
9.0 2.6352373639007265
10.0 2.702302451959343
11.0 2.7290150393559514
12.0 2.7864918288165974
13.0 3.0039678235567084
14.0 2.8817004072135233
15.0 2.7024073629909813
16.0 2.833215825566561
17.0 2.822579137930484
18.0 2.8361452089713266
19.0 3.0157032756915756
20.0 2.7390597338216716
21.0 2.769145618190016
22.0 2.6294263825223196
23.0 3.174335324565445
24.0 3.2180983849821905
25.0 2.567843102359904
26.0 2.7020633396992566
27.0 2.4880613079080605
28.0 2.756193780040077
29.0 3.161971861179838
30.0 3.080483314305916
31.0 2.585879203921808
32.0 3.0532636407317706
33.0 2.9289190195610098
34.0 2.964371977995997
35.0 3.254510790024896
36.0 2.6614630980244334
37.0 2.902592497261506
38.0 2.7635991250846175
39.0 2.602718768795709
40.0 2.5870222245840138
41.0 3.0171643855969092
42.0 2.8800461190838926
43.0 2.886120135102721
44.0 2.867407638042889
45.0 3.079985064708322
46.0 2.7669263865294598
47.0 2.8944289583831555
48.0 3.101166973357821
49.0 3.441504997131433
50.0 2.845173407637708
51.0 2.7230940795922427
52.0 2.954175627590494
53.0 2.5910749739698775
54.0 2.863344467559793
55.0 2.665577201066625
56.0 3.0524472552245117
57.0 3.0115916117581922
58.0 2.8183189890927935
59.0 2.8216940185712804
60.0 2.8188021937027794
61.0 2.6753019892129437
62.0 3.043336229552911
63.0 2.9023531490802372
64.0 2.9594936294583625
65.0 3.09888356984663
66.0 2.981574796354579
67.0 2.678665860772541
68.0 2.8431972754589956
69.0 2.721082951618157
70.0 2.797729086529671
71.0 2.975085391894328
72.0 2.702455409679333
73.0 2.758760588089711
74.0 2.731143307921545
75.0 3.1680697856697257
76.0 2.9321926002279306
77.0 2.8806842365905188
78.0 2.6174370626524643
79.0 2.5635436242748972
80.0 3.297559476978247
81.0 2.6100390729446405
82.0 2.9144372286658045
83.0 2.909337771634901
84.0 2.7141902931293376
85.0 2.9454984615148807
86.0 2.762649160945679
87.0 2.9575834445682916
88.0 2.4919266047281257
89.0 2.4447678427973805
90.0 2.883657440742586
91.0 2.4362004234026897
92.0 2.893096605173091
93.0 2.8822915452542532
94.0 2.5417158181753203
95.0 2.8730872875196374
96.0 2.8789416160432055
97.0 2.550141190105968
98.0 3.022719810172714
99.0 2.780271911713398
100.0 2.9093698227574505
101.0 2.754156864594293
102.0 3.040625561644017
103.0 2.9575510764460105
104.0 2.315229457395929
105.0 2.9789455101265094
106.0 2.905855788418459
107.0 2.6841095523077088
108.0 2.772810842188595
109.0 2.6978084222666836
110.0 2.7863374570778228
111.0 3.234713391958375
112.0 3.0111123198513625
113.0 2.9535744437605724
114.0 2.808752060781037
115.0 2.710834092109731
116.0 2.6100161378500024
117.0 2.6718208359936644
118.0 2.748192841468845
119.0 3.0949779104643445
120.0 2.924579679771564
121.0 3.1497277185587658
122.0 3.177750285186421
123.0 2.8696028678874366
124.0 2.74042615350253
125.0 2.829747389899146
126.0 3.118520884956577
127.0 3.3622973704230676
128.0 2.828026229131127
129.0 2.9561524102266845
130.0 2.8645265724588054
131.0 2.7654453633945004
132.0 2.5621197786899956
133.0 2.892903865703946
134.0 2.6753119273311965
135.0 3.0243577380504414
136.0 2.963110017748258
137.0 2.7104462893448944
138.0 2.8980338178809086
139.0 2.609639359779829
140.0 3.110936813830904
141.0 3.0916937571848475
142.0 3.003905473241893
143.0 3.3852231872071314
144.0 2.9499869559767253
145.0 2.8335332860856686
146.0 3.027008030038537
147.0 2.642655139007244
148.0 2.958968393272281
149.0 2.705265473909555
150.0 2.934145447212395
151.0 2.8468627347289748
152.0 2.9100794223175788
153.0 2.6979192032512587
154.0 2.913849867630716
155.0 2.958585818121007
156.0 2.7573829678746646
157.0 2.5397561872325163
158.0 2.939013145910833
159.0 3.205138661480088
160.0 3.204228201192063
161.0 2.964632978307967
162.0 2.7849408653024996
163.0 2.718896963041765
164.0 2.866799805740457
165.0 2.9112612222080134
166.0 2.8546430373142413
167.0 2.6308538541832744
168.0 2.8094149287010177
169.0 2.8945348359220375
170.0 2.8339811902238212
171.0 2.9083690795656993
172.0 2.815555550000982
173.0 2.6688312983987816
174.0 2.751502667967688
175.0 2.858385386320004
176.0 2.6753034360779946
177.0 2.6966786737529116
178.0 2.617874973419542
179.0 2.6848761672685777
180.0 3.202741624481275
181.0 2.641904567776663
182.0 2.717325115215114
183.0 2.9621862946017607
184.0 2.8039551403545264
185.0 3.173106571411238
186.0 2.6482535754300485
187.0 3.047910280237266
188.0 2.4901278816051073
189.0 2.5885191475171045
190.0 2.6585222743855255
191.0 2.632380768009692
192.0 2.8850837273747727
193.0 2.9648791950953615
194.0 2.5330462873447814
195.0 2.746887833628554
196.0 2.8222589824584965
197.0 2.8468788508542096
198.0 2.703147919552819
199.0 2.6209083398381106
200.0 3.079179811390472
201.0 2.8041565067747083
202.0 2.6259171910441825
203.0 2.6098069229981804
204.0 2.640468053712445
205.0 2.79019022752081
206.0 3.0545611850215253
207.0 2.9433171189608287
208.0 3.145035323393077
209.0 2.7547394698232437
210.0 2.7155675900490626
211.0 2.577161350073582
212.0 2.7477821990029234
213.0 2.691114100567974
214.0 2.6301720475804
215.0 2.752366175513496
216.0 3.307695681497112
217.0 2.509915589880179
218.0 3.043594102974922
219.0 2.740769342869601
220.0 3.2206167392117453
221.0 2.760505462200244
222.0 3.2621448840981717
223.0 3.221745192296146
224.0 2.8836015652091493
225.0 3.012982500658601
226.0 2.89638917717399
227.0 2.965251294690617
228.0 2.7974522402387536
229.0 2.7792891041796604
230.0 2.8120419773642404
231.0 2.7781671873152187
232.0 3.1720702666389844
233.0 2.6991780707719597
234.0 2.758130337891082
235.0 2.6299027340947028
236.0 2.835254879423686
237.0 2.6959275094458337
238.0 2.921592450437045
239.0 2.689424001229513
240.0 2.8681296535674807
241.0 2.6347795191995185
242.0 2.6582477809022147
243.0 2.976765304710448
244.0 2.8724728008056126
245.0 2.7087913778080477
246.0 3.207447324924311
247.0 2.9526470630358306
248.0 2.753329038956282
249.0 3.123707682744189
250.0 2.857501124747654
251.0 2.544796450364894
252.0 2.717462124946598
253.0 2.4756539068800203
254.0 2.888758110211162
255.0 2.882050330865965
256.0 2.7630911954922492
257.0 2.9954837793427336
258.0 2.7644999626189772
259.0 2.6218054564024023
260.0 3.1662455788168136
261.0 3.1120116813293985
262.0 3.0659665912063785
263.0 3.0903775436341117
264.0 2.8201813302784773
265.0 3.3089786091147104
266.0 2.67147061398149
267.0 3.0838165723298023
268.0 2.828694290366748
269.0 2.922065861356542
270.0 2.478799119521148
271.0 2.7841710129583066
272.0 2.5530022832822006
273.0 2.72287878625059
274.0 2.830726518328533
275.0 2.6015669093758627
276.0 3.004279076018142
277.0 2.603089036635028
278.0 2.781006679638031
279.0 2.7077461607680977
280.0 2.721878709642793
281.0 2.6391959812442507
282.0 2.5734049126914824
283.0 2.743766159268059
284.0 2.7612182161047887
285.0 2.699295373459764
286.0 2.661687757047012
287.0 2.7054496586430115
288.0 2.4438777886330416
289.0 2.8660308302039605
290.0 3.2086710614162293
291.0 3.0985799991529923
292.0 3.155535076207648
293.0 2.6861155374817134
294.0 2.5822990853990024
295.0 2.9844483244073734
296.0 3.237892149204834
297.0 2.848367148106548
298.0 3.093778125683375
299.0 2.844286671755798
300.0 2.970905702068362
301.0 2.686580189305683
