0.0 2.8616221986867147
1.0 2.763023456113308
2.0 2.9247239198205306
3.0 2.7147767697151863
4.0 2.7862482587177886
5.0 2.422318668192979
6.0 2.6982208948126267
7.0 2.794594962097387
8.0 2.8401282544073734
9.0 2.8901398411272554
10.0 2.638593607460306
11.0 2.696030323735194
12.0 2.864044508075789
13.0 2.8575556837136022
14.0 2.778935235576481
15.0 2.82924623307035
16.0 2.6954177102811325
17.0 2.937753877037596
18.0 2.7345627366113594
19.0 2.7089184435048983
20.0 2.93711493630278
21.0 3.0901182115626415
22.0 2.5300803151980236
23.0 3.15677742756359
24.0 3.0174702672757774
25.0 2.89043748142901
26.0 3.039589578454507
27.0 3.1182917831547377
28.0 2.9940123793670357
29.0 3.0578499498079164
30.0 2.9563956233662507
31.0 2.70568558103805
32.0 2.9407803565468966
33.0 2.941409292155266
34.0 2.7165301421495887
35.0 2.8581931675099206
36.0 2.8338954816640998
37.0 2.8632571451106026
38.0 2.7932916178864375
39.0 3.2027711864081803
40.0 2.8447339251787165
41.0 2.7912742091016347
42.0 3.0504520719315735
43.0 2.7764832521696565
44.0 3.2003843145107904
45.0 2.737659805111122
46.0 3.0207137026593096
47.0 2.65743954101315
48.0 2.9883855753446595
49.0 2.6052866159266515
50.0 2.8827199272730137
51.0 2.791777687741359
52.0 2.920224069586515
53.0 3.0269406070981075
54.0 3.0799572656886536
55.0 3.1104977703043772
56.0 2.820697555376385
57.0 2.683702548741196
58.0 3.1772232989102864
59.0 2.897080619431137
60.0 2.926863642074617
61.0 2.7898343712310743
62.0 2.7861985760433337
63.0 2.664103113356913
64.0 2.686646329545092
65.0 2.641188047992522
66.0 2.8997648799531204
67.0 2.5431367521691977
68.0 2.57555730534467
69.0 2.7567698099909
70.0 2.844988704330816
71.0 2.6971438890052513
72.0 3.195897115667126
73.0 2.722041075287752
74.0 3.271021332322699
75.0 2.592963910639346
76.0 2.495501284541113
77.0 2.797020224362939
78.0 3.0330816718144598
79.0 2.685639265429892
80.0 2.768164783837134
81.0 2.720551629237301
82.0 2.8741301115098983
83.0 2.997534866815931
84.0 2.930821709509419
85.0 2.9950250042681064
86.0 2.9696487397253
87.0 2.481806867537002
88.0 2.7207803227477996
89.0 2.854194270228041
90.0 3.0540994062052245
91.0 2.811931053221979
92.0 2.722563890328276
93.0 2.641728886680327
94.0 2.6237691903737193
95.0 3.0632985359834146
96.0 3.0270659115159435
97.0 2.81657209744509
98.0 2.7542713491467046
99.0 2.461113551697098
100.0 2.6906140497365003
101.0 2.833833085825578
102.0 2.5169255537067436
103.0 2.7396999752410105
104.0 3.156133070603963
105.0 2.9852582117832775
106.0 2.7368865234573
107.0 2.6887129614236067
108.0 3.0266258651226527
109.0 2.989860527678663
110.0 2.6977405676081707
111.0 2.9697654976621295
112.0 3.1955371201057083
113.0 3.0190107892301064
114.0 2.637277395446663
115.0 2.4227859148318496
116.0 2.6912654425015443
117.0 2.6392192860605976
118.0 2.6441896479706335
119.0 2.776503347902143
120.0 2.869739320841844
121.0 2.8057421832631304
122.0 2.8160929381718627
123.0 2.640362860357589
124.0 2.834711722001793
125.0 2.792839398066667
126.0 2.529944111947407
127.0 3.0620148384513266
128.0 2.660254029623693
129.0 2.582072138379438
130.0 2.9815224675167418
131.0 3.0608684837958986
132.0 3.049051854110499
133.0 2.6804905840013804
134.0 2.6806758246572002
135.0 3.0859614036989433
136.0 2.6413550656662768
137.0 3.268584335609912
138.0 2.6183703141290957
139.0 2.9641124115767004
140.0 2.704963713986298
141.0 2.9630267606149876
142.0 2.9826980974654838
143.0 2.7649436814490262
144.0 3.1223931423811537
145.0 3.096686914931489
146.0 3.0361062638576315
147.0 2.8002190631271993
148.0 2.851055625114291
149.0 2.5414420491115957
150.0 2.9085879145086997
151.0 2.6743800386402774
152.0 2.7124592107096466
153.0 2.72098263615059
154.0 2.920639146178482
155.0 2.826502809972638
156.0 2.865759211514067
157.0 2.9435456863103986
158.0 2.9284660676095178
159.0 2.799608773916938
160.0 2.7214781836192556
161.0 2.6550555164203535
162.0 3.0303046867002505
163.0 2.548278524507817
164.0 2.988266022279999
165.0 3.077150320878827
166.0 2.8773185578177354
167.0 2.8870999324362177
168.0 2.7009356741377815
169.0 2.5191990717768067
170.0 2.7401531687085314
171.0 2.622785031460113
172.0 2.6937619112189792
173.0 3.179043969509175
174.0 2.9353307193836344
175.0 2.734534537877259
176.0 2.883434288037377
177.0 3.3550826349769047
178.0 3.101698646457279
179.0 2.7825979106702947
180.0 2.638905286841754
181.0 2.5208671588640934
182.0 2.867890913618577
183.0 3.2328189730542225
184.0 2.811065208814272
185.0 2.8331572074497715
186.0 2.77350075904897
187.0 2.9003059342118394
188.0 3.0597045414698085
189.0 2.781044037076803
190.0 2.8224434967774927
191.0 3.1289457507785516
192.0 3.0992868786618506
193.0 3.072929817348221
194.0 2.805691985197094
195.0 2.916339350509931
196.0 2.5175662167618906
197.0 2.708064305228079
198.0 3.1811282917524455
199.0 3.020333843821466
200.0 3.013233741983039
201.0 2.8624807736066127
202.0 2.7396360574187533
203.0 2.523775580721695
204.0 2.886433910126299
205.0 2.9863488237334677
206.0 2.5756966927263374
207.0 2.826380946281666
208.0 2.8115862726311827
209.0 2.893101895512976
210.0 2.5984170422922004
211.0 2.7575811186315144
212.0 2.899133344420524
213.0 2.5938452248598454
214.0 2.7118705223815316
215.0 2.835252047594806
216.0 2.840888325540989
217.0 3.078064777745637
218.0 2.9311285376175746
219.0 3.1614528999999845
220.0 2.903320462805205
221.0 2.808270274289173
222.0 2.865068916136825
223.0 3.027367195541081
224.0 3.0923188064790765
225.0 2.928437666328429
226.0 3.1096858020218274
227.0 2.731152401033514
228.0 2.9172503392672886
229.0 2.5608160701624474
230.0 2.932688591342588
231.0 2.914685327518946
232.0 2.8226987632095906
233.0 2.7361374912350973
234.0 2.953672826167188
235.0 3.3304218338603913
236.0 3.1376827257987556
237.0 2.806853574429998
238.0 2.8878355155759206
239.0 2.5941228322349357
240.0 3.1181502178260723
241.0 3.0887433316098387
242.0 2.705352621418948
243.0 2.8490955227593564
244.0 2.681188320248084
245.0 2.591421213461153
246.0 2.65009338693079
247.0 2.597918910702345
248.0 2.558984618819192
249.0 2.794023115544116
250.0 2.7629187812726865
251.0 2.9139195929344477
252.0 2.7600748821261676
253.0 3.0662358770446967
254.0 2.578751241418064
255.0 2.6602472738554668
256.0 3.347300440372856
257.0 2.8834040569797565
258.0 2.507846290515455
259.0 2.5419917049780016
260.0 2.614489508862112
261.0 2.5548835860179437
262.0 2.584435068153244
263.0 2.753541997891258
264.0 2.7756575797016683
265.0 2.7249627275513095
266.0 2.6061952635603878
267.0 2.9894734755130896
268.0 2.661831605378873
269.0 2.7123772240125454
270.0 2.7407884690616267
271.0 2.8897511247813075
272.0 2.709039227531472
273.0 2.862663175966675
274.0 2.79815816263619
275.0 2.8777444958628786
276.0 2.8189911271350168
277.0 2.7374917059343553
278.0 2.7225094160768823
279.0 2.8925614416687466
280.0 2.41170550019413
281.0 2.8228333493384903
282.0 2.945477408666793
283.0 2.8667557431651782
284.0 2.815966114508229
285.0 2.708671936529229
286.0 2.924985443059185
287.0 2.8140402261706763
288.0 3.1334138311592405
289.0 2.710832504805037
290.0 3.0978224157116734
291.0 2.584325195742049
292.0 3.430981765715928
293.0 2.8625010804170508
294.0 2.8627542706988205
295.0 2.3462156681734245
296.0 2.9957909401601546
297.0 3.0986243757499854
298.0 2.90454613747188
299.0 2.9068550767932955
300.0 2.9169170054624143
301.0 3.0418013226975376
